<?xml version="1.0" encoding="UTF-8"?>
<!-- Generated by org.testng.reporters.JUnitXMLReporter -->
<testsuite ignored="25" hostname="LAPTOP-VHMVGMUT" failures="1" tests="1" name="Default test" time="26.847" errors="0" timestamp="2026-04-17T23:18:46 IST">
  <testcase classname="tests.Register" name="verifynavigatingtotheotherpagesusingoptionslinks" time="19.973">
    <failure type="org.openqa.selenium.NoSuchElementException" message="no such element: Unable to locate element: {&amp;quot;method&amp;quot;:&amp;quot;xpath&amp;quot;,&amp;quot;selector&amp;quot;:&amp;quot;//footer//a[text()=&amp;apos;Wish List0&amp;apos;]&amp;quot;}
  (Session info: chrome=147.0.7727.56)
For documentation on this error, please visit: https://www.selenium.dev/documentation/webdriver/troubleshooting/errors#no-such-element-exception
Build info: version: &amp;apos;4.15.0&amp;apos;, revision: &amp;apos;1d14b5521b&amp;apos;
System info: os.name: &amp;apos;Windows 11&amp;apos;, os.arch: &amp;apos;amd64&amp;apos;, os.version: &amp;apos;10.0&amp;apos;, java.version: &amp;apos;17.0.5&amp;apos;
Driver info: org.openqa.selenium.chrome.ChromeDriver
Command: [a82eecf4e667359f3438f408b6cbca57, findElement {using=xpath, value=//footer//a[text()=&amp;apos;Wish List0&amp;apos;]}]
Capabilities {acceptInsecureCerts: false, browserName: chrome, browserVersion: 147.0.7727.56, chrome: {chromedriverVersion: 147.0.7727.57 (b4f28b5637d0..., userDataDir: C:\Users\Tanveer\AppData\Lo...}, fedcm:accounts: true, goog:chromeOptions: {debuggerAddress: localhost:63829}, goog:processID: 13636, networkConnectionEnabled: false, pageLoadStrategy: normal, platformName: windows, proxy: Proxy(), se:cdp: ws://localhost:63829/devtoo..., se:cdpVersion: 147.0.7727.56, setWindowRect: true, strictFileInteractability: false, timeouts: {implicit: 0, pageLoad: 300000, script: 30000}, unhandledPromptBehavior: dismiss and notify, webauthn:extension:credBlob: true, webauthn:extension:largeBlob: true, webauthn:extension:minPinLength: true, webauthn:extension:prf: true, webauthn:virtualAuthenticators: true}
Session ID: a82eecf4e667359f3438f408b6cbca57">
      <![CDATA[org.openqa.selenium.NoSuchElementException: no such element: Unable to locate element: {"method":"xpath","selector":"//footer//a[text()='Wish List0']"}
  (Session info: chrome=147.0.7727.56)
For documentation on this error, please visit: https://www.selenium.dev/documentation/webdriver/troubleshooting/errors#no-such-element-exception
Build info: version: '4.15.0', revision: '1d14b5521b'
System info: os.name: 'Windows 11', os.arch: 'amd64', os.version: '10.0', java.version: '17.0.5'
Driver info: org.openqa.selenium.chrome.ChromeDriver
Command: [a82eecf4e667359f3438f408b6cbca57, findElement {using=xpath, value=//footer//a[text()='Wish List0']}]
Capabilities {acceptInsecureCerts: false, browserName: chrome, browserVersion: 147.0.7727.56, chrome: {chromedriverVersion: 147.0.7727.57 (b4f28b5637d0..., userDataDir: C:\Users\Tanveer\AppData\Lo...}, fedcm:accounts: true, goog:chromeOptions: {debuggerAddress: localhost:63829}, goog:processID: 13636, networkConnectionEnabled: false, pageLoadStrategy: normal, platformName: windows, proxy: Proxy(), se:cdp: ws://localhost:63829/devtoo..., se:cdpVersion: 147.0.7727.56, setWindowRect: true, strictFileInteractability: false, timeouts: {implicit: 0, pageLoad: 300000, script: 30000}, unhandledPromptBehavior: dismiss and notify, webauthn:extension:credBlob: true, webauthn:extension:largeBlob: true, webauthn:extension:minPinLength: true, webauthn:extension:prf: true, webauthn:virtualAuthenticators: true}
Session ID: a82eecf4e667359f3438f408b6cbca57
at java.base/jdk.internal.reflect.NativeConstructorAccessorImpl.newInstance0(Native Method)
at java.base/jdk.internal.reflect.NativeConstructorAccessorImpl.newInstance(NativeConstructorAccessorImpl.java:77)
at java.base/jdk.internal.reflect.DelegatingConstructorAccessorImpl.newInstance(DelegatingConstructorAccessorImpl.java:45)
at java.base/java.lang.reflect.Constructor.newInstanceWithCaller(Constructor.java:499)
at java.base/java.lang.reflect.Constructor.newInstance(Constructor.java:480)
at org.openqa.selenium.remote.codec.w3c.W3CHttpResponseCodec.createException(W3CHttpResponseCodec.java:200)
at org.openqa.selenium.remote.codec.w3c.W3CHttpResponseCodec.decode(W3CHttpResponseCodec.java:133)
at org.openqa.selenium.remote.codec.w3c.W3CHttpResponseCodec.decode(W3CHttpResponseCodec.java:52)
at org.openqa.selenium.remote.HttpCommandExecutor.execute(HttpCommandExecutor.java:191)
at org.openqa.selenium.remote.service.DriverCommandExecutor.invokeExecute(DriverCommandExecutor.java:200)
at org.openqa.selenium.remote.service.DriverCommandExecutor.execute(DriverCommandExecutor.java:175)
at org.openqa.selenium.remote.RemoteWebDriver.execute(RemoteWebDriver.java:607)
at org.openqa.selenium.remote.ElementLocation$ElementFinder$2.findElement(ElementLocation.java:165)
at org.openqa.selenium.remote.ElementLocation.findElement(ElementLocation.java:59)
at org.openqa.selenium.remote.RemoteWebDriver.findElement(RemoteWebDriver.java:364)
at org.openqa.selenium.remote.RemoteWebDriver.findElement(RemoteWebDriver.java:358)
at org.openqa.selenium.support.pagefactory.DefaultElementLocator.findElement(DefaultElementLocator.java:68)
at org.openqa.selenium.support.pagefactory.internal.LocatingElementHandler.invoke(LocatingElementHandler.java:38)
at jdk.proxy2/jdk.proxy2.$Proxy13.click(Unknown Source)
at pages.FooterOptions.SelectWishListPage(FooterOptions.java:73)
at tests.Register.verifynavigatingtotheotherpagesusingoptionslinks(Register.java:1011)
at java.base/jdk.internal.reflect.NativeMethodAccessorImpl.invoke0(Native Method)
at java.base/jdk.internal.reflect.NativeMethodAccessorImpl.invoke(NativeMethodAccessorImpl.java:77)
at java.base/jdk.internal.reflect.DelegatingMethodAccessorImpl.invoke(DelegatingMethodAccessorImpl.java:43)
at java.base/java.lang.reflect.Method.invoke(Method.java:568)
at org.testng.internal.invokers.MethodInvocationHelper.invokeMethod(MethodInvocationHelper.java:139)
at org.testng.internal.invokers.TestInvoker.invokeMethod(TestInvoker.java:664)
at org.testng.internal.invokers.TestInvoker.invokeTestMethod(TestInvoker.java:227)
at org.testng.internal.invokers.MethodRunner.runInSequence(MethodRunner.java:50)
at org.testng.internal.invokers.TestInvoker$MethodInvocationAgent.invoke(TestInvoker.java:957)
at org.testng.internal.invokers.TestInvoker.invokeTestMethods(TestInvoker.java:200)
at org.testng.internal.invokers.TestMethodWorker.invokeTestMethods(TestMethodWorker.java:148)
at org.testng.internal.invokers.TestMethodWorker.run(TestMethodWorker.java:128)
at java.base/java.util.ArrayList.forEach(ArrayList.java:1511)
at org.testng.TestRunner.privateRun(TestRunner.java:848)
at org.testng.TestRunner.run(TestRunner.java:621)
at org.testng.SuiteRunner.runTest(SuiteRunner.java:443)
at org.testng.SuiteRunner.runSequentially(SuiteRunner.java:437)
at org.testng.SuiteRunner.privateRun(SuiteRunner.java:397)
at org.testng.SuiteRunner.run(SuiteRunner.java:336)
at org.testng.SuiteRunnerWorker.runSuite(SuiteRunnerWorker.java:52)
at org.testng.SuiteRunnerWorker.run(SuiteRunnerWorker.java:95)
at org.testng.TestNG.runSuitesSequentially(TestNG.java:1280)
at org.testng.TestNG.runSuitesLocally(TestNG.java:1200)
at org.testng.TestNG.runSuites(TestNG.java:1114)
at org.testng.TestNG.run(TestNG.java:1082)
at org.testng.remote.AbstractRemoteTestNG.run(AbstractRemoteTestNG.java:115)
at org.testng.remote.RemoteTestNG.initAndRun(RemoteTestNG.java:251)
at org.testng.remote.RemoteTestNG.main(RemoteTestNG.java:77)
]]>
    </failure>
  </testcase> <!-- verifynavigatingtotheotherpagesusingoptionslinks -->
  <testcase classname="tests.Register" name="VerifyRegisteringanAccountbyprovidinganinvalidphonenumber" time="0.0">
    <ignored/>
  </testcase> <!-- VerifyRegisteringanAccountbyprovidinganinvalidphonenumber -->
  <testcase classname="tests.Register" name="verifyRegsiterPageWhenYesNewstellerIsSelected" time="0.0">
    <ignored/>
  </testcase> <!-- verifyRegsiterPageWhenYesNewstellerIsSelected -->
  <testcase classname="tests.Register" name="VerifyThankyouforconfirmationEmailonSuccesfullRegistration" time="0.0">
    <ignored/>
  </testcase> <!-- VerifyThankyouforconfirmationEmailonSuccesfullRegistration -->
  <testcase classname="tests.Register" name="VerifyRegisteringtheAccountwithoutselectingthePrivacyPolicycheckboxoption" time="0.0">
    <ignored/>
  </testcase> <!-- VerifyRegisteringtheAccountwithoutselectingthePrivacyPolicycheckboxoption -->
  <testcase classname="tests.Register" name="VerifyRegisteringanAccountbyenteringdifferentpasswordsintoPasswordandPasswordConfirmfields" time="0.0">
    <ignored/>
  </testcase> <!-- VerifyRegisteringanAccountbyenteringdifferentpasswordsintoPasswordandPasswordConfirmfields -->
  <testcase classname="tests.Register" name="VerifyRegisterAccountfunctionalityinallthesupportedenvironments" time="0.0">
    <ignored/>
  </testcase> <!-- VerifyRegisterAccountfunctionalityinallthesupportedenvironments -->
  <testcase classname="tests.Register" name="VerifyRegisteringanAccountbyusingtheKeyboardkeys" time="0.0">
    <ignored/>
  </testcase> <!-- VerifyRegisteringanAccountbyusingtheKeyboardkeys -->
  <testcase classname="tests.Register" name="VerifywhethertheMandatoryfieldsintheRegisterAccountpagearenotacceptingonlyspaces" time="0.0">
    <ignored/>
  </testcase> <!-- VerifywhethertheMandatoryfieldsintheRegisterAccountpagearenotacceptingonlyspaces -->
  <testcase classname="tests.Register" name="VerifyRegisteringanAccountbyprovidingallthefields" time="0.0">
    <ignored/>
  </testcase> <!-- VerifyRegisteringanAccountbyprovidingallthefields -->
  <testcase classname="tests.Register" name="VerifyTheDetailsThatAreProvidedWhileRegisteringAnAccountAreStoredInTheDatabase" time="0.0">
    <ignored/>
  </testcase> <!-- VerifyTheDetailsThatAreProvidedWhileRegisteringAnAccountAreStoredInTheDatabase -->
  <testcase classname="tests.Register" name="VerifytheBreadcrumbPageHeadingPageURLPageTitleofRegisterAccountPage" time="0.0">
    <ignored/>
  </testcase> <!-- VerifytheBreadcrumbPageHeadingPageURLPageTitleofRegisterAccountPage -->
  <testcase classname="tests.Register" name="VerifyallthefieldsintheRegisterAccountpagehavetheproperplaceholders" time="0.0">
    <ignored/>
  </testcase> <!-- VerifyallthefieldsintheRegisterAccountpagehavetheproperplaceholders -->
  <testcase classname="tests.Register" name="VerifyallthemandatoryfieldsintheRegisterAccountpagearemarkedwithredcolorastricksymbol" time="0.0">
    <ignored/>
  </testcase> <!-- VerifyallthemandatoryfieldsintheRegisterAccountpagearemarkedwithredcolorastricksymbol -->
  <testcase classname="tests.Register" name="verifypasswordandpasswordconfirmtoggleishiddenstate" time="0.0">
    <ignored/>
  </testcase> <!-- verifypasswordandpasswordconfirmtoggleishiddenstate -->
  <testcase classname="tests.Register" name="VerifyRegisterAccountByLeadingAndTralingSpaces" time="0.0">
    <ignored/>
  </testcase> <!-- VerifyRegisterAccountByLeadingAndTralingSpaces -->
  <testcase classname="tests.Register" name="verifyUIofRegisterAccountPage" time="0.0">
    <ignored/>
  </testcase> <!-- verifyUIofRegisterAccountPage -->
  <testcase classname="tests.Register" name="VerifydifferentwaysofnavigatingtoRegisterAccountpage" time="0.0">
    <ignored/>
  </testcase> <!-- VerifydifferentwaysofnavigatingtoRegisterAccountpage -->
  <testcase classname="tests.Register" name="verifyRegisteringWithMandatoryFields" time="0.0">
    <ignored/>
  </testcase> <!-- verifyRegisteringWithMandatoryFields -->
  <testcase classname="tests.Register" name="verifywarningMessagesOfMandatoryFieldsInRegisterAccountPage" time="0.0">
    <ignored/>
  </testcase> <!-- verifywarningMessagesOfMandatoryFieldsInRegisterAccountPage -->
  <testcase classname="tests.Register" name="verifywhenuserwillnotpasswordconfirm" time="0.0">
    <ignored/>
  </testcase> <!-- verifywhenuserwillnotpasswordconfirm -->
  <testcase classname="tests.Register" name="VerifywhetherthePrivacyPolicycheckboxoptionisnotselectedbydefault" time="0.0">
    <ignored/>
  </testcase> <!-- VerifywhetherthePrivacyPolicycheckboxoptionisnotselectedbydefault -->
  <testcase classname="tests.Register" name="VerifyRegisteringanAccountByProvidinganinvalidEmailAddressintotheEMailField" time="0.0">
    <ignored/>
  </testcase> <!-- VerifyRegisteringanAccountByProvidinganinvalidEmailAddressintotheEMailField -->
  <testcase classname="tests.Register" name="VerifyRegisteringanAccountbyprovidingtheexistingaccountdetails" time="0.0">
    <ignored/>
  </testcase> <!-- VerifyRegisteringanAccountbyprovidingtheexistingaccountdetails -->
  <testcase classname="tests.Register" name="verifyRegsiterPageWhenNoNewstellerIsSelected" time="0.0">
    <ignored/>
  </testcase> <!-- verifyRegsiterPageWhenNoNewstellerIsSelected -->
  <testcase classname="tests.Register" name="VerifywhetherthePasswordfieldsintheRegisterAccountpagearefollowingPasswordComplexityStandards" time="0.0">
    <ignored/>
  </testcase> <!-- VerifywhetherthePasswordfieldsintheRegisterAccountpagearefollowingPasswordComplexityStandards -->
</testsuite> <!-- Default test -->
