<?xml version="1.0" encoding="UTF-8"?>
<testng-results ignored="0" total="79" passed="60" failed="19" skipped="0">
  <reporter-output>
  </reporter-output>
  <suite started-at="2026-05-23T11:19:01 IST" name="Suite" finished-at="2026-05-23T11:26:55 IST" duration-ms="474467">
    <groups>
    </groups>
    <test started-at="2026-05-23T11:19:01 IST" name="Test" finished-at="2026-05-23T11:26:55 IST" duration-ms="474467">
      <class name="tests.LoginTest">
        <test-method is-config="true" signature="setup()[pri:0, instance:tests.LoginTest@4facf68f]" started-at="2026-05-23T11:22:16 IST" name="setup" finished-at="2026-05-23T11:22:18 IST" duration-ms="2437" status="PASS">
          <reporter-output>
          </reporter-output>
        </test-method> <!-- setup -->
        <test-method signature="VerifyLoggingIntoApplicationUsingValidCredentials()[pri:1, instance:tests.LoginTest@4facf68f]" started-at="2026-05-23T11:22:18 IST" name="VerifyLoggingIntoApplicationUsingValidCredentials" finished-at="2026-05-23T11:22:24 IST" duration-ms="5753" status="PASS">
          <reporter-output>
          </reporter-output>
        </test-method> <!-- VerifyLoggingIntoApplicationUsingValidCredentials -->
        <test-method is-config="true" signature="teardown()[pri:0, instance:tests.LoginTest@4facf68f]" started-at="2026-05-23T11:22:24 IST" name="teardown" finished-at="2026-05-23T11:22:24 IST" duration-ms="263" status="PASS">
          <reporter-output>
          </reporter-output>
        </test-method> <!-- teardown -->
        <test-method is-config="true" signature="setup()[pri:0, instance:tests.LoginTest@4facf68f]" started-at="2026-05-23T11:22:24 IST" name="setup" finished-at="2026-05-23T11:22:27 IST" duration-ms="2621" status="PASS">
          <reporter-output>
          </reporter-output>
        </test-method> <!-- setup -->
        <test-method signature="VerifyloggingintotheApplicationusinginvalidcredential()[pri:2, instance:tests.LoginTest@4facf68f]" started-at="2026-05-23T11:22:27 IST" name="VerifyloggingintotheApplicationusinginvalidcredential" finished-at="2026-05-23T11:22:29 IST" duration-ms="1655" status="PASS">
          <reporter-output>
          </reporter-output>
        </test-method> <!-- VerifyloggingintotheApplicationusinginvalidcredential -->
        <test-method is-config="true" signature="teardown()[pri:0, instance:tests.LoginTest@4facf68f]" started-at="2026-05-23T11:22:29 IST" name="teardown" finished-at="2026-05-23T11:22:29 IST" duration-ms="237" status="PASS">
          <reporter-output>
          </reporter-output>
        </test-method> <!-- teardown -->
        <test-method is-config="true" signature="setup()[pri:0, instance:tests.LoginTest@4facf68f]" started-at="2026-05-23T11:22:29 IST" name="setup" finished-at="2026-05-23T11:22:31 IST" duration-ms="2363" status="PASS">
          <reporter-output>
          </reporter-output>
        </test-method> <!-- setup -->
        <test-method signature="VerifyloggingintotheApplicationusinginvalidemailaddressandvalidPassword()[pri:3, instance:tests.LoginTest@4facf68f]" started-at="2026-05-23T11:22:31 IST" name="VerifyloggingintotheApplicationusinginvalidemailaddressandvalidPassword" finished-at="2026-05-23T11:22:33 IST" duration-ms="1365" status="PASS">
          <reporter-output>
          </reporter-output>
        </test-method> <!-- VerifyloggingintotheApplicationusinginvalidemailaddressandvalidPassword -->
        <test-method is-config="true" signature="teardown()[pri:0, instance:tests.LoginTest@4facf68f]" started-at="2026-05-23T11:22:33 IST" name="teardown" finished-at="2026-05-23T11:22:33 IST" duration-ms="275" status="PASS">
          <reporter-output>
          </reporter-output>
        </test-method> <!-- teardown -->
        <test-method is-config="true" signature="setup()[pri:0, instance:tests.LoginTest@4facf68f]" started-at="2026-05-23T11:22:33 IST" name="setup" finished-at="2026-05-23T11:22:35 IST" duration-ms="2326" status="PASS">
          <reporter-output>
          </reporter-output>
        </test-method> <!-- setup -->
        <test-method signature="VerifyloggingintotheApplicationusingvalidemailaddressandinvalidPassword()[pri:4, instance:tests.LoginTest@4facf68f]" started-at="2026-05-23T11:22:35 IST" name="VerifyloggingintotheApplicationusingvalidemailaddressandinvalidPassword" finished-at="2026-05-23T11:22:37 IST" duration-ms="1286" status="PASS">
          <reporter-output>
          </reporter-output>
        </test-method> <!-- VerifyloggingintotheApplicationusingvalidemailaddressandinvalidPassword -->
        <test-method is-config="true" signature="teardown()[pri:0, instance:tests.LoginTest@4facf68f]" started-at="2026-05-23T11:22:37 IST" name="teardown" finished-at="2026-05-23T11:22:37 IST" duration-ms="222" status="PASS">
          <reporter-output>
          </reporter-output>
        </test-method> <!-- teardown -->
        <test-method is-config="true" signature="setup()[pri:0, instance:tests.LoginTest@4facf68f]" started-at="2026-05-23T11:22:37 IST" name="setup" finished-at="2026-05-23T11:22:39 IST" duration-ms="2335" status="PASS">
          <reporter-output>
          </reporter-output>
        </test-method> <!-- setup -->
        <test-method signature="VerifyloggingintotheApplicationwithoutprovidinganycredentials()[pri:5, instance:tests.LoginTest@4facf68f]" started-at="2026-05-23T11:22:39 IST" name="VerifyloggingintotheApplicationwithoutprovidinganycredentials" finished-at="2026-05-23T11:22:40 IST" duration-ms="1063" status="PASS">
          <reporter-output>
          </reporter-output>
        </test-method> <!-- VerifyloggingintotheApplicationwithoutprovidinganycredentials -->
        <test-method is-config="true" signature="teardown()[pri:0, instance:tests.LoginTest@4facf68f]" started-at="2026-05-23T11:22:40 IST" name="teardown" finished-at="2026-05-23T11:22:40 IST" duration-ms="247" status="PASS">
          <reporter-output>
          </reporter-output>
        </test-method> <!-- teardown -->
        <test-method is-config="true" signature="setup()[pri:0, instance:tests.LoginTest@4facf68f]" started-at="2026-05-23T11:22:40 IST" name="setup" finished-at="2026-05-23T11:22:43 IST" duration-ms="2732" status="PASS">
          <reporter-output>
          </reporter-output>
        </test-method> <!-- setup -->
        <test-method signature="VerifyForgottenPasswordlinkisavailableintheLoginpageandisworking()[pri:6, instance:tests.LoginTest@4facf68f]" started-at="2026-05-23T11:22:43 IST" name="VerifyForgottenPasswordlinkisavailableintheLoginpageandisworking" finished-at="2026-05-23T11:22:43 IST" duration-ms="307" status="PASS">
          <reporter-output>
          </reporter-output>
        </test-method> <!-- VerifyForgottenPasswordlinkisavailableintheLoginpageandisworking -->
        <test-method is-config="true" signature="teardown()[pri:0, instance:tests.LoginTest@4facf68f]" started-at="2026-05-23T11:22:43 IST" name="teardown" finished-at="2026-05-23T11:22:44 IST" duration-ms="194" status="PASS">
          <reporter-output>
          </reporter-output>
        </test-method> <!-- teardown -->
        <test-method is-config="true" signature="setup()[pri:0, instance:tests.LoginTest@4facf68f]" started-at="2026-05-23T11:22:44 IST" name="setup" finished-at="2026-05-23T11:22:46 IST" duration-ms="2390" status="PASS">
          <reporter-output>
          </reporter-output>
        </test-method> <!-- setup -->
        <test-method signature="VerifyloggingintotheApplicationusingkeyboardkeys()[pri:7, instance:tests.LoginTest@4facf68f]" started-at="2026-05-23T11:22:46 IST" name="VerifyloggingintotheApplicationusingkeyboardkeys" finished-at="2026-05-23T11:22:51 IST" duration-ms="5105" status="PASS">
          <reporter-output>
          </reporter-output>
        </test-method> <!-- VerifyloggingintotheApplicationusingkeyboardkeys -->
        <test-method is-config="true" signature="teardown()[pri:0, instance:tests.LoginTest@4facf68f]" started-at="2026-05-23T11:22:51 IST" name="teardown" finished-at="2026-05-23T11:22:51 IST" duration-ms="238" status="PASS">
          <reporter-output>
          </reporter-output>
        </test-method> <!-- teardown -->
        <test-method is-config="true" signature="setup()[pri:0, instance:tests.LoginTest@4facf68f]" started-at="2026-05-23T11:22:51 IST" name="setup" finished-at="2026-05-23T11:22:54 IST" duration-ms="2641" status="PASS">
          <reporter-output>
          </reporter-output>
        </test-method> <!-- setup -->
        <test-method signature="VerifyEMailAddressandPasswordtextfieldsintheLoginpagehavetheplaceholdertext()[pri:8, instance:tests.LoginTest@4facf68f]" started-at="2026-05-23T11:22:54 IST" name="VerifyEMailAddressandPasswordtextfieldsintheLoginpagehavetheplaceholdertext" finished-at="2026-05-23T11:22:54 IST" duration-ms="27" status="PASS">
          <reporter-output>
          </reporter-output>
        </test-method> <!-- VerifyEMailAddressandPasswordtextfieldsintheLoginpagehavetheplaceholdertext -->
        <test-method is-config="true" signature="teardown()[pri:0, instance:tests.LoginTest@4facf68f]" started-at="2026-05-23T11:22:54 IST" name="teardown" finished-at="2026-05-23T11:22:54 IST" duration-ms="242" status="PASS">
          <reporter-output>
          </reporter-output>
        </test-method> <!-- teardown -->
        <test-method is-config="true" signature="setup()[pri:0, instance:tests.LoginTest@4facf68f]" started-at="2026-05-23T11:22:54 IST" name="setup" finished-at="2026-05-23T11:22:57 IST" duration-ms="2472" status="PASS">
          <reporter-output>
          </reporter-output>
        </test-method> <!-- setup -->
        <test-method signature="VerifyBrowsingBackAfterLogin()[pri:9, instance:tests.LoginTest@4facf68f]" started-at="2026-05-23T11:22:57 IST" name="VerifyBrowsingBackAfterLogin" finished-at="2026-05-23T11:23:02 IST" duration-ms="5517" status="PASS">
          <reporter-output>
          </reporter-output>
        </test-method> <!-- VerifyBrowsingBackAfterLogin -->
        <test-method is-config="true" signature="teardown()[pri:0, instance:tests.LoginTest@4facf68f]" started-at="2026-05-23T11:23:02 IST" name="teardown" finished-at="2026-05-23T11:23:03 IST" duration-ms="289" status="PASS">
          <reporter-output>
          </reporter-output>
        </test-method> <!-- teardown -->
        <test-method is-config="true" signature="setup()[pri:0, instance:tests.LoginTest@4facf68f]" started-at="2026-05-23T11:23:03 IST" name="setup" finished-at="2026-05-23T11:23:05 IST" duration-ms="2435" status="PASS">
          <reporter-output>
          </reporter-output>
        </test-method> <!-- setup -->
        <test-method signature="VerifyBrowsingBackAfterLogout()[pri:10, instance:tests.LoginTest@4facf68f]" started-at="2026-05-23T11:23:05 IST" name="VerifyBrowsingBackAfterLogout" finished-at="2026-05-23T11:23:10 IST" duration-ms="5385" status="PASS">
          <reporter-output>
          </reporter-output>
        </test-method> <!-- VerifyBrowsingBackAfterLogout -->
        <test-method is-config="true" signature="teardown()[pri:0, instance:tests.LoginTest@4facf68f]" started-at="2026-05-23T11:23:10 IST" name="teardown" finished-at="2026-05-23T11:23:11 IST" duration-ms="226" status="PASS">
          <reporter-output>
          </reporter-output>
        </test-method> <!-- teardown -->
        <test-method is-config="true" signature="setup()[pri:0, instance:tests.LoginTest@4facf68f]" started-at="2026-05-23T11:23:11 IST" name="setup" finished-at="2026-05-23T11:23:13 IST" duration-ms="2260" status="PASS">
          <reporter-output>
          </reporter-output>
        </test-method> <!-- setup -->
        <test-method signature="verifyLoggingIntoApplicationUsingInactiveCredentials()[pri:11, instance:tests.LoginTest@4facf68f]" started-at="2026-05-23T11:23:13 IST" name="verifyLoggingIntoApplicationUsingInactiveCredentials" finished-at="2026-05-23T11:23:14 IST" duration-ms="1306" status="PASS">
          <reporter-output>
          </reporter-output>
        </test-method> <!-- verifyLoggingIntoApplicationUsingInactiveCredentials -->
        <test-method is-config="true" signature="teardown()[pri:0, instance:tests.LoginTest@4facf68f]" started-at="2026-05-23T11:23:14 IST" name="teardown" finished-at="2026-05-23T11:23:14 IST" duration-ms="251" status="PASS">
          <reporter-output>
          </reporter-output>
        </test-method> <!-- teardown -->
        <test-method is-config="true" signature="setup()[pri:0, instance:tests.LoginTest@4facf68f]" started-at="2026-05-23T11:23:14 IST" name="setup" finished-at="2026-05-23T11:23:17 IST" duration-ms="2461" status="PASS">
          <reporter-output>
          </reporter-output>
        </test-method> <!-- setup -->
        <test-method signature="VerifyNumberOfUnsuccessfullLoginAttempts()[pri:12, instance:tests.LoginTest@4facf68f]" started-at="2026-05-23T11:23:17 IST" name="VerifyNumberOfUnsuccessfullLoginAttempts" finished-at="2026-05-23T11:23:21 IST" duration-ms="3659" status="PASS">
          <reporter-output>
          </reporter-output>
        </test-method> <!-- VerifyNumberOfUnsuccessfullLoginAttempts -->
        <test-method is-config="true" signature="teardown()[pri:0, instance:tests.LoginTest@4facf68f]" started-at="2026-05-23T11:23:21 IST" name="teardown" finished-at="2026-05-23T11:23:21 IST" duration-ms="238" status="PASS">
          <reporter-output>
          </reporter-output>
        </test-method> <!-- teardown -->
        <test-method is-config="true" signature="setup()[pri:0, instance:tests.LoginTest@4facf68f]" started-at="2026-05-23T11:23:21 IST" name="setup" finished-at="2026-05-23T11:23:24 IST" duration-ms="2668" status="PASS">
          <reporter-output>
          </reporter-output>
        </test-method> <!-- setup -->
        <test-method signature="verifyLoginPasswordFieldforVisibility()[pri:13, instance:tests.LoginTest@4facf68f]" started-at="2026-05-23T11:23:24 IST" name="verifyLoginPasswordFieldforVisibility" finished-at="2026-05-23T11:23:24 IST" duration-ms="23" status="PASS">
          <reporter-output>
          </reporter-output>
        </test-method> <!-- verifyLoginPasswordFieldforVisibility -->
        <test-method is-config="true" signature="teardown()[pri:0, instance:tests.LoginTest@4facf68f]" started-at="2026-05-23T11:23:24 IST" name="teardown" finished-at="2026-05-23T11:23:24 IST" duration-ms="260" status="PASS">
          <reporter-output>
          </reporter-output>
        </test-method> <!-- teardown -->
        <test-method is-config="true" signature="setup()[pri:0, instance:tests.LoginTest@4facf68f]" started-at="2026-05-23T11:23:24 IST" name="setup" finished-at="2026-05-23T11:23:26 IST" duration-ms="2512" status="PASS">
          <reporter-output>
          </reporter-output>
        </test-method> <!-- setup -->
        <test-method signature="verifyCopyingofTextEnterIntoPasswordField()[pri:14, instance:tests.LoginTest@4facf68f]" started-at="2026-05-23T11:23:26 IST" name="verifyCopyingofTextEnterIntoPasswordField" finished-at="2026-05-23T11:23:28 IST" duration-ms="1250" status="FAIL">
          <exception class="org.openqa.selenium.StaleElementReferenceException">
            <message>
              <![CDATA[stale element reference: stale element not found
  (Session info: MicrosoftEdge=148.0.3967.83)
For documentation on this error, please visit: https://www.selenium.dev/documentation/webdriver/troubleshooting/errors#stale-element-reference-exception
Build info: version: '4.35.0', revision: '1c58e5028b'
System info: os.name: 'Windows 11', os.arch: 'amd64', os.version: '10.0', java.version: '25.0.3'
Driver info: org.openqa.selenium.edge.EdgeDriver
Command: [e49d34398d365370e204f0f0b760a33c, getElementDomAttribute {name=value, id=f.B4F32918CD0A0D5ACA76E4C1065445D9.d.84D3FDE6A0FFBB7731114D1E60970080.e.63}]
Capabilities {acceptInsecureCerts: false, browserName: MicrosoftEdge, browserVersion: 148.0.3967.83, fedcm:accounts: true, goog:processID: 10780, ms:edgeOptions: {debuggerAddress: localhost:52669}, msedge: {msedgedriverVersion: 147.0.3912.72 (d4380ba2b9dc..., userDataDir: C:\Users\Tanveer\AppData\Lo...}, networkConnectionEnabled: false, pageLoadStrategy: normal, platformName: windows, proxy: Proxy(), se:cdp: ws://localhost:52669/devtoo..., se:cdpVersion: 148.0.3967.83, setWindowRect: true, strictFileInteractability: false, timeouts: {implicit: 0, pageLoad: 300000, script: 30000}, unhandledPromptBehavior: dismiss and notify, webauthn:extension:credBlob: true, webauthn:extension:largeBlob: true, webauthn:extension:minPinLength: true, webauthn:extension:prf: true, webauthn:virtualAuthenticators: true}
Element: [[EdgeDriver: MicrosoftEdge on windows (e49d34398d365370e204f0f0b760a33c)] -> id: input-email]
Session ID: e49d34398d365370e204f0f0b760a33c]]>
            </message>
            <full-stacktrace>
              <![CDATA[org.openqa.selenium.StaleElementReferenceException: stale element reference: stale element not found
  (Session info: MicrosoftEdge=148.0.3967.83)
For documentation on this error, please visit: https://www.selenium.dev/documentation/webdriver/troubleshooting/errors#stale-element-reference-exception
Build info: version: '4.35.0', revision: '1c58e5028b'
System info: os.name: 'Windows 11', os.arch: 'amd64', os.version: '10.0', java.version: '25.0.3'
Driver info: org.openqa.selenium.edge.EdgeDriver
Command: [e49d34398d365370e204f0f0b760a33c, getElementDomAttribute {name=value, id=f.B4F32918CD0A0D5ACA76E4C1065445D9.d.84D3FDE6A0FFBB7731114D1E60970080.e.63}]
Capabilities {acceptInsecureCerts: false, browserName: MicrosoftEdge, browserVersion: 148.0.3967.83, fedcm:accounts: true, goog:processID: 10780, ms:edgeOptions: {debuggerAddress: localhost:52669}, msedge: {msedgedriverVersion: 147.0.3912.72 (d4380ba2b9dc..., userDataDir: C:\Users\Tanveer\AppData\Lo...}, networkConnectionEnabled: false, pageLoadStrategy: normal, platformName: windows, proxy: Proxy(), se:cdp: ws://localhost:52669/devtoo..., se:cdpVersion: 148.0.3967.83, setWindowRect: true, strictFileInteractability: false, timeouts: {implicit: 0, pageLoad: 300000, script: 30000}, unhandledPromptBehavior: dismiss and notify, webauthn:extension:credBlob: true, webauthn:extension:largeBlob: true, webauthn:extension:minPinLength: true, webauthn:extension:prf: true, webauthn:virtualAuthenticators: true}
Element: [[EdgeDriver: MicrosoftEdge on windows (e49d34398d365370e204f0f0b760a33c)] -> id: input-email]
Session ID: e49d34398d365370e204f0f0b760a33c
at java.base/jdk.internal.reflect.DirectConstructorHandleAccessor.newInstance(DirectConstructorHandleAccessor.java:62)
at java.base/java.lang.reflect.Constructor.newInstanceWithCaller(Constructor.java:499)
at java.base/java.lang.reflect.Constructor.newInstance(Constructor.java:483)
at org.openqa.selenium.remote.ErrorCodec.decode(ErrorCodec.java:167)
at org.openqa.selenium.remote.codec.w3c.W3CHttpResponseCodec.decode(W3CHttpResponseCodec.java:138)
at org.openqa.selenium.remote.codec.w3c.W3CHttpResponseCodec.decode(W3CHttpResponseCodec.java:50)
at org.openqa.selenium.remote.HttpCommandExecutor.execute(HttpCommandExecutor.java:215)
at org.openqa.selenium.remote.service.DriverCommandExecutor.invokeExecute(DriverCommandExecutor.java:216)
at org.openqa.selenium.remote.service.DriverCommandExecutor.execute(DriverCommandExecutor.java:174)
at org.openqa.selenium.remote.RemoteWebDriver.execute(RemoteWebDriver.java:557)
at org.openqa.selenium.remote.RemoteWebElement.execute(RemoteWebElement.java:223)
at org.openqa.selenium.remote.RemoteWebElement.getDomAttribute(RemoteWebElement.java:144)
at java.base/jdk.internal.reflect.DirectMethodHandleAccessor.invoke(DirectMethodHandleAccessor.java:104)
at java.base/java.lang.reflect.Method.invoke(Method.java:565)
at org.openqa.selenium.support.pagefactory.internal.LocatingElementHandler.invoke(LocatingElementHandler.java:51)
at jdk.proxy2/jdk.proxy2.$Proxy12.getDomAttribute(Unknown Source)
at utilities.ElementUtilities.getelementDomAttribute(ElementUtilities.java:135)
at pages.LoginPage.getPastedTextFromEmailField(LoginPage.java:98)
at tests.LoginTest.verifyCopyingofTextEnterIntoPasswordField(LoginTest.java:200)
at java.base/jdk.internal.reflect.DirectMethodHandleAccessor.invoke(DirectMethodHandleAccessor.java:104)
at java.base/java.lang.reflect.Method.invoke(Method.java:565)
at org.testng.internal.invokers.MethodInvocationHelper.invokeMethod(MethodInvocationHelper.java:139)
at org.testng.internal.invokers.TestInvoker.invokeMethod(TestInvoker.java:664)
at org.testng.internal.invokers.TestInvoker.invokeTestMethod(TestInvoker.java:227)
at org.testng.internal.invokers.MethodRunner.runInSequence(MethodRunner.java:50)
at org.testng.internal.invokers.TestInvoker$MethodInvocationAgent.invoke(TestInvoker.java:957)
at org.testng.internal.invokers.TestInvoker.invokeTestMethods(TestInvoker.java:200)
at org.testng.internal.invokers.TestMethodWorker.invokeTestMethods(TestMethodWorker.java:148)
at org.testng.internal.invokers.TestMethodWorker.run(TestMethodWorker.java:128)
at java.base/java.util.ArrayList.forEach(ArrayList.java:1604)
at org.testng.TestRunner.privateRun(TestRunner.java:848)
at org.testng.TestRunner.run(TestRunner.java:621)
at org.testng.SuiteRunner.runTest(SuiteRunner.java:443)
at org.testng.SuiteRunner.runSequentially(SuiteRunner.java:437)
at org.testng.SuiteRunner.privateRun(SuiteRunner.java:397)
at org.testng.SuiteRunner.run(SuiteRunner.java:336)
at org.testng.SuiteRunnerWorker.runSuite(SuiteRunnerWorker.java:52)
at org.testng.SuiteRunnerWorker.run(SuiteRunnerWorker.java:95)
at org.testng.TestNG.runSuitesSequentially(TestNG.java:1280)
at org.testng.TestNG.runSuitesLocally(TestNG.java:1200)
at org.testng.TestNG.runSuites(TestNG.java:1114)
at org.testng.TestNG.run(TestNG.java:1082)
at org.apache.maven.surefire.testng.TestNGExecutor.run(TestNGExecutor.java:308)
at org.apache.maven.surefire.testng.TestNGXmlTestSuite.execute(TestNGXmlTestSuite.java:71)
at org.apache.maven.surefire.testng.TestNGProvider.invoke(TestNGProvider.java:113)
at org.apache.maven.surefire.booter.ForkedBooter.runSuitesInProcess(ForkedBooter.java:385)
at org.apache.maven.surefire.booter.ForkedBooter.execute(ForkedBooter.java:162)
at org.apache.maven.surefire.booter.ForkedBooter.run(ForkedBooter.java:507)
at org.apache.maven.surefire.booter.ForkedBooter.main(ForkedBooter.java:495)
]]>
            </full-stacktrace>
          </exception> <!-- org.openqa.selenium.StaleElementReferenceException -->
          <reporter-output>
          </reporter-output>
        </test-method> <!-- verifyCopyingofTextEnterIntoPasswordField -->
        <test-method is-config="true" signature="teardown()[pri:0, instance:tests.LoginTest@4facf68f]" started-at="2026-05-23T11:23:28 IST" name="teardown" finished-at="2026-05-23T11:23:28 IST" duration-ms="241" status="PASS">
          <reporter-output>
          </reporter-output>
        </test-method> <!-- teardown -->
        <test-method is-config="true" signature="setup()[pri:0, instance:tests.LoginTest@4facf68f]" started-at="2026-05-23T11:23:28 IST" name="setup" finished-at="2026-05-23T11:23:30 IST" duration-ms="2335" status="PASS">
          <reporter-output>
          </reporter-output>
        </test-method> <!-- setup -->
        <test-method signature="verifyPasswordIsnotVisibleInPageSource()[pri:15, instance:tests.LoginTest@4facf68f]" started-at="2026-05-23T11:23:30 IST" name="verifyPasswordIsnotVisibleInPageSource" finished-at="2026-05-23T11:23:32 IST" duration-ms="1239" status="FAIL">
          <exception class="java.lang.AssertionError">
            <message>
              <![CDATA[expected [false] but found [true]]]>
            </message>
            <full-stacktrace>
              <![CDATA[java.lang.AssertionError: expected [false] but found [true]
at org.testng.Assert.fail(Assert.java:111)
at org.testng.Assert.failNotEquals(Assert.java:1578)
at org.testng.Assert.assertFalse(Assert.java:79)
at org.testng.Assert.assertFalse(Assert.java:89)
at tests.LoginTest.verifyPasswordIsnotVisibleInPageSource(LoginTest.java:210)
at java.base/jdk.internal.reflect.DirectMethodHandleAccessor.invoke(DirectMethodHandleAccessor.java:104)
at java.base/java.lang.reflect.Method.invoke(Method.java:565)
at org.testng.internal.invokers.MethodInvocationHelper.invokeMethod(MethodInvocationHelper.java:139)
at org.testng.internal.invokers.TestInvoker.invokeMethod(TestInvoker.java:664)
at org.testng.internal.invokers.TestInvoker.invokeTestMethod(TestInvoker.java:227)
at org.testng.internal.invokers.MethodRunner.runInSequence(MethodRunner.java:50)
at org.testng.internal.invokers.TestInvoker$MethodInvocationAgent.invoke(TestInvoker.java:957)
at org.testng.internal.invokers.TestInvoker.invokeTestMethods(TestInvoker.java:200)
at org.testng.internal.invokers.TestMethodWorker.invokeTestMethods(TestMethodWorker.java:148)
at org.testng.internal.invokers.TestMethodWorker.run(TestMethodWorker.java:128)
at java.base/java.util.ArrayList.forEach(ArrayList.java:1604)
at org.testng.TestRunner.privateRun(TestRunner.java:848)
at org.testng.TestRunner.run(TestRunner.java:621)
at org.testng.SuiteRunner.runTest(SuiteRunner.java:443)
at org.testng.SuiteRunner.runSequentially(SuiteRunner.java:437)
at org.testng.SuiteRunner.privateRun(SuiteRunner.java:397)
at org.testng.SuiteRunner.run(SuiteRunner.java:336)
at org.testng.SuiteRunnerWorker.runSuite(SuiteRunnerWorker.java:52)
at org.testng.SuiteRunnerWorker.run(SuiteRunnerWorker.java:95)
at org.testng.TestNG.runSuitesSequentially(TestNG.java:1280)
at org.testng.TestNG.runSuitesLocally(TestNG.java:1200)
at org.testng.TestNG.runSuites(TestNG.java:1114)
at org.testng.TestNG.run(TestNG.java:1082)
at org.apache.maven.surefire.testng.TestNGExecutor.run(TestNGExecutor.java:308)
at org.apache.maven.surefire.testng.TestNGXmlTestSuite.execute(TestNGXmlTestSuite.java:71)
at org.apache.maven.surefire.testng.TestNGProvider.invoke(TestNGProvider.java:113)
at org.apache.maven.surefire.booter.ForkedBooter.runSuitesInProcess(ForkedBooter.java:385)
at org.apache.maven.surefire.booter.ForkedBooter.execute(ForkedBooter.java:162)
at org.apache.maven.surefire.booter.ForkedBooter.run(ForkedBooter.java:507)
at org.apache.maven.surefire.booter.ForkedBooter.main(ForkedBooter.java:495)
]]>
            </full-stacktrace>
          </exception> <!-- java.lang.AssertionError -->
          <reporter-output>
          </reporter-output>
        </test-method> <!-- verifyPasswordIsnotVisibleInPageSource -->
        <test-method is-config="true" signature="teardown()[pri:0, instance:tests.LoginTest@4facf68f]" started-at="2026-05-23T11:23:32 IST" name="teardown" finished-at="2026-05-23T11:23:32 IST" duration-ms="238" status="PASS">
          <reporter-output>
          </reporter-output>
        </test-method> <!-- teardown -->
        <test-method is-config="true" signature="setup()[pri:0, instance:tests.LoginTest@4facf68f]" started-at="2026-05-23T11:23:32 IST" name="setup" finished-at="2026-05-23T11:23:34 IST" duration-ms="2252" status="PASS">
          <reporter-output>
          </reporter-output>
        </test-method> <!-- setup -->
        <test-method signature="verifyLoginPageNavigations()[pri:17, instance:tests.LoginTest@4facf68f]" started-at="2026-05-23T11:23:34 IST" name="verifyLoginPageNavigations" finished-at="2026-05-23T11:23:51 IST" duration-ms="17256" status="FAIL">
          <exception class="org.openqa.selenium.TimeoutException">
            <message>
              <![CDATA[Expected condition failed: waiting for element to be clickable: Proxy element for: DefaultElementLocator 'By.linkText: login page' (tried for 10 second(s) with 500 milliseconds interval)]]>
            </message>
            <full-stacktrace>
              <![CDATA[org.openqa.selenium.TimeoutException: Expected condition failed: waiting for element to be clickable: Proxy element for: DefaultElementLocator 'By.linkText: login page' (tried for 10 second(s) with 500 milliseconds interval)
at org.openqa.selenium.support.ui.WebDriverWait.timeoutException(WebDriverWait.java:84)
at org.openqa.selenium.support.ui.FluentWait.until(FluentWait.java:228)
at utilities.ElementUtilities.WaitForElementToBeClickable(ElementUtilities.java:178)
at utilities.ElementUtilities.ClickOnElement(ElementUtilities.java:62)
at pages.root.RootPage.SelectAccountBreadCrumbWithoutLogin(RootPage.java:65)
at tests.LoginTest.verifyLoginPageNavigations(LoginTest.java:260)
at java.base/jdk.internal.reflect.DirectMethodHandleAccessor.invoke(DirectMethodHandleAccessor.java:104)
at java.base/java.lang.reflect.Method.invoke(Method.java:565)
at org.testng.internal.invokers.MethodInvocationHelper.invokeMethod(MethodInvocationHelper.java:139)
at org.testng.internal.invokers.TestInvoker.invokeMethod(TestInvoker.java:664)
at org.testng.internal.invokers.TestInvoker.invokeTestMethod(TestInvoker.java:227)
at org.testng.internal.invokers.MethodRunner.runInSequence(MethodRunner.java:50)
at org.testng.internal.invokers.TestInvoker$MethodInvocationAgent.invoke(TestInvoker.java:957)
at org.testng.internal.invokers.TestInvoker.invokeTestMethods(TestInvoker.java:200)
at org.testng.internal.invokers.TestMethodWorker.invokeTestMethods(TestMethodWorker.java:148)
at org.testng.internal.invokers.TestMethodWorker.run(TestMethodWorker.java:128)
at java.base/java.util.ArrayList.forEach(ArrayList.java:1604)
at org.testng.TestRunner.privateRun(TestRunner.java:848)
at org.testng.TestRunner.run(TestRunner.java:621)
at org.testng.SuiteRunner.runTest(SuiteRunner.java:443)
at org.testng.SuiteRunner.runSequentially(SuiteRunner.java:437)
at org.testng.SuiteRunner.privateRun(SuiteRunner.java:397)
at org.testng.SuiteRunner.run(SuiteRunner.java:336)
at org.testng.SuiteRunnerWorker.runSuite(SuiteRunnerWorker.java:52)
at org.testng.SuiteRunnerWorker.run(SuiteRunnerWorker.java:95)
at org.testng.TestNG.runSuitesSequentially(TestNG.java:1280)
at org.testng.TestNG.runSuitesLocally(TestNG.java:1200)
at org.testng.TestNG.runSuites(TestNG.java:1114)
at org.testng.TestNG.run(TestNG.java:1082)
at org.apache.maven.surefire.testng.TestNGExecutor.run(TestNGExecutor.java:308)
at org.apache.maven.surefire.testng.TestNGXmlTestSuite.execute(TestNGXmlTestSuite.java:71)
at org.apache.maven.surefire.testng.TestNGProvider.invoke(TestNGProvider.java:113)
at org.apache.maven.surefire.booter.ForkedBooter.runSuitesInProcess(ForkedBooter.java:385)
at org.apache.maven.surefire.booter.ForkedBooter.execute(ForkedBooter.java:162)
at org.apache.maven.surefire.booter.ForkedBooter.run(ForkedBooter.java:507)
at org.apache.maven.surefire.booter.ForkedBooter.main(ForkedBooter.java:495)
Caused by: org.openqa.selenium.NoSuchElementException: no such element: Unable to locate element: {"method":"link text","selector":"login page"}
  (Session info: MicrosoftEdge=148.0.3967.83)
For documentation on this error, please visit: https://www.selenium.dev/documentation/webdriver/troubleshooting/errors#no-such-element-exception
Build info: version: '4.35.0', revision: '1c58e5028b'
System info: os.name: 'Windows 11', os.arch: 'amd64', os.version: '10.0', java.version: '25.0.3'
Driver info: org.openqa.selenium.edge.EdgeDriver
Command: [0bcd266578047b943a080f91ec1862ec, findElement {using=link text, value=login page}]
Capabilities {acceptInsecureCerts: false, browserName: MicrosoftEdge, browserVersion: 148.0.3967.83, fedcm:accounts: true, goog:processID: 11252, ms:edgeOptions: {debuggerAddress: localhost:62683}, msedge: {msedgedriverVersion: 147.0.3912.72 (d4380ba2b9dc..., userDataDir: C:\Users\Tanveer\AppData\Lo...}, networkConnectionEnabled: false, pageLoadStrategy: normal, platformName: windows, proxy: Proxy(), se:cdp: ws://localhost:62683/devtoo..., se:cdpVersion: 148.0.3967.83, setWindowRect: true, strictFileInteractability: false, timeouts: {implicit: 0, pageLoad: 300000, script: 30000}, unhandledPromptBehavior: dismiss and notify, webauthn:extension:credBlob: true, webauthn:extension:largeBlob: true, webauthn:extension:minPinLength: true, webauthn:extension:prf: true, webauthn:virtualAuthenticators: true}
Session ID: 0bcd266578047b943a080f91ec1862ec
at java.base/jdk.internal.reflect.DirectConstructorHandleAccessor.newInstance(DirectConstructorHandleAccessor.java:62)
at java.base/java.lang.reflect.Constructor.newInstanceWithCaller(Constructor.java:499)
at java.base/java.lang.reflect.Constructor.newInstance(Constructor.java:483)
at org.openqa.selenium.remote.ErrorCodec.decode(ErrorCodec.java:167)
at org.openqa.selenium.remote.codec.w3c.W3CHttpResponseCodec.decode(W3CHttpResponseCodec.java:138)
at org.openqa.selenium.remote.codec.w3c.W3CHttpResponseCodec.decode(W3CHttpResponseCodec.java:50)
at org.openqa.selenium.remote.HttpCommandExecutor.execute(HttpCommandExecutor.java:215)
at org.openqa.selenium.remote.service.DriverCommandExecutor.invokeExecute(DriverCommandExecutor.java:216)
at org.openqa.selenium.remote.service.DriverCommandExecutor.execute(DriverCommandExecutor.java:174)
at org.openqa.selenium.remote.RemoteWebDriver.execute(RemoteWebDriver.java:557)
at org.openqa.selenium.remote.ElementLocation$ElementFinder$2.findElement(ElementLocation.java:165)
at org.openqa.selenium.remote.ElementLocation.findElement(ElementLocation.java:59)
at org.openqa.selenium.remote.RemoteWebDriver.findElement(RemoteWebDriver.java:380)
at org.openqa.selenium.remote.RemoteWebDriver.findElement(RemoteWebDriver.java:374)
at org.openqa.selenium.support.pagefactory.DefaultElementLocator.findElement(DefaultElementLocator.java:68)
at org.openqa.selenium.support.pagefactory.internal.LocatingElementHandler.invoke(LocatingElementHandler.java:38)
at jdk.proxy2/jdk.proxy2.$Proxy12.isDisplayed(Unknown Source)
at org.openqa.selenium.support.ui.ExpectedConditions.elementIfVisible(ExpectedConditions.java:304)
at org.openqa.selenium.support.ui.ExpectedConditions$10.apply(ExpectedConditions.java:290)
at org.openqa.selenium.support.ui.ExpectedConditions$10.apply(ExpectedConditions.java:287)
at org.openqa.selenium.support.ui.ExpectedConditions$23.apply(ExpectedConditions.java:656)
at org.openqa.selenium.support.ui.ExpectedConditions$23.apply(ExpectedConditions.java:652)
at org.openqa.selenium.support.ui.FluentWait.until(FluentWait.java:203)
... 34 more
]]>
            </full-stacktrace>
          </exception> <!-- org.openqa.selenium.TimeoutException -->
          <reporter-output>
          </reporter-output>
        </test-method> <!-- verifyLoginPageNavigations -->
        <test-method is-config="true" signature="teardown()[pri:0, instance:tests.LoginTest@4facf68f]" started-at="2026-05-23T11:23:52 IST" name="teardown" finished-at="2026-05-23T11:23:52 IST" duration-ms="280" status="PASS">
          <reporter-output>
          </reporter-output>
        </test-method> <!-- teardown -->
        <test-method is-config="true" signature="setup()[pri:0, instance:tests.LoginTest@4facf68f]" started-at="2026-05-23T11:23:52 IST" name="setup" finished-at="2026-05-23T11:23:54 IST" duration-ms="2411" status="PASS">
          <reporter-output>
          </reporter-output>
        </test-method> <!-- setup -->
        <test-method signature="verifyDiffrentwaysOfnavigatingTologinPage()[pri:18, instance:tests.LoginTest@4facf68f]" started-at="2026-05-23T11:23:54 IST" name="verifyDiffrentwaysOfnavigatingTologinPage" finished-at="2026-05-23T11:23:55 IST" duration-ms="1136" status="PASS">
          <reporter-output>
          </reporter-output>
        </test-method> <!-- verifyDiffrentwaysOfnavigatingTologinPage -->
        <test-method is-config="true" signature="teardown()[pri:0, instance:tests.LoginTest@4facf68f]" started-at="2026-05-23T11:23:55 IST" name="teardown" finished-at="2026-05-23T11:23:56 IST" duration-ms="231" status="PASS">
          <reporter-output>
          </reporter-output>
        </test-method> <!-- teardown -->
        <test-method is-config="true" signature="setup()[pri:0, instance:tests.LoginTest@4facf68f]" started-at="2026-05-23T11:23:56 IST" name="setup" finished-at="2026-05-23T11:23:58 IST" duration-ms="2431" status="PASS">
          <reporter-output>
          </reporter-output>
        </test-method> <!-- setup -->
        <test-method signature="VerifytheBreadcrumbPageHeadingPageURLPageTitleofRegisterLoginPage()[pri:19, instance:tests.LoginTest@4facf68f]" started-at="2026-05-23T11:23:58 IST" name="VerifytheBreadcrumbPageHeadingPageURLPageTitleofRegisterLoginPage" finished-at="2026-05-23T11:23:58 IST" duration-ms="106" status="PASS">
          <reporter-output>
          </reporter-output>
        </test-method> <!-- VerifytheBreadcrumbPageHeadingPageURLPageTitleofRegisterLoginPage -->
        <test-method is-config="true" signature="teardown()[pri:0, instance:tests.LoginTest@4facf68f]" started-at="2026-05-23T11:23:58 IST" name="teardown" finished-at="2026-05-23T11:23:58 IST" duration-ms="209" status="PASS">
          <reporter-output>
          </reporter-output>
        </test-method> <!-- teardown -->
        <test-method is-config="true" signature="setup()[pri:0, instance:tests.LoginTest@4facf68f]" started-at="2026-05-23T11:23:58 IST" name="setup" finished-at="2026-05-23T11:24:01 IST" duration-ms="2222" status="PASS">
          <reporter-output>
          </reporter-output>
        </test-method> <!-- setup -->
        <test-method signature="VerifyLogininallthesupportedenvironments()[pri:21, instance:tests.LoginTest@4facf68f]" started-at="2026-05-23T11:24:01 IST" name="VerifyLogininallthesupportedenvironments" finished-at="2026-05-23T11:24:05 IST" duration-ms="4677" status="PASS">
          <reporter-output>
          </reporter-output>
        </test-method> <!-- VerifyLogininallthesupportedenvironments -->
        <test-method is-config="true" signature="teardown()[pri:0, instance:tests.LoginTest@4facf68f]" started-at="2026-05-23T11:24:05 IST" name="teardown" finished-at="2026-05-23T11:24:05 IST" duration-ms="234" status="PASS">
          <reporter-output>
          </reporter-output>
        </test-method> <!-- teardown -->
      </class> <!-- tests.LoginTest -->
      <class name="tests.RegisterTest">
        <test-method is-config="true" signature="setup()[pri:0, instance:tests.RegisterTest@3e92efc3]" started-at="2026-05-23T11:19:01 IST" name="setup" finished-at="2026-05-23T11:19:05 IST" duration-ms="3975" status="PASS">
          <reporter-output>
          </reporter-output>
        </test-method> <!-- setup -->
        <test-method signature="verifyRegisteringWithMandatoryFields()[pri:1, instance:tests.RegisterTest@3e92efc3]" started-at="2026-05-23T11:19:05 IST" name="verifyRegisteringWithMandatoryFields" finished-at="2026-05-23T11:19:07 IST" duration-ms="2725" status="PASS">
          <reporter-output>
          </reporter-output>
        </test-method> <!-- verifyRegisteringWithMandatoryFields -->
        <test-method is-config="true" signature="teardown()[pri:0, instance:tests.RegisterTest@3e92efc3]" started-at="2026-05-23T11:19:07 IST" name="teardown" finished-at="2026-05-23T11:19:08 IST" duration-ms="468" status="PASS">
          <reporter-output>
          </reporter-output>
        </test-method> <!-- teardown -->
        <test-method is-config="true" signature="setup()[pri:0, instance:tests.RegisterTest@3e92efc3]" started-at="2026-05-23T11:19:08 IST" name="setup" finished-at="2026-05-23T11:19:13 IST" duration-ms="4968" status="PASS">
          <reporter-output>
          </reporter-output>
        </test-method> <!-- setup -->
        <test-method signature="VerifyThankyouforconfirmationEmailonSuccesfullRegistration()[pri:2, instance:tests.RegisterTest@3e92efc3]" started-at="2026-05-23T11:19:13 IST" name="VerifyThankyouforconfirmationEmailonSuccesfullRegistration" finished-at="2026-05-23T11:19:17 IST" duration-ms="3825" status="FAIL">
          <exception class="com.sun.mail.util.MailConnectException">
            <message>
              <![CDATA[Couldn't connect to host, port: emailtext, 993; timeout -1]]>
            </message>
            <full-stacktrace>
              <![CDATA[com.sun.mail.util.MailConnectException: Couldn't connect to host, port: emailtext, 993; timeout -1;
  nested exception is:
java.net.UnknownHostException: emailtext
at com.sun.mail.imap.IMAPStore.protocolConnect(IMAPStore.java:716)
at jakarta.mail.Service.connect(Service.java:342)
at jakarta.mail.Service.connect(Service.java:222)
at tests.RegisterTest.VerifyThankyouforconfirmationEmailonSuccesfullRegistration(RegisterTest.java:145)
at java.base/jdk.internal.reflect.DirectMethodHandleAccessor.invoke(DirectMethodHandleAccessor.java:104)
at java.base/java.lang.reflect.Method.invoke(Method.java:565)
at org.testng.internal.invokers.MethodInvocationHelper.invokeMethod(MethodInvocationHelper.java:139)
at org.testng.internal.invokers.TestInvoker.invokeMethod(TestInvoker.java:664)
at org.testng.internal.invokers.TestInvoker.invokeTestMethod(TestInvoker.java:227)
at org.testng.internal.invokers.MethodRunner.runInSequence(MethodRunner.java:50)
at org.testng.internal.invokers.TestInvoker$MethodInvocationAgent.invoke(TestInvoker.java:957)
at org.testng.internal.invokers.TestInvoker.invokeTestMethods(TestInvoker.java:200)
at org.testng.internal.invokers.TestMethodWorker.invokeTestMethods(TestMethodWorker.java:148)
at org.testng.internal.invokers.TestMethodWorker.run(TestMethodWorker.java:128)
at java.base/java.util.ArrayList.forEach(ArrayList.java:1604)
at org.testng.TestRunner.privateRun(TestRunner.java:848)
at org.testng.TestRunner.run(TestRunner.java:621)
at org.testng.SuiteRunner.runTest(SuiteRunner.java:443)
at org.testng.SuiteRunner.runSequentially(SuiteRunner.java:437)
at org.testng.SuiteRunner.privateRun(SuiteRunner.java:397)
at org.testng.SuiteRunner.run(SuiteRunner.java:336)
at org.testng.SuiteRunnerWorker.runSuite(SuiteRunnerWorker.java:52)
at org.testng.SuiteRunnerWorker.run(SuiteRunnerWorker.java:95)
at org.testng.TestNG.runSuitesSequentially(TestNG.java:1280)
at org.testng.TestNG.runSuitesLocally(TestNG.java:1200)
at org.testng.TestNG.runSuites(TestNG.java:1114)
at org.testng.TestNG.run(TestNG.java:1082)
at org.apache.maven.surefire.testng.TestNGExecutor.run(TestNGExecutor.java:308)
at org.apache.maven.surefire.testng.TestNGXmlTestSuite.execute(TestNGXmlTestSuite.java:71)
at org.apache.maven.surefire.testng.TestNGProvider.invoke(TestNGProvider.java:113)
at org.apache.maven.surefire.booter.ForkedBooter.runSuitesInProcess(ForkedBooter.java:385)
at org.apache.maven.surefire.booter.ForkedBooter.execute(ForkedBooter.java:162)
at org.apache.maven.surefire.booter.ForkedBooter.run(ForkedBooter.java:507)
at org.apache.maven.surefire.booter.ForkedBooter.main(ForkedBooter.java:495)
Caused by: java.net.UnknownHostException: emailtext
at java.base/sun.nio.ch.NioSocketImpl.connect(NioSocketImpl.java:569)
at java.base/java.net.SocksSocketImpl.connect(SocksSocketImpl.java:284)
at java.base/java.net.Socket.connect(Socket.java:659)
at java.base/java.net.Socket.connect(Socket.java:597)
at com.sun.mail.util.SocketFetcher.createSocket(SocketFetcher.java:335)
at com.sun.mail.util.SocketFetcher.getSocket(SocketFetcher.java:214)
at com.sun.mail.iap.Protocol.<init>(Protocol.java:109)
at com.sun.mail.imap.protocol.IMAPProtocol.<init>(IMAPProtocol.java:107)
at com.sun.mail.imap.IMAPStore.newIMAPProtocol(IMAPStore.java:739)
at com.sun.mail.imap.IMAPStore.protocolConnect(IMAPStore.java:674)
... 33 more
]]>
            </full-stacktrace>
          </exception> <!-- com.sun.mail.util.MailConnectException -->
          <reporter-output>
          </reporter-output>
        </test-method> <!-- VerifyThankyouforconfirmationEmailonSuccesfullRegistration -->
        <test-method is-config="true" signature="teardown()[pri:0, instance:tests.RegisterTest@3e92efc3]" started-at="2026-05-23T11:19:17 IST" name="teardown" finished-at="2026-05-23T11:19:17 IST" duration-ms="277" status="PASS">
          <reporter-output>
          </reporter-output>
        </test-method> <!-- teardown -->
        <test-method is-config="true" signature="setup()[pri:0, instance:tests.RegisterTest@3e92efc3]" started-at="2026-05-23T11:19:17 IST" name="setup" finished-at="2026-05-23T11:19:20 IST" duration-ms="2550" status="PASS">
          <reporter-output>
          </reporter-output>
        </test-method> <!-- setup -->
        <test-method signature="VerifyRegisteringanAccountbyprovidingallthefields()[pri:3, instance:tests.RegisterTest@3e92efc3]" started-at="2026-05-23T11:19:20 IST" name="VerifyRegisteringanAccountbyprovidingallthefields" finished-at="2026-05-23T11:19:22 IST" duration-ms="2678" status="PASS">
          <reporter-output>
          </reporter-output>
        </test-method> <!-- VerifyRegisteringanAccountbyprovidingallthefields -->
        <test-method is-config="true" signature="teardown()[pri:0, instance:tests.RegisterTest@3e92efc3]" started-at="2026-05-23T11:19:22 IST" name="teardown" finished-at="2026-05-23T11:19:23 IST" duration-ms="240" status="PASS">
          <reporter-output>
          </reporter-output>
        </test-method> <!-- teardown -->
        <test-method is-config="true" signature="setup()[pri:0, instance:tests.RegisterTest@3e92efc3]" started-at="2026-05-23T11:19:23 IST" name="setup" finished-at="2026-05-23T11:19:25 IST" duration-ms="2736" status="PASS">
          <reporter-output>
          </reporter-output>
        </test-method> <!-- setup -->
        <test-method signature="verifywarningMessagesOfMandatoryFieldsInRegisterAccountPage()[pri:4, instance:tests.RegisterTest@3e92efc3]" started-at="2026-05-23T11:19:25 IST" name="verifywarningMessagesOfMandatoryFieldsInRegisterAccountPage" finished-at="2026-05-23T11:19:26 IST" duration-ms="750" status="PASS">
          <reporter-output>
          </reporter-output>
        </test-method> <!-- verifywarningMessagesOfMandatoryFieldsInRegisterAccountPage -->
        <test-method is-config="true" signature="teardown()[pri:0, instance:tests.RegisterTest@3e92efc3]" started-at="2026-05-23T11:19:26 IST" name="teardown" finished-at="2026-05-23T11:19:26 IST" duration-ms="286" status="PASS">
          <reporter-output>
          </reporter-output>
        </test-method> <!-- teardown -->
        <test-method is-config="true" signature="setup()[pri:0, instance:tests.RegisterTest@3e92efc3]" started-at="2026-05-23T11:19:26 IST" name="setup" finished-at="2026-05-23T11:19:29 IST" duration-ms="2692" status="PASS">
          <reporter-output>
          </reporter-output>
        </test-method> <!-- setup -->
        <test-method signature="verifyRegsiterPageWhenYesNewstellerIsSelected()[pri:5, instance:tests.RegisterTest@3e92efc3]" started-at="2026-05-23T11:19:29 IST" name="verifyRegsiterPageWhenYesNewstellerIsSelected" finished-at="2026-05-23T11:19:32 IST" duration-ms="2767" status="PASS">
          <reporter-output>
          </reporter-output>
        </test-method> <!-- verifyRegsiterPageWhenYesNewstellerIsSelected -->
        <test-method is-config="true" signature="teardown()[pri:0, instance:tests.RegisterTest@3e92efc3]" started-at="2026-05-23T11:19:32 IST" name="teardown" finished-at="2026-05-23T11:19:32 IST" duration-ms="307" status="PASS">
          <reporter-output>
          </reporter-output>
        </test-method> <!-- teardown -->
        <test-method is-config="true" signature="setup()[pri:0, instance:tests.RegisterTest@3e92efc3]" started-at="2026-05-23T11:19:32 IST" name="setup" finished-at="2026-05-23T11:19:35 IST" duration-ms="2474" status="PASS">
          <reporter-output>
          </reporter-output>
        </test-method> <!-- setup -->
        <test-method signature="verifyRegsiterPageWhenNoNewstellerIsSelected()[pri:6, instance:tests.RegisterTest@3e92efc3]" started-at="2026-05-23T11:19:35 IST" name="verifyRegsiterPageWhenNoNewstellerIsSelected" finished-at="2026-05-23T11:19:37 IST" duration-ms="2828" status="PASS">
          <reporter-output>
          </reporter-output>
        </test-method> <!-- verifyRegsiterPageWhenNoNewstellerIsSelected -->
        <test-method is-config="true" signature="teardown()[pri:0, instance:tests.RegisterTest@3e92efc3]" started-at="2026-05-23T11:19:37 IST" name="teardown" finished-at="2026-05-23T11:19:38 IST" duration-ms="291" status="PASS">
          <reporter-output>
          </reporter-output>
        </test-method> <!-- teardown -->
        <test-method is-config="true" signature="setup()[pri:0, instance:tests.RegisterTest@3e92efc3]" started-at="2026-05-23T11:19:38 IST" name="setup" finished-at="2026-05-23T11:19:40 IST" duration-ms="2567" status="PASS">
          <reporter-output>
          </reporter-output>
        </test-method> <!-- setup -->
        <test-method signature="VerifydifferentwaysofnavigatingtoRegisterAccountpage()[pri:7, instance:tests.RegisterTest@3e92efc3]" started-at="2026-05-23T11:19:40 IST" name="VerifydifferentwaysofnavigatingtoRegisterAccountpage" finished-at="2026-05-23T11:19:45 IST" duration-ms="4420" status="FAIL">
          <exception class="java.lang.AssertionError">
            <message>
              <![CDATA[expected [true] but found [false]]]>
            </message>
            <full-stacktrace>
              <![CDATA[java.lang.AssertionError: expected [true] but found [false]
at org.testng.Assert.fail(Assert.java:111)
at org.testng.Assert.failNotEquals(Assert.java:1578)
at org.testng.Assert.assertTrue(Assert.java:57)
at org.testng.Assert.assertTrue(Assert.java:67)
at tests.RegisterTest.VerifydifferentwaysofnavigatingtoRegisterAccountpage(RegisterTest.java:299)
at java.base/jdk.internal.reflect.DirectMethodHandleAccessor.invoke(DirectMethodHandleAccessor.java:104)
at java.base/java.lang.reflect.Method.invoke(Method.java:565)
at org.testng.internal.invokers.MethodInvocationHelper.invokeMethod(MethodInvocationHelper.java:139)
at org.testng.internal.invokers.TestInvoker.invokeMethod(TestInvoker.java:664)
at org.testng.internal.invokers.TestInvoker.invokeTestMethod(TestInvoker.java:227)
at org.testng.internal.invokers.MethodRunner.runInSequence(MethodRunner.java:50)
at org.testng.internal.invokers.TestInvoker$MethodInvocationAgent.invoke(TestInvoker.java:957)
at org.testng.internal.invokers.TestInvoker.invokeTestMethods(TestInvoker.java:200)
at org.testng.internal.invokers.TestMethodWorker.invokeTestMethods(TestMethodWorker.java:148)
at org.testng.internal.invokers.TestMethodWorker.run(TestMethodWorker.java:128)
at java.base/java.util.ArrayList.forEach(ArrayList.java:1604)
at org.testng.TestRunner.privateRun(TestRunner.java:848)
at org.testng.TestRunner.run(TestRunner.java:621)
at org.testng.SuiteRunner.runTest(SuiteRunner.java:443)
at org.testng.SuiteRunner.runSequentially(SuiteRunner.java:437)
at org.testng.SuiteRunner.privateRun(SuiteRunner.java:397)
at org.testng.SuiteRunner.run(SuiteRunner.java:336)
at org.testng.SuiteRunnerWorker.runSuite(SuiteRunnerWorker.java:52)
at org.testng.SuiteRunnerWorker.run(SuiteRunnerWorker.java:95)
at org.testng.TestNG.runSuitesSequentially(TestNG.java:1280)
at org.testng.TestNG.runSuitesLocally(TestNG.java:1200)
at org.testng.TestNG.runSuites(TestNG.java:1114)
at org.testng.TestNG.run(TestNG.java:1082)
at org.apache.maven.surefire.testng.TestNGExecutor.run(TestNGExecutor.java:308)
at org.apache.maven.surefire.testng.TestNGXmlTestSuite.execute(TestNGXmlTestSuite.java:71)
at org.apache.maven.surefire.testng.TestNGProvider.invoke(TestNGProvider.java:113)
at org.apache.maven.surefire.booter.ForkedBooter.runSuitesInProcess(ForkedBooter.java:385)
at org.apache.maven.surefire.booter.ForkedBooter.execute(ForkedBooter.java:162)
at org.apache.maven.surefire.booter.ForkedBooter.run(ForkedBooter.java:507)
at org.apache.maven.surefire.booter.ForkedBooter.main(ForkedBooter.java:495)
]]>
            </full-stacktrace>
          </exception> <!-- java.lang.AssertionError -->
          <reporter-output>
          </reporter-output>
        </test-method> <!-- VerifydifferentwaysofnavigatingtoRegisterAccountpage -->
        <test-method is-config="true" signature="teardown()[pri:0, instance:tests.RegisterTest@3e92efc3]" started-at="2026-05-23T11:19:45 IST" name="teardown" finished-at="2026-05-23T11:19:45 IST" duration-ms="286" status="PASS">
          <reporter-output>
          </reporter-output>
        </test-method> <!-- teardown -->
        <test-method is-config="true" signature="setup()[pri:0, instance:tests.RegisterTest@3e92efc3]" started-at="2026-05-23T11:19:45 IST" name="setup" finished-at="2026-05-23T11:19:48 IST" duration-ms="2653" status="PASS">
          <reporter-output>
          </reporter-output>
        </test-method> <!-- setup -->
        <test-method signature="VerifyRegisteringanAccountbyenteringdifferentpasswordsintoPasswordandPasswordConfirmfields()[pri:8, instance:tests.RegisterTest@3e92efc3]" started-at="2026-05-23T11:19:48 IST" name="VerifyRegisteringanAccountbyenteringdifferentpasswordsintoPasswordandPasswordConfirmfields" finished-at="2026-05-23T11:19:49 IST" duration-ms="1551" status="PASS">
          <reporter-output>
          </reporter-output>
        </test-method> <!-- VerifyRegisteringanAccountbyenteringdifferentpasswordsintoPasswordandPasswordConfirmfields -->
        <test-method is-config="true" signature="teardown()[pri:0, instance:tests.RegisterTest@3e92efc3]" started-at="2026-05-23T11:19:49 IST" name="teardown" finished-at="2026-05-23T11:19:50 IST" duration-ms="226" status="PASS">
          <reporter-output>
          </reporter-output>
        </test-method> <!-- teardown -->
        <test-method is-config="true" signature="setup()[pri:0, instance:tests.RegisterTest@3e92efc3]" started-at="2026-05-23T11:19:50 IST" name="setup" finished-at="2026-05-23T11:19:52 IST" duration-ms="2262" status="PASS">
          <reporter-output>
          </reporter-output>
        </test-method> <!-- setup -->
        <test-method signature="VerifyRegisteringanAccountbyprovidingtheexistingaccountdetails()[pri:9, instance:tests.RegisterTest@3e92efc3]" started-at="2026-05-23T11:19:52 IST" name="VerifyRegisteringanAccountbyprovidingtheexistingaccountdetails" finished-at="2026-05-23T11:19:53 IST" duration-ms="1577" status="PASS">
          <reporter-output>
          </reporter-output>
        </test-method> <!-- VerifyRegisteringanAccountbyprovidingtheexistingaccountdetails -->
        <test-method is-config="true" signature="teardown()[pri:0, instance:tests.RegisterTest@3e92efc3]" started-at="2026-05-23T11:19:53 IST" name="teardown" finished-at="2026-05-23T11:19:54 IST" duration-ms="238" status="PASS">
          <reporter-output>
          </reporter-output>
        </test-method> <!-- teardown -->
        <test-method is-config="true" signature="setup()[pri:0, instance:tests.RegisterTest@3e92efc3]" started-at="2026-05-23T11:19:54 IST" name="setup" finished-at="2026-05-23T11:19:57 IST" duration-ms="2866" status="PASS">
          <reporter-output>
          </reporter-output>
        </test-method> <!-- setup -->
        <test-method signature="VerifyRegisteringanAccountByProvidinganinvalidEmailAddressintotheEMailField()[pri:10, instance:tests.RegisterTest@3e92efc3]" started-at="2026-05-23T11:19:57 IST" name="VerifyRegisteringanAccountByProvidinganinvalidEmailAddressintotheEMailField" finished-at="2026-05-23T11:20:02 IST" duration-ms="5666" status="PASS">
          <reporter-output>
          </reporter-output>
        </test-method> <!-- VerifyRegisteringanAccountByProvidinganinvalidEmailAddressintotheEMailField -->
        <test-method is-config="true" signature="teardown()[pri:0, instance:tests.RegisterTest@3e92efc3]" started-at="2026-05-23T11:20:02 IST" name="teardown" finished-at="2026-05-23T11:20:03 IST" duration-ms="417" status="PASS">
          <reporter-output>
          </reporter-output>
        </test-method> <!-- teardown -->
        <test-method is-config="true" signature="setup()[pri:0, instance:tests.RegisterTest@3e92efc3]" started-at="2026-05-23T11:20:03 IST" name="setup" finished-at="2026-05-23T11:20:06 IST" duration-ms="3155" status="PASS">
          <reporter-output>
          </reporter-output>
        </test-method> <!-- setup -->
        <test-method signature="VerifyRegisteringanAccountbyprovidinganinvalidphonenumber()[pri:11, instance:tests.RegisterTest@3e92efc3]" started-at="2026-05-23T11:20:06 IST" name="VerifyRegisteringanAccountbyprovidinganinvalidphonenumber" finished-at="2026-05-23T11:20:10 IST" duration-ms="4526" status="FAIL">
          <exception class="java.lang.AssertionError">
            <message>
              <![CDATA[expected [true] but found [false]]]>
            </message>
            <full-stacktrace>
              <![CDATA[java.lang.AssertionError: expected [true] but found [false]
at org.testng.Assert.fail(Assert.java:111)
at org.testng.Assert.failNotEquals(Assert.java:1578)
at org.testng.Assert.assertTrue(Assert.java:57)
at org.testng.Assert.assertTrue(Assert.java:67)
at tests.RegisterTest.VerifyRegisteringanAccountbyprovidinganinvalidphonenumber(RegisterTest.java:443)
at java.base/jdk.internal.reflect.DirectMethodHandleAccessor.invoke(DirectMethodHandleAccessor.java:104)
at java.base/java.lang.reflect.Method.invoke(Method.java:565)
at org.testng.internal.invokers.MethodInvocationHelper.invokeMethod(MethodInvocationHelper.java:139)
at org.testng.internal.invokers.TestInvoker.invokeMethod(TestInvoker.java:664)
at org.testng.internal.invokers.TestInvoker.invokeTestMethod(TestInvoker.java:227)
at org.testng.internal.invokers.MethodRunner.runInSequence(MethodRunner.java:50)
at org.testng.internal.invokers.TestInvoker$MethodInvocationAgent.invoke(TestInvoker.java:957)
at org.testng.internal.invokers.TestInvoker.invokeTestMethods(TestInvoker.java:200)
at org.testng.internal.invokers.TestMethodWorker.invokeTestMethods(TestMethodWorker.java:148)
at org.testng.internal.invokers.TestMethodWorker.run(TestMethodWorker.java:128)
at java.base/java.util.ArrayList.forEach(ArrayList.java:1604)
at org.testng.TestRunner.privateRun(TestRunner.java:848)
at org.testng.TestRunner.run(TestRunner.java:621)
at org.testng.SuiteRunner.runTest(SuiteRunner.java:443)
at org.testng.SuiteRunner.runSequentially(SuiteRunner.java:437)
at org.testng.SuiteRunner.privateRun(SuiteRunner.java:397)
at org.testng.SuiteRunner.run(SuiteRunner.java:336)
at org.testng.SuiteRunnerWorker.runSuite(SuiteRunnerWorker.java:52)
at org.testng.SuiteRunnerWorker.run(SuiteRunnerWorker.java:95)
at org.testng.TestNG.runSuitesSequentially(TestNG.java:1280)
at org.testng.TestNG.runSuitesLocally(TestNG.java:1200)
at org.testng.TestNG.runSuites(TestNG.java:1114)
at org.testng.TestNG.run(TestNG.java:1082)
at org.apache.maven.surefire.testng.TestNGExecutor.run(TestNGExecutor.java:308)
at org.apache.maven.surefire.testng.TestNGXmlTestSuite.execute(TestNGXmlTestSuite.java:71)
at org.apache.maven.surefire.testng.TestNGProvider.invoke(TestNGProvider.java:113)
at org.apache.maven.surefire.booter.ForkedBooter.runSuitesInProcess(ForkedBooter.java:385)
at org.apache.maven.surefire.booter.ForkedBooter.execute(ForkedBooter.java:162)
at org.apache.maven.surefire.booter.ForkedBooter.run(ForkedBooter.java:507)
at org.apache.maven.surefire.booter.ForkedBooter.main(ForkedBooter.java:495)
]]>
            </full-stacktrace>
          </exception> <!-- java.lang.AssertionError -->
          <reporter-output>
          </reporter-output>
        </test-method> <!-- VerifyRegisteringanAccountbyprovidinganinvalidphonenumber -->
        <test-method is-config="true" signature="teardown()[pri:0, instance:tests.RegisterTest@3e92efc3]" started-at="2026-05-23T11:20:10 IST" name="teardown" finished-at="2026-05-23T11:20:11 IST" duration-ms="235" status="PASS">
          <reporter-output>
          </reporter-output>
        </test-method> <!-- teardown -->
        <test-method is-config="true" signature="setup()[pri:0, instance:tests.RegisterTest@3e92efc3]" started-at="2026-05-23T11:20:11 IST" name="setup" finished-at="2026-05-23T11:20:16 IST" duration-ms="5223" status="PASS">
          <reporter-output>
          </reporter-output>
        </test-method> <!-- setup -->
        <test-method signature="VerifyRegisteringanAccountbyusingtheKeyboardkeys()[pri:12, instance:tests.RegisterTest@3e92efc3]" started-at="2026-05-23T11:20:16 IST" name="VerifyRegisteringanAccountbyusingtheKeyboardkeys" finished-at="2026-05-23T11:20:24 IST" duration-ms="8234" status="FAIL">
          <exception class="java.lang.AssertionError">
            <message>
              <![CDATA[expected [true] but found [false]]]>
            </message>
            <full-stacktrace>
              <![CDATA[java.lang.AssertionError: expected [true] but found [false]
at org.testng.Assert.fail(Assert.java:111)
at org.testng.Assert.failNotEquals(Assert.java:1578)
at org.testng.Assert.assertTrue(Assert.java:57)
at org.testng.Assert.assertTrue(Assert.java:67)
at tests.RegisterTest.VerifyRegisteringanAccountbyusingtheKeyboardkeys(RegisterTest.java:469)
at java.base/jdk.internal.reflect.DirectMethodHandleAccessor.invoke(DirectMethodHandleAccessor.java:104)
at java.base/java.lang.reflect.Method.invoke(Method.java:565)
at org.testng.internal.invokers.MethodInvocationHelper.invokeMethod(MethodInvocationHelper.java:139)
at org.testng.internal.invokers.TestInvoker.invokeMethod(TestInvoker.java:664)
at org.testng.internal.invokers.TestInvoker.invokeTestMethod(TestInvoker.java:227)
at org.testng.internal.invokers.MethodRunner.runInSequence(MethodRunner.java:50)
at org.testng.internal.invokers.TestInvoker$MethodInvocationAgent.invoke(TestInvoker.java:957)
at org.testng.internal.invokers.TestInvoker.invokeTestMethods(TestInvoker.java:200)
at org.testng.internal.invokers.TestMethodWorker.invokeTestMethods(TestMethodWorker.java:148)
at org.testng.internal.invokers.TestMethodWorker.run(TestMethodWorker.java:128)
at java.base/java.util.ArrayList.forEach(ArrayList.java:1604)
at org.testng.TestRunner.privateRun(TestRunner.java:848)
at org.testng.TestRunner.run(TestRunner.java:621)
at org.testng.SuiteRunner.runTest(SuiteRunner.java:443)
at org.testng.SuiteRunner.runSequentially(SuiteRunner.java:437)
at org.testng.SuiteRunner.privateRun(SuiteRunner.java:397)
at org.testng.SuiteRunner.run(SuiteRunner.java:336)
at org.testng.SuiteRunnerWorker.runSuite(SuiteRunnerWorker.java:52)
at org.testng.SuiteRunnerWorker.run(SuiteRunnerWorker.java:95)
at org.testng.TestNG.runSuitesSequentially(TestNG.java:1280)
at org.testng.TestNG.runSuitesLocally(TestNG.java:1200)
at org.testng.TestNG.runSuites(TestNG.java:1114)
at org.testng.TestNG.run(TestNG.java:1082)
at org.apache.maven.surefire.testng.TestNGExecutor.run(TestNGExecutor.java:308)
at org.apache.maven.surefire.testng.TestNGXmlTestSuite.execute(TestNGXmlTestSuite.java:71)
at org.apache.maven.surefire.testng.TestNGProvider.invoke(TestNGProvider.java:113)
at org.apache.maven.surefire.booter.ForkedBooter.runSuitesInProcess(ForkedBooter.java:385)
at org.apache.maven.surefire.booter.ForkedBooter.execute(ForkedBooter.java:162)
at org.apache.maven.surefire.booter.ForkedBooter.run(ForkedBooter.java:507)
at org.apache.maven.surefire.booter.ForkedBooter.main(ForkedBooter.java:495)
]]>
            </full-stacktrace>
          </exception> <!-- java.lang.AssertionError -->
          <reporter-output>
          </reporter-output>
        </test-method> <!-- VerifyRegisteringanAccountbyusingtheKeyboardkeys -->
        <test-method is-config="true" signature="teardown()[pri:0, instance:tests.RegisterTest@3e92efc3]" started-at="2026-05-23T11:20:24 IST" name="teardown" finished-at="2026-05-23T11:20:25 IST" duration-ms="287" status="PASS">
          <reporter-output>
          </reporter-output>
        </test-method> <!-- teardown -->
        <test-method is-config="true" signature="setup()[pri:0, instance:tests.RegisterTest@3e92efc3]" started-at="2026-05-23T11:20:25 IST" name="setup" finished-at="2026-05-23T11:20:27 IST" duration-ms="2607" status="PASS">
          <reporter-output>
          </reporter-output>
        </test-method> <!-- setup -->
        <test-method signature="VerifyallthefieldsintheRegisterAccountpagehavetheproperplaceholders()[pri:13, instance:tests.RegisterTest@3e92efc3]" started-at="2026-05-23T11:20:27 IST" name="VerifyallthefieldsintheRegisterAccountpagehavetheproperplaceholders" finished-at="2026-05-23T11:20:27 IST" duration-ms="61" status="PASS">
          <reporter-output>
          </reporter-output>
        </test-method> <!-- VerifyallthefieldsintheRegisterAccountpagehavetheproperplaceholders -->
        <test-method is-config="true" signature="teardown()[pri:0, instance:tests.RegisterTest@3e92efc3]" started-at="2026-05-23T11:20:27 IST" name="teardown" finished-at="2026-05-23T11:20:27 IST" duration-ms="254" status="PASS">
          <reporter-output>
          </reporter-output>
        </test-method> <!-- teardown -->
        <test-method is-config="true" signature="setup()[pri:0, instance:tests.RegisterTest@3e92efc3]" started-at="2026-05-23T11:20:27 IST" name="setup" finished-at="2026-05-23T11:20:30 IST" duration-ms="2642" status="PASS">
          <reporter-output>
          </reporter-output>
        </test-method> <!-- setup -->
        <test-method signature="VerifyallthemandatoryfieldsintheRegisterAccountpagearemarkedwithredcolorastricksymbol()[pri:14, instance:tests.RegisterTest@3e92efc3]" started-at="2026-05-23T11:20:30 IST" name="VerifyallthemandatoryfieldsintheRegisterAccountpagearemarkedwithredcolorastricksymbol" finished-at="2026-05-23T11:20:30 IST" duration-ms="224" status="PASS">
          <reporter-output>
          </reporter-output>
        </test-method> <!-- VerifyallthemandatoryfieldsintheRegisterAccountpagearemarkedwithredcolorastricksymbol -->
        <test-method is-config="true" signature="teardown()[pri:0, instance:tests.RegisterTest@3e92efc3]" started-at="2026-05-23T11:20:30 IST" name="teardown" finished-at="2026-05-23T11:20:31 IST" duration-ms="256" status="PASS">
          <reporter-output>
          </reporter-output>
        </test-method> <!-- teardown -->
        <test-method is-config="true" signature="setup()[pri:0, instance:tests.RegisterTest@3e92efc3]" started-at="2026-05-23T11:20:31 IST" name="setup" finished-at="2026-05-23T11:20:33 IST" duration-ms="2434" status="PASS">
          <reporter-output>
          </reporter-output>
        </test-method> <!-- setup -->
        <test-method signature="VerifywhethertheMandatoryfieldsintheRegisterAccountpagearenotacceptingonlyspaces()[pri:16, instance:tests.RegisterTest@3e92efc3]" started-at="2026-05-23T11:20:33 IST" name="VerifywhethertheMandatoryfieldsintheRegisterAccountpagearenotacceptingonlyspaces" finished-at="2026-05-23T11:20:38 IST" duration-ms="4936" status="FAIL">
          <exception class="java.lang.AssertionError">
            <message>
              <![CDATA[expected [Telephone Number is not a valid!] but found []]]>
            </message>
            <full-stacktrace>
              <![CDATA[java.lang.AssertionError: expected [Telephone Number is not a valid!] but found []
at org.testng.Assert.fail(Assert.java:111)
at org.testng.Assert.failNotEquals(Assert.java:1578)
at org.testng.Assert.assertEqualsImpl(Assert.java:150)
at org.testng.Assert.assertEquals(Assert.java:132)
at org.testng.Assert.assertEquals(Assert.java:656)
at org.testng.Assert.assertEquals(Assert.java:666)
at tests.RegisterTest.VerifywhethertheMandatoryfieldsintheRegisterAccountpagearenotacceptingonlyspaces(RegisterTest.java:603)
at java.base/jdk.internal.reflect.DirectMethodHandleAccessor.invoke(DirectMethodHandleAccessor.java:104)
at java.base/java.lang.reflect.Method.invoke(Method.java:565)
at org.testng.internal.invokers.MethodInvocationHelper.invokeMethod(MethodInvocationHelper.java:139)
at org.testng.internal.invokers.TestInvoker.invokeMethod(TestInvoker.java:664)
at org.testng.internal.invokers.TestInvoker.invokeTestMethod(TestInvoker.java:227)
at org.testng.internal.invokers.MethodRunner.runInSequence(MethodRunner.java:50)
at org.testng.internal.invokers.TestInvoker$MethodInvocationAgent.invoke(TestInvoker.java:957)
at org.testng.internal.invokers.TestInvoker.invokeTestMethods(TestInvoker.java:200)
at org.testng.internal.invokers.TestMethodWorker.invokeTestMethods(TestMethodWorker.java:148)
at org.testng.internal.invokers.TestMethodWorker.run(TestMethodWorker.java:128)
at java.base/java.util.ArrayList.forEach(ArrayList.java:1604)
at org.testng.TestRunner.privateRun(TestRunner.java:848)
at org.testng.TestRunner.run(TestRunner.java:621)
at org.testng.SuiteRunner.runTest(SuiteRunner.java:443)
at org.testng.SuiteRunner.runSequentially(SuiteRunner.java:437)
at org.testng.SuiteRunner.privateRun(SuiteRunner.java:397)
at org.testng.SuiteRunner.run(SuiteRunner.java:336)
at org.testng.SuiteRunnerWorker.runSuite(SuiteRunnerWorker.java:52)
at org.testng.SuiteRunnerWorker.run(SuiteRunnerWorker.java:95)
at org.testng.TestNG.runSuitesSequentially(TestNG.java:1280)
at org.testng.TestNG.runSuitesLocally(TestNG.java:1200)
at org.testng.TestNG.runSuites(TestNG.java:1114)
at org.testng.TestNG.run(TestNG.java:1082)
at org.apache.maven.surefire.testng.TestNGExecutor.run(TestNGExecutor.java:308)
at org.apache.maven.surefire.testng.TestNGXmlTestSuite.execute(TestNGXmlTestSuite.java:71)
at org.apache.maven.surefire.testng.TestNGProvider.invoke(TestNGProvider.java:113)
at org.apache.maven.surefire.booter.ForkedBooter.runSuitesInProcess(ForkedBooter.java:385)
at org.apache.maven.surefire.booter.ForkedBooter.execute(ForkedBooter.java:162)
at org.apache.maven.surefire.booter.ForkedBooter.run(ForkedBooter.java:507)
at org.apache.maven.surefire.booter.ForkedBooter.main(ForkedBooter.java:495)
]]>
            </full-stacktrace>
          </exception> <!-- java.lang.AssertionError -->
          <reporter-output>
          </reporter-output>
        </test-method> <!-- VerifywhethertheMandatoryfieldsintheRegisterAccountpagearenotacceptingonlyspaces -->
        <test-method is-config="true" signature="teardown()[pri:0, instance:tests.RegisterTest@3e92efc3]" started-at="2026-05-23T11:20:38 IST" name="teardown" finished-at="2026-05-23T11:20:38 IST" duration-ms="291" status="PASS">
          <reporter-output>
          </reporter-output>
        </test-method> <!-- teardown -->
        <test-method is-config="true" signature="setup()[pri:0, instance:tests.RegisterTest@3e92efc3]" started-at="2026-05-23T11:20:39 IST" name="setup" finished-at="2026-05-23T11:20:41 IST" duration-ms="2527" status="PASS">
          <reporter-output>
          </reporter-output>
        </test-method> <!-- setup -->
        <test-method signature="VerifywhetherthePasswordfieldsintheRegisterAccountpagearefollowingPasswordComplexityStandards(java.util.HashMap)[pri:17, instance:tests.RegisterTest@3e92efc3]" started-at="2026-05-23T11:20:41 IST" name="VerifywhetherthePasswordfieldsintheRegisterAccountpagearefollowingPasswordComplexityStandards" data-provider="passwordSupplier" finished-at="2026-05-23T11:20:48 IST" duration-ms="6248" status="FAIL">
          <params>
            <param index="0">
              <value>
                <![CDATA[{Passwords=12345}]]>
              </value>
            </param>
          </params>
          <exception class="java.lang.AssertionError">
            <message>
              <![CDATA[expected [true] but found [false]]]>
            </message>
            <full-stacktrace>
              <![CDATA[java.lang.AssertionError: expected [true] but found [false]
at org.testng.Assert.fail(Assert.java:111)
at org.testng.Assert.failNotEquals(Assert.java:1578)
at org.testng.Assert.assertTrue(Assert.java:57)
at org.testng.Assert.assertTrue(Assert.java:67)
at tests.RegisterTest.VerifywhetherthePasswordfieldsintheRegisterAccountpagearefollowingPasswordComplexityStandards(RegisterTest.java:641)
at java.base/jdk.internal.reflect.DirectMethodHandleAccessor.invoke(DirectMethodHandleAccessor.java:104)
at java.base/java.lang.reflect.Method.invoke(Method.java:565)
at org.testng.internal.invokers.MethodInvocationHelper.invokeMethod(MethodInvocationHelper.java:139)
at org.testng.internal.invokers.TestInvoker.invokeMethod(TestInvoker.java:664)
at org.testng.internal.invokers.TestInvoker.invokeTestMethod(TestInvoker.java:227)
at org.testng.internal.invokers.MethodRunner.runInSequence(MethodRunner.java:50)
at org.testng.internal.invokers.TestInvoker$MethodInvocationAgent.invoke(TestInvoker.java:957)
at org.testng.internal.invokers.TestInvoker.invokeTestMethods(TestInvoker.java:200)
at org.testng.internal.invokers.TestMethodWorker.invokeTestMethods(TestMethodWorker.java:148)
at org.testng.internal.invokers.TestMethodWorker.run(TestMethodWorker.java:128)
at java.base/java.util.ArrayList.forEach(ArrayList.java:1604)
at org.testng.TestRunner.privateRun(TestRunner.java:848)
at org.testng.TestRunner.run(TestRunner.java:621)
at org.testng.SuiteRunner.runTest(SuiteRunner.java:443)
at org.testng.SuiteRunner.runSequentially(SuiteRunner.java:437)
at org.testng.SuiteRunner.privateRun(SuiteRunner.java:397)
at org.testng.SuiteRunner.run(SuiteRunner.java:336)
at org.testng.SuiteRunnerWorker.runSuite(SuiteRunnerWorker.java:52)
at org.testng.SuiteRunnerWorker.run(SuiteRunnerWorker.java:95)
at org.testng.TestNG.runSuitesSequentially(TestNG.java:1280)
at org.testng.TestNG.runSuitesLocally(TestNG.java:1200)
at org.testng.TestNG.runSuites(TestNG.java:1114)
at org.testng.TestNG.run(TestNG.java:1082)
at org.apache.maven.surefire.testng.TestNGExecutor.run(TestNGExecutor.java:308)
at org.apache.maven.surefire.testng.TestNGXmlTestSuite.execute(TestNGXmlTestSuite.java:71)
at org.apache.maven.surefire.testng.TestNGProvider.invoke(TestNGProvider.java:113)
at org.apache.maven.surefire.booter.ForkedBooter.runSuitesInProcess(ForkedBooter.java:385)
at org.apache.maven.surefire.booter.ForkedBooter.execute(ForkedBooter.java:162)
at org.apache.maven.surefire.booter.ForkedBooter.run(ForkedBooter.java:507)
at org.apache.maven.surefire.booter.ForkedBooter.main(ForkedBooter.java:495)
]]>
            </full-stacktrace>
          </exception> <!-- java.lang.AssertionError -->
          <reporter-output>
          </reporter-output>
        </test-method> <!-- VerifywhetherthePasswordfieldsintheRegisterAccountpagearefollowingPasswordComplexityStandards -->
        <test-method is-config="true" signature="teardown()[pri:0, instance:tests.RegisterTest@3e92efc3]" started-at="2026-05-23T11:20:48 IST" name="teardown" finished-at="2026-05-23T11:20:48 IST" duration-ms="387" status="PASS">
          <reporter-output>
          </reporter-output>
        </test-method> <!-- teardown -->
        <test-method is-config="true" signature="setup()[pri:0, instance:tests.RegisterTest@3e92efc3]" started-at="2026-05-23T11:20:48 IST" name="setup" finished-at="2026-05-23T11:20:51 IST" duration-ms="2452" status="PASS">
          <reporter-output>
          </reporter-output>
        </test-method> <!-- setup -->
        <test-method signature="VerifywhetherthePasswordfieldsintheRegisterAccountpagearefollowingPasswordComplexityStandards(java.util.HashMap)[pri:17, instance:tests.RegisterTest@3e92efc3]" started-at="2026-05-23T11:20:51 IST" name="VerifywhetherthePasswordfieldsintheRegisterAccountpagearefollowingPasswordComplexityStandards" data-provider="passwordSupplier" finished-at="2026-05-23T11:20:56 IST" duration-ms="5423" status="FAIL">
          <params>
            <param index="0">
              <value>
                <![CDATA[{Passwords=abcdefgh}]]>
              </value>
            </param>
          </params>
          <exception class="java.lang.AssertionError">
            <message>
              <![CDATA[expected [true] but found [false]]]>
            </message>
            <full-stacktrace>
              <![CDATA[java.lang.AssertionError: expected [true] but found [false]
at org.testng.Assert.fail(Assert.java:111)
at org.testng.Assert.failNotEquals(Assert.java:1578)
at org.testng.Assert.assertTrue(Assert.java:57)
at org.testng.Assert.assertTrue(Assert.java:67)
at tests.RegisterTest.VerifywhetherthePasswordfieldsintheRegisterAccountpagearefollowingPasswordComplexityStandards(RegisterTest.java:641)
at java.base/jdk.internal.reflect.DirectMethodHandleAccessor.invoke(DirectMethodHandleAccessor.java:104)
at java.base/java.lang.reflect.Method.invoke(Method.java:565)
at org.testng.internal.invokers.MethodInvocationHelper.invokeMethod(MethodInvocationHelper.java:139)
at org.testng.internal.invokers.TestInvoker.invokeMethod(TestInvoker.java:664)
at org.testng.internal.invokers.TestInvoker.invokeTestMethod(TestInvoker.java:227)
at org.testng.internal.invokers.MethodRunner.runInSequence(MethodRunner.java:50)
at org.testng.internal.invokers.TestInvoker$MethodInvocationAgent.invoke(TestInvoker.java:957)
at org.testng.internal.invokers.TestInvoker.invokeTestMethods(TestInvoker.java:200)
at org.testng.internal.invokers.TestMethodWorker.invokeTestMethods(TestMethodWorker.java:148)
at org.testng.internal.invokers.TestMethodWorker.run(TestMethodWorker.java:128)
at java.base/java.util.ArrayList.forEach(ArrayList.java:1604)
at org.testng.TestRunner.privateRun(TestRunner.java:848)
at org.testng.TestRunner.run(TestRunner.java:621)
at org.testng.SuiteRunner.runTest(SuiteRunner.java:443)
at org.testng.SuiteRunner.runSequentially(SuiteRunner.java:437)
at org.testng.SuiteRunner.privateRun(SuiteRunner.java:397)
at org.testng.SuiteRunner.run(SuiteRunner.java:336)
at org.testng.SuiteRunnerWorker.runSuite(SuiteRunnerWorker.java:52)
at org.testng.SuiteRunnerWorker.run(SuiteRunnerWorker.java:95)
at org.testng.TestNG.runSuitesSequentially(TestNG.java:1280)
at org.testng.TestNG.runSuitesLocally(TestNG.java:1200)
at org.testng.TestNG.runSuites(TestNG.java:1114)
at org.testng.TestNG.run(TestNG.java:1082)
at org.apache.maven.surefire.testng.TestNGExecutor.run(TestNGExecutor.java:308)
at org.apache.maven.surefire.testng.TestNGXmlTestSuite.execute(TestNGXmlTestSuite.java:71)
at org.apache.maven.surefire.testng.TestNGProvider.invoke(TestNGProvider.java:113)
at org.apache.maven.surefire.booter.ForkedBooter.runSuitesInProcess(ForkedBooter.java:385)
at org.apache.maven.surefire.booter.ForkedBooter.execute(ForkedBooter.java:162)
at org.apache.maven.surefire.booter.ForkedBooter.run(ForkedBooter.java:507)
at org.apache.maven.surefire.booter.ForkedBooter.main(ForkedBooter.java:495)
]]>
            </full-stacktrace>
          </exception> <!-- java.lang.AssertionError -->
          <reporter-output>
          </reporter-output>
        </test-method> <!-- VerifywhetherthePasswordfieldsintheRegisterAccountpagearefollowingPasswordComplexityStandards -->
        <test-method is-config="true" signature="teardown()[pri:0, instance:tests.RegisterTest@3e92efc3]" started-at="2026-05-23T11:20:56 IST" name="teardown" finished-at="2026-05-23T11:20:57 IST" duration-ms="329" status="PASS">
          <reporter-output>
          </reporter-output>
        </test-method> <!-- teardown -->
        <test-method is-config="true" signature="setup()[pri:0, instance:tests.RegisterTest@3e92efc3]" started-at="2026-05-23T11:20:57 IST" name="setup" finished-at="2026-05-23T11:21:00 IST" duration-ms="3371" status="PASS">
          <reporter-output>
          </reporter-output>
        </test-method> <!-- setup -->
        <test-method signature="VerifywhetherthePasswordfieldsintheRegisterAccountpagearefollowingPasswordComplexityStandards(java.util.HashMap)[pri:17, instance:tests.RegisterTest@3e92efc3]" started-at="2026-05-23T11:21:00 IST" name="VerifywhetherthePasswordfieldsintheRegisterAccountpagearefollowingPasswordComplexityStandards" data-provider="passwordSupplier" finished-at="2026-05-23T11:21:04 IST" duration-ms="4506" status="FAIL">
          <params>
            <param index="0">
              <value>
                <![CDATA[{Passwords=abcd1234}]]>
              </value>
            </param>
          </params>
          <exception class="java.lang.AssertionError">
            <message>
              <![CDATA[expected [true] but found [false]]]>
            </message>
            <full-stacktrace>
              <![CDATA[java.lang.AssertionError: expected [true] but found [false]
at org.testng.Assert.fail(Assert.java:111)
[...]
          <reporter-output>
          </reporter-output>
        </test-method> <!-- verifySearchSelectingSearchToSubCategories -->
        <test-method is-config="true" signature="teardown()[pri:0, instance:tests.SearchTest@41e36e46]" started-at="2026-05-23T11:25:31 IST" name="teardown" finished-at="2026-05-23T11:25:31 IST" duration-ms="229" status="PASS">
          <reporter-output>
          </reporter-output>
        </test-method> <!-- teardown -->
        <test-method is-config="true" signature="Setup()[pri:0, instance:tests.SearchTest@41e36e46]" started-at="2026-05-23T11:25:31 IST" name="Setup" finished-at="2026-05-23T11:25:33 IST" duration-ms="2187" status="PASS">
          <reporter-output>
          </reporter-output>
        </test-method> <!-- Setup -->
        <test-method signature="verifyListAndGridViewsInSearchResultsHavingOnePag()[pri:11, instance:tests.SearchTest@41e36e46]" started-at="2026-05-23T11:25:33 IST" name="verifyListAndGridViewsInSearchResultsHavingOnePag" finished-at="2026-05-23T11:25:39 IST" duration-ms="5556" status="PASS">
          <reporter-output>
          </reporter-output>
        </test-method> <!-- verifyListAndGridViewsInSearchResultsHavingOnePag -->
        <test-method is-config="true" signature="teardown()[pri:0, instance:tests.SearchTest@41e36e46]" started-at="2026-05-23T11:25:39 IST" name="teardown" finished-at="2026-05-23T11:25:39 IST" duration-ms="242" status="PASS">
          <reporter-output>
          </reporter-output>
        </test-method> <!-- teardown -->
        <test-method is-config="true" signature="Setup()[pri:0, instance:tests.SearchTest@41e36e46]" started-at="2026-05-23T11:25:39 IST" name="Setup" finished-at="2026-05-23T11:25:41 IST" duration-ms="1720" status="PASS">
          <reporter-output>
          </reporter-output>
        </test-method> <!-- Setup -->
        <test-method signature="verifyListAndGridViewsWhenMultipleProductsDisplayed()[pri:12, instance:tests.SearchTest@41e36e46]" started-at="2026-05-23T11:25:41 IST" name="verifyListAndGridViewsWhenMultipleProductsDisplayed" finished-at="2026-05-23T11:25:42 IST" duration-ms="1160" status="PASS">
          <reporter-output>
          </reporter-output>
        </test-method> <!-- verifyListAndGridViewsWhenMultipleProductsDisplayed -->
        <test-method is-config="true" signature="teardown()[pri:0, instance:tests.SearchTest@41e36e46]" started-at="2026-05-23T11:25:42 IST" name="teardown" finished-at="2026-05-23T11:25:42 IST" duration-ms="213" status="PASS">
          <reporter-output>
          </reporter-output>
        </test-method> <!-- teardown -->
        <test-method is-config="true" signature="Setup()[pri:0, instance:tests.SearchTest@41e36e46]" started-at="2026-05-23T11:25:42 IST" name="Setup" finished-at="2026-05-23T11:25:44 IST" duration-ms="1691" status="PASS">
          <reporter-output>
          </reporter-output>
        </test-method> <!-- Setup -->
        <test-method signature="verifyNavigatingToProductComparisonPageFromSearchResultsPage()[pri:13, instance:tests.SearchTest@41e36e46]" started-at="2026-05-23T11:25:44 IST" name="verifyNavigatingToProductComparisonPageFromSearchResultsPage" finished-at="2026-05-23T11:25:45 IST" duration-ms="1398" status="PASS">
          <reporter-output>
          </reporter-output>
        </test-method> <!-- verifyNavigatingToProductComparisonPageFromSearchResultsPage -->
        <test-method is-config="true" signature="teardown()[pri:0, instance:tests.SearchTest@41e36e46]" started-at="2026-05-23T11:25:45 IST" name="teardown" finished-at="2026-05-23T11:25:45 IST" duration-ms="220" status="PASS">
          <reporter-output>
          </reporter-output>
        </test-method> <!-- teardown -->
        <test-method is-config="true" signature="Setup()[pri:0, instance:tests.SearchTest@41e36e46]" started-at="2026-05-23T11:25:45 IST" name="Setup" finished-at="2026-05-23T11:25:47 IST" duration-ms="1816" status="PASS">
          <reporter-output>
          </reporter-output>
        </test-method> <!-- Setup -->
        <test-method signature="verifyAllSortingInSearchresultsPage()[pri:14, instance:tests.SearchTest@41e36e46]" started-at="2026-05-23T11:25:47 IST" name="verifyAllSortingInSearchresultsPage" finished-at="2026-05-23T11:25:53 IST" duration-ms="6229" status="PASS">
          <reporter-output>
          </reporter-output>
        </test-method> <!-- verifyAllSortingInSearchresultsPage -->
        <test-method is-config="true" signature="teardown()[pri:0, instance:tests.SearchTest@41e36e46]" started-at="2026-05-23T11:25:53 IST" name="teardown" finished-at="2026-05-23T11:25:53 IST" duration-ms="238" status="PASS">
          <reporter-output>
          </reporter-output>
        </test-method> <!-- teardown -->
        <test-method is-config="true" signature="Setup()[pri:0, instance:tests.SearchTest@41e36e46]" started-at="2026-05-23T11:25:53 IST" name="Setup" finished-at="2026-05-23T11:25:55 IST" duration-ms="1860" status="PASS">
          <reporter-output>
          </reporter-output>
        </test-method> <!-- Setup -->
        <test-method signature="verifyProductsCountFromSearchBoxField()[pri:15, instance:tests.SearchTest@41e36e46]" started-at="2026-05-23T11:25:55 IST" name="verifyProductsCountFromSearchBoxField" finished-at="2026-05-23T11:26:00 IST" duration-ms="4230" status="FAIL">
          <exception class="org.openqa.selenium.NoSuchElementException">
            <message>
              <![CDATA[Cannot locate option with text: productLimitone
For documentation on this error, please visit: https://www.selenium.dev/documentation/webdriver/troubleshooting/errors#no-such-element-exception
Build info: version: '4.35.0', revision: '1c58e5028b'
System info: os.name: 'Windows 11', os.arch: 'amd64', os.version: '10.0', java.version: '25.0.3'
Driver info: driver.version: unknown]]>
            </message>
            <full-stacktrace>
              <![CDATA[org.openqa.selenium.NoSuchElementException: Cannot locate option with text: productLimitone
For documentation on this error, please visit: https://www.selenium.dev/documentation/webdriver/troubleshooting/errors#no-such-element-exception
Build info: version: '4.35.0', revision: '1c58e5028b'
System info: os.name: 'Windows 11', os.arch: 'amd64', os.version: '10.0', java.version: '25.0.3'
Driver info: driver.version: unknown
at org.openqa.selenium.support.ui.Select.selectByVisibleText(Select.java:167)
at utilities.ElementUtilities.selectOptionDropdownFieldUsingVisibleText(ElementUtilities.java:209)
at pages.SearchPage.selectShowOptionInShowDropDownField(SearchPage.java:96)
at tests.SearchTest.verifyProductsCountFromSearchBoxField(SearchTest.java:334)
at java.base/jdk.internal.reflect.DirectMethodHandleAccessor.invoke(DirectMethodHandleAccessor.java:104)
at java.base/java.lang.reflect.Method.invoke(Method.java:565)
at org.testng.internal.invokers.MethodInvocationHelper.invokeMethod(MethodInvocationHelper.java:139)
at org.testng.internal.invokers.TestInvoker.invokeMethod(TestInvoker.java:664)
at org.testng.internal.invokers.TestInvoker.invokeTestMethod(TestInvoker.java:227)
at org.testng.internal.invokers.MethodRunner.runInSequence(MethodRunner.java:50)
at org.testng.internal.invokers.TestInvoker$MethodInvocationAgent.invoke(TestInvoker.java:957)
at org.testng.internal.invokers.TestInvoker.invokeTestMethods(TestInvoker.java:200)
at org.testng.internal.invokers.TestMethodWorker.invokeTestMethods(TestMethodWorker.java:148)
at org.testng.internal.invokers.TestMethodWorker.run(TestMethodWorker.java:128)
at java.base/java.util.ArrayList.forEach(ArrayList.java:1604)
at org.testng.TestRunner.privateRun(TestRunner.java:848)
at org.testng.TestRunner.run(TestRunner.java:621)
at org.testng.SuiteRunner.runTest(SuiteRunner.java:443)
at org.testng.SuiteRunner.runSequentially(SuiteRunner.java:437)
at org.testng.SuiteRunner.privateRun(SuiteRunner.java:397)
at org.testng.SuiteRunner.run(SuiteRunner.java:336)
at org.testng.SuiteRunnerWorker.runSuite(SuiteRunnerWorker.java:52)
at org.testng.SuiteRunnerWorker.run(SuiteRunnerWorker.java:95)
at org.testng.TestNG.runSuitesSequentially(TestNG.java:1280)
at org.testng.TestNG.runSuitesLocally(TestNG.java:1200)
at org.testng.TestNG.runSuites(TestNG.java:1114)
at org.testng.TestNG.run(TestNG.java:1082)
at org.apache.maven.surefire.testng.TestNGExecutor.run(TestNGExecutor.java:308)
at org.apache.maven.surefire.testng.TestNGXmlTestSuite.execute(TestNGXmlTestSuite.java:71)
at org.apache.maven.surefire.testng.TestNGProvider.invoke(TestNGProvider.java:113)
at org.apache.maven.surefire.booter.ForkedBooter.runSuitesInProcess(ForkedBooter.java:385)
at org.apache.maven.surefire.booter.ForkedBooter.execute(ForkedBooter.java:162)
at org.apache.maven.surefire.booter.ForkedBooter.run(ForkedBooter.java:507)
at org.apache.maven.surefire.booter.ForkedBooter.main(ForkedBooter.java:495)
]]>
            </full-stacktrace>
          </exception> <!-- org.openqa.selenium.NoSuchElementException -->
          <reporter-output>
          </reporter-output>
        </test-method> <!-- verifyProductsCountFromSearchBoxField -->
        <test-method is-config="true" signature="teardown()[pri:0, instance:tests.SearchTest@41e36e46]" started-at="2026-05-23T11:26:00 IST" name="teardown" finished-at="2026-05-23T11:26:00 IST" duration-ms="468" status="PASS">
          <reporter-output>
          </reporter-output>
        </test-method> <!-- teardown -->
        <test-method is-config="true" signature="Setup()[pri:0, instance:tests.SearchTest@41e36e46]" started-at="2026-05-23T11:26:00 IST" name="Setup" finished-at="2026-05-23T11:26:02 IST" duration-ms="2008" status="PASS">
          <reporter-output>
          </reporter-output>
        </test-method> <!-- Setup -->
        <test-method signature="verifyDisplayingOfSearchFieldAndSearchButtononAllPagesOfTheApplication()[pri:16, instance:tests.SearchTest@41e36e46]" started-at="2026-05-23T11:26:02 IST" name="verifyDisplayingOfSearchFieldAndSearchButtononAllPagesOfTheApplication" finished-at="2026-05-23T11:26:34 IST" duration-ms="31485" status="PASS">
          <reporter-output>
          </reporter-output>
        </test-method> <!-- verifyDisplayingOfSearchFieldAndSearchButtononAllPagesOfTheApplication -->
        <test-method is-config="true" signature="teardown()[pri:0, instance:tests.SearchTest@41e36e46]" started-at="2026-05-23T11:26:34 IST" name="teardown" finished-at="2026-05-23T11:26:34 IST" duration-ms="308" status="PASS">
          <reporter-output>
          </reporter-output>
        </test-method> <!-- teardown -->
        <test-method is-config="true" signature="Setup()[pri:0, instance:tests.SearchTest@41e36e46]" started-at="2026-05-23T11:26:34 IST" name="Setup" finished-at="2026-05-23T11:26:36 IST" duration-ms="1905" status="PASS">
          <reporter-output>
          </reporter-output>
        </test-method> <!-- Setup -->
        <test-method signature="verifyNavigatingToPageFromSiteMapPage()[pri:17, instance:tests.SearchTest@41e36e46]" started-at="2026-05-23T11:26:36 IST" name="verifyNavigatingToPageFromSiteMapPage" finished-at="2026-05-23T11:26:37 IST" duration-ms="868" status="PASS">
          <reporter-output>
          </reporter-output>
        </test-method> <!-- verifyNavigatingToPageFromSiteMapPage -->
        <test-method is-config="true" signature="teardown()[pri:0, instance:tests.SearchTest@41e36e46]" started-at="2026-05-23T11:26:37 IST" name="teardown" finished-at="2026-05-23T11:26:37 IST" duration-ms="238" status="PASS">
          <reporter-output>
          </reporter-output>
        </test-method> <!-- teardown -->
        <test-method is-config="true" signature="Setup()[pri:0, instance:tests.SearchTest@41e36e46]" started-at="2026-05-23T11:26:37 IST" name="Setup" finished-at="2026-05-23T11:26:39 IST" duration-ms="1744" status="PASS">
          <reporter-output>
          </reporter-output>
        </test-method> <!-- Setup -->
        <test-method signature="verifyBreadCrumbOptionInSearchResultsPage()[pri:18, instance:tests.SearchTest@41e36e46]" started-at="2026-05-23T11:26:39 IST" name="verifyBreadCrumbOptionInSearchResultsPage" finished-at="2026-05-23T11:26:40 IST" duration-ms="1123" status="PASS">
          <reporter-output>
          </reporter-output>
        </test-method> <!-- verifyBreadCrumbOptionInSearchResultsPage -->
        <test-method is-config="true" signature="teardown()[pri:0, instance:tests.SearchTest@41e36e46]" started-at="2026-05-23T11:26:40 IST" name="teardown" finished-at="2026-05-23T11:26:40 IST" duration-ms="237" status="PASS">
          <reporter-output>
          </reporter-output>
        </test-method> <!-- teardown -->
        <test-method is-config="true" signature="Setup()[pri:0, instance:tests.SearchTest@41e36e46]" started-at="2026-05-23T11:26:40 IST" name="Setup" finished-at="2026-05-23T11:26:42 IST" duration-ms="1869" status="PASS">
          <reporter-output>
          </reporter-output>
        </test-method> <!-- Setup -->
        <test-method signature="verifyUsingAllOptionsOnSearchResultsPageUsingKeyboardKeys()[pri:19, instance:tests.SearchTest@41e36e46]" started-at="2026-05-23T11:26:42 IST" name="verifyUsingAllOptionsOnSearchResultsPageUsingKeyboardKeys" finished-at="2026-05-23T11:26:46 IST" duration-ms="4318" status="FAIL">
          <exception class="java.lang.AssertionError">
            <message>
              <![CDATA[expected [true] but found [false]]]>
            </message>
            <full-stacktrace>
              <![CDATA[java.lang.AssertionError: expected [true] but found [false]
at org.testng.Assert.fail(Assert.java:111)
at org.testng.Assert.failNotEquals(Assert.java:1578)
at org.testng.Assert.assertTrue(Assert.java:57)
at org.testng.Assert.assertTrue(Assert.java:67)
at tests.SearchTest.verifyUsingAllOptionsOnSearchResultsPageUsingKeyboardKeys(SearchTest.java:601)
at java.base/jdk.internal.reflect.DirectMethodHandleAccessor.invoke(DirectMethodHandleAccessor.java:104)
at java.base/java.lang.reflect.Method.invoke(Method.java:565)
at org.testng.internal.invokers.MethodInvocationHelper.invokeMethod(MethodInvocationHelper.java:139)
at org.testng.internal.invokers.TestInvoker.invokeMethod(TestInvoker.java:664)
at org.testng.internal.invokers.TestInvoker.invokeTestMethod(TestInvoker.java:227)
at org.testng.internal.invokers.MethodRunner.runInSequence(MethodRunner.java:50)
at org.testng.internal.invokers.TestInvoker$MethodInvocationAgent.invoke(TestInvoker.java:957)
at org.testng.internal.invokers.TestInvoker.invokeTestMethods(TestInvoker.java:200)
at org.testng.internal.invokers.TestMethodWorker.invokeTestMethods(TestMethodWorker.java:148)
at org.testng.internal.invokers.TestMethodWorker.run(TestMethodWorker.java:128)
at java.base/java.util.ArrayList.forEach(ArrayList.java:1604)
at org.testng.TestRunner.privateRun(TestRunner.java:848)
at org.testng.TestRunner.run(TestRunner.java:621)
at org.testng.SuiteRunner.runTest(SuiteRunner.java:443)
at org.testng.SuiteRunner.runSequentially(SuiteRunner.java:437)
at org.testng.SuiteRunner.privateRun(SuiteRunner.java:397)
at org.testng.SuiteRunner.run(SuiteRunner.java:336)
at org.testng.SuiteRunnerWorker.runSuite(SuiteRunnerWorker.java:52)
at org.testng.SuiteRunnerWorker.run(SuiteRunnerWorker.java:95)
at org.testng.TestNG.runSuitesSequentially(TestNG.java:1280)
at org.testng.TestNG.runSuitesLocally(TestNG.java:1200)
at org.testng.TestNG.runSuites(TestNG.java:1114)
at org.testng.TestNG.run(TestNG.java:1082)
at org.apache.maven.surefire.testng.TestNGExecutor.run(TestNGExecutor.java:308)
at org.apache.maven.surefire.testng.TestNGXmlTestSuite.execute(TestNGXmlTestSuite.java:71)
at org.apache.maven.surefire.testng.TestNGProvider.invoke(TestNGProvider.java:113)
at org.apache.maven.surefire.booter.ForkedBooter.runSuitesInProcess(ForkedBooter.java:385)
at org.apache.maven.surefire.booter.ForkedBooter.execute(ForkedBooter.java:162)
at org.apache.maven.surefire.booter.ForkedBooter.run(ForkedBooter.java:507)
at org.apache.maven.surefire.booter.ForkedBooter.main(ForkedBooter.java:495)
]]>
            </full-stacktrace>
          </exception> <!-- java.lang.AssertionError -->
          <reporter-output>
          </reporter-output>
        </test-method> <!-- verifyUsingAllOptionsOnSearchResultsPageUsingKeyboardKeys -->
        <test-method is-config="true" signature="teardown()[pri:0, instance:tests.SearchTest@41e36e46]" started-at="2026-05-23T11:26:46 IST" name="teardown" finished-at="2026-05-23T11:26:47 IST" duration-ms="255" status="PASS">
          <reporter-output>
          </reporter-output>
        </test-method> <!-- teardown -->
        <test-method is-config="true" signature="Setup()[pri:0, instance:tests.SearchTest@41e36e46]" started-at="2026-05-23T11:26:47 IST" name="Setup" finished-at="2026-05-23T11:26:48 IST" duration-ms="1676" status="PASS">
          <reporter-output>
          </reporter-output>
        </test-method> <!-- Setup -->
        <test-method signature="verifySearchPageURLTitleHeading()[pri:20, instance:tests.SearchTest@41e36e46]" started-at="2026-05-23T11:26:48 IST" name="verifySearchPageURLTitleHeading" finished-at="2026-05-23T11:26:49 IST" duration-ms="458" status="PASS">
          <reporter-output>
          </reporter-output>
        </test-method> <!-- verifySearchPageURLTitleHeading -->
        <test-method is-config="true" signature="teardown()[pri:0, instance:tests.SearchTest@41e36e46]" started-at="2026-05-23T11:26:49 IST" name="teardown" finished-at="2026-05-23T11:26:49 IST" duration-ms="375" status="PASS">
          <reporter-output>
          </reporter-output>
        </test-method> <!-- teardown -->
        <test-method is-config="true" signature="Setup()[pri:0, instance:tests.SearchTest@41e36e46]" started-at="2026-05-23T11:26:49 IST" name="Setup" finished-at="2026-05-23T11:26:51 IST" duration-ms="1361" status="PASS">
          <reporter-output>
          </reporter-output>
        </test-method> <!-- Setup -->
        <test-method signature="verifySearchPageUI()[pri:21, instance:tests.SearchTest@41e36e46]" started-at="2026-05-23T11:26:51 IST" name="verifySearchPageUI" finished-at="2026-05-23T11:26:52 IST" duration-ms="1099" status="PASS">
          <reporter-output>
          </reporter-output>
        </test-method> <!-- verifySearchPageUI -->
        <test-method is-config="true" signature="teardown()[pri:0, instance:tests.SearchTest@41e36e46]" started-at="2026-05-23T11:26:52 IST" name="teardown" finished-at="2026-05-23T11:26:52 IST" duration-ms="334" status="PASS">
          <reporter-output>
          </reporter-output>
        </test-method> <!-- teardown -->
        <test-method is-config="true" signature="Setup()[pri:0, instance:tests.SearchTest@41e36e46]" started-at="2026-05-23T11:26:52 IST" name="Setup" finished-at="2026-05-23T11:26:54 IST" duration-ms="1812" status="PASS">
          <reporter-output>
          </reporter-output>
        </test-method> <!-- Setup -->
        <test-method signature="verifyFuntionalityInAllenvironMents()[pri:22, instance:tests.SearchTest@41e36e46]" started-at="2026-05-23T11:26:54 IST" name="verifyFuntionalityInAllenvironMents" finished-at="2026-05-23T11:26:55 IST" duration-ms="698" status="PASS">
          <reporter-output>
          </reporter-output>
        </test-method> <!-- verifyFuntionalityInAllenvironMents -->
        <test-method is-config="true" signature="teardown()[pri:0, instance:tests.SearchTest@41e36e46]" started-at="2026-05-23T11:26:55 IST" name="teardown" finished-at="2026-05-23T11:26:55 IST" duration-ms="441" status="PASS">
          <reporter-output>
          </reporter-output>
        </test-method> <!-- teardown -->
      </class> <!-- tests.SearchTest -->
    </test> <!-- Test -->
  </suite> <!-- Suite -->
</testng-results>
