<?xml version="1.0" encoding="UTF-8"?>
<testng-results ignored="0" total="1" passed="1" failed="0" skipped="0">
  <reporter-output>
  </reporter-output>
  <suite started-at="2026-04-25T16:47:58 IST" name="Default suite" finished-at="2026-04-25T16:48:05 IST" duration-ms="7073">
    <groups>
    </groups>
    <test started-at="2026-04-25T16:47:58 IST" name="Default test" finished-at="2026-04-25T16:48:05 IST" duration-ms="7073">
      <class name="tests.Search">
        <test-method is-config="true" signature="Setup()[pri:0, instance:tests.Search@663c9e7a]" started-at="2026-04-25T16:47:58 IST" name="Setup" finished-at="2026-04-25T16:48:01 IST" duration-ms="2859" status="PASS">
          <reporter-output>
          </reporter-output>
        </test-method> <!-- Setup -->
        <test-method signature="VerifySearchingWithNOnExistingProduct()[pri:2, instance:tests.Search@663c9e7a]" started-at="2026-04-25T16:48:01 IST" name="VerifySearchingWithNOnExistingProduct" finished-at="2026-04-25T16:48:05 IST" duration-ms="3828" status="PASS">
          <reporter-output>
          </reporter-output>
        </test-method> <!-- VerifySearchingWithNOnExistingProduct -->
        <test-method is-config="true" signature="teardown()[pri:0, instance:tests.Search@663c9e7a]" started-at="2026-04-25T16:48:05 IST" name="teardown" finished-at="2026-04-25T16:48:05 IST" duration-ms="338" status="PASS">
          <reporter-output>
          </reporter-output>
        </test-method> <!-- teardown -->
      </class> <!-- tests.Search -->
    </test> <!-- Default test -->
  </suite> <!-- Default suite -->
</testng-results>
