<?xml version="1.0" encoding="UTF-8"?>
<testng-results ignored="0" total="76" passed="56" failed="20" skipped="0">
  <reporter-output>
  </reporter-output>
  <suite started-at="2026-05-18T22:30:54 IST" name="Suite" finished-at="2026-05-18T22:39:36 IST" duration-ms="522385">
    <groups>
    </groups>
    <test started-at="2026-05-18T22:30:54 IST" name="Test" finished-at="2026-05-18T22:39:36 IST" duration-ms="522385">
      <class name="tests.Login">
        <test-method is-config="true" signature="setup()[pri:0, instance:tests.Login@194fad1]" started-at="2026-05-18T22:34:29 IST" name="setup" finished-at="2026-05-18T22:34:32 IST" duration-ms="2968" status="PASS">
          <reporter-output>
          </reporter-output>
        </test-method> <!-- setup -->
        <test-method signature="VerifyLoggingIntoApplicationUsingValidCredentials()[pri:1, instance:tests.Login@194fad1]" started-at="2026-05-18T22:34:32 IST" name="VerifyLoggingIntoApplicationUsingValidCredentials" finished-at="2026-05-18T22:34:34 IST" duration-ms="1686" status="PASS">
          <reporter-output>
          </reporter-output>
        </test-method> <!-- VerifyLoggingIntoApplicationUsingValidCredentials -->
        <test-method is-config="true" signature="teardown()[pri:0, instance:tests.Login@194fad1]" started-at="2026-05-18T22:34:34 IST" name="teardown" finished-at="2026-05-18T22:34:34 IST" duration-ms="383" status="PASS">
          <reporter-output>
          </reporter-output>
        </test-method> <!-- teardown -->
        <test-method is-config="true" signature="setup()[pri:0, instance:tests.Login@194fad1]" started-at="2026-05-18T22:34:34 IST" name="setup" finished-at="2026-05-18T22:34:37 IST" duration-ms="2886" status="PASS">
          <reporter-output>
          </reporter-output>
        </test-method> <!-- setup -->
        <test-method signature="VerifyloggingintotheApplicationusinginvalidcredential()[pri:2, instance:tests.Login@194fad1]" started-at="2026-05-18T22:34:37 IST" name="VerifyloggingintotheApplicationusinginvalidcredential" finished-at="2026-05-18T22:34:39 IST" duration-ms="1826" status="PASS">
          <reporter-output>
          </reporter-output>
        </test-method> <!-- VerifyloggingintotheApplicationusinginvalidcredential -->
        <test-method is-config="true" signature="teardown()[pri:0, instance:tests.Login@194fad1]" started-at="2026-05-18T22:34:39 IST" name="teardown" finished-at="2026-05-18T22:34:40 IST" duration-ms="372" status="PASS">
          <reporter-output>
          </reporter-output>
        </test-method> <!-- teardown -->
        <test-method is-config="true" signature="setup()[pri:0, instance:tests.Login@194fad1]" started-at="2026-05-18T22:34:40 IST" name="setup" finished-at="2026-05-18T22:34:42 IST" duration-ms="2900" status="PASS">
          <reporter-output>
          </reporter-output>
        </test-method> <!-- setup -->
        <test-method signature="VerifyloggingintotheApplicationusinginvalidemailaddressandvalidPassword()[pri:3, instance:tests.Login@194fad1]" started-at="2026-05-18T22:34:42 IST" name="VerifyloggingintotheApplicationusinginvalidemailaddressandvalidPassword" finished-at="2026-05-18T22:34:44 IST" duration-ms="1697" status="PASS">
          <reporter-output>
          </reporter-output>
        </test-method> <!-- VerifyloggingintotheApplicationusinginvalidemailaddressandvalidPassword -->
        <test-method is-config="true" signature="teardown()[pri:0, instance:tests.Login@194fad1]" started-at="2026-05-18T22:34:44 IST" name="teardown" finished-at="2026-05-18T22:34:44 IST" duration-ms="365" status="PASS">
          <reporter-output>
          </reporter-output>
        </test-method> <!-- teardown -->
        <test-method is-config="true" signature="setup()[pri:0, instance:tests.Login@194fad1]" started-at="2026-05-18T22:34:44 IST" name="setup" finished-at="2026-05-18T22:34:47 IST" duration-ms="2878" status="PASS">
          <reporter-output>
          </reporter-output>
        </test-method> <!-- setup -->
        <test-method signature="VerifyloggingintotheApplicationusingvalidemailaddressandinvalidPassword()[pri:4, instance:tests.Login@194fad1]" started-at="2026-05-18T22:34:47 IST" name="VerifyloggingintotheApplicationusingvalidemailaddressandinvalidPassword" finished-at="2026-05-18T22:34:50 IST" duration-ms="2421" status="PASS">
          <reporter-output>
          </reporter-output>
        </test-method> <!-- VerifyloggingintotheApplicationusingvalidemailaddressandinvalidPassword -->
        <test-method is-config="true" signature="teardown()[pri:0, instance:tests.Login@194fad1]" started-at="2026-05-18T22:34:50 IST" name="teardown" finished-at="2026-05-18T22:34:50 IST" duration-ms="338" status="PASS">
          <reporter-output>
          </reporter-output>
        </test-method> <!-- teardown -->
        <test-method is-config="true" signature="setup()[pri:0, instance:tests.Login@194fad1]" started-at="2026-05-18T22:34:50 IST" name="setup" finished-at="2026-05-18T22:34:53 IST" duration-ms="2911" status="PASS">
          <reporter-output>
          </reporter-output>
        </test-method> <!-- setup -->
        <test-method signature="VerifyloggingintotheApplicationwithoutprovidinganycredentials()[pri:5, instance:tests.Login@194fad1]" started-at="2026-05-18T22:34:53 IST" name="VerifyloggingintotheApplicationwithoutprovidinganycredentials" finished-at="2026-05-18T22:34:55 IST" duration-ms="1799" status="PASS">
          <reporter-output>
          </reporter-output>
        </test-method> <!-- VerifyloggingintotheApplicationwithoutprovidinganycredentials -->
        <test-method is-config="true" signature="teardown()[pri:0, instance:tests.Login@194fad1]" started-at="2026-05-18T22:34:55 IST" name="teardown" finished-at="2026-05-18T22:34:55 IST" duration-ms="332" status="PASS">
          <reporter-output>
          </reporter-output>
        </test-method> <!-- teardown -->
        <test-method is-config="true" signature="setup()[pri:0, instance:tests.Login@194fad1]" started-at="2026-05-18T22:34:55 IST" name="setup" finished-at="2026-05-18T22:34:58 IST" duration-ms="3069" status="PASS">
          <reporter-output>
          </reporter-output>
        </test-method> <!-- setup -->
        <test-method signature="VerifyForgottenPasswordlinkisavailableintheLoginpageandisworking()[pri:6, instance:tests.Login@194fad1]" started-at="2026-05-18T22:34:58 IST" name="VerifyForgottenPasswordlinkisavailableintheLoginpageandisworking" finished-at="2026-05-18T22:34:59 IST" duration-ms="422" status="PASS">
          <reporter-output>
          </reporter-output>
        </test-method> <!-- VerifyForgottenPasswordlinkisavailableintheLoginpageandisworking -->
        <test-method is-config="true" signature="teardown()[pri:0, instance:tests.Login@194fad1]" started-at="2026-05-18T22:34:59 IST" name="teardown" finished-at="2026-05-18T22:34:59 IST" duration-ms="353" status="PASS">
          <reporter-output>
          </reporter-output>
        </test-method> <!-- teardown -->
        <test-method is-config="true" signature="setup()[pri:0, instance:tests.Login@194fad1]" started-at="2026-05-18T22:34:59 IST" name="setup" finished-at="2026-05-18T22:35:04 IST" duration-ms="4662" status="PASS">
          <reporter-output>
          </reporter-output>
        </test-method> <!-- setup -->
        <test-method signature="VerifyloggingintotheApplicationusingkeyboardkeys()[pri:7, instance:tests.Login@194fad1]" started-at="2026-05-18T22:35:04 IST" name="VerifyloggingintotheApplicationusingkeyboardkeys" finished-at="2026-05-18T22:35:09 IST" duration-ms="4913" status="FAIL">
          <exception class="java.lang.AssertionError">
            <message>
              <![CDATA[expected [true] but found [false]]]>
            </message>
            <full-stacktrace>
              <![CDATA[java.lang.AssertionError: expected [true] but found [false]
at org.testng.Assert.fail(Assert.java:111)
at org.testng.Assert.failNotEquals(Assert.java:1578)
at org.testng.Assert.assertTrue(Assert.java:57)
at org.testng.Assert.assertTrue(Assert.java:67)
at tests.Login.VerifyloggingintotheApplicationusingkeyboardkeys(Login.java:102)
at java.base/jdk.internal.reflect.NativeMethodAccessorImpl.invoke0(Native Method)
at java.base/jdk.internal.reflect.NativeMethodAccessorImpl.invoke(NativeMethodAccessorImpl.java:77)
at java.base/jdk.internal.reflect.DelegatingMethodAccessorImpl.invoke(DelegatingMethodAccessorImpl.java:43)
at java.base/java.lang.reflect.Method.invoke(Method.java:568)
at org.testng.internal.invokers.MethodInvocationHelper.invokeMethod(MethodInvocationHelper.java:139)
at org.testng.internal.invokers.TestInvoker.invokeMethod(TestInvoker.java:664)
at org.testng.internal.invokers.TestInvoker.invokeTestMethod(TestInvoker.java:227)
at org.testng.internal.invokers.MethodRunner.runInSequence(MethodRunner.java:50)
at org.testng.internal.invokers.TestInvoker$MethodInvocationAgent.invoke(TestInvoker.java:957)
at org.testng.internal.invokers.TestInvoker.invokeTestMethods(TestInvoker.java:200)
at org.testng.internal.invokers.TestMethodWorker.invokeTestMethods(TestMethodWorker.java:148)
at org.testng.internal.invokers.TestMethodWorker.run(TestMethodWorker.java:128)
at java.base/java.util.ArrayList.forEach(ArrayList.java:1511)
at org.testng.TestRunner.privateRun(TestRunner.java:848)
at org.testng.TestRunner.run(TestRunner.java:621)
at org.testng.SuiteRunner.runTest(SuiteRunner.java:443)
at org.testng.SuiteRunner.runSequentially(SuiteRunner.java:437)
at org.testng.SuiteRunner.privateRun(SuiteRunner.java:397)
at org.testng.SuiteRunner.run(SuiteRunner.java:336)
at org.testng.SuiteRunnerWorker.runSuite(SuiteRunnerWorker.java:52)
at org.testng.SuiteRunnerWorker.run(SuiteRunnerWorker.java:95)
at org.testng.TestNG.runSuitesSequentially(TestNG.java:1280)
at org.testng.TestNG.runSuitesLocally(TestNG.java:1200)
at org.testng.TestNG.runSuites(TestNG.java:1114)
at org.testng.TestNG.run(TestNG.java:1082)
at org.testng.remote.AbstractRemoteTestNG.run(AbstractRemoteTestNG.java:115)
at org.testng.remote.RemoteTestNG.initAndRun(RemoteTestNG.java:251)
at org.testng.remote.RemoteTestNG.main(RemoteTestNG.java:77)
]]>
            </full-stacktrace>
          </exception> <!-- java.lang.AssertionError -->
          <reporter-output>
          </reporter-output>
        </test-method> <!-- VerifyloggingintotheApplicationusingkeyboardkeys -->
        <test-method is-config="true" signature="teardown()[pri:0, instance:tests.Login@194fad1]" started-at="2026-05-18T22:35:09 IST" name="teardown" finished-at="2026-05-18T22:35:09 IST" duration-ms="343" status="PASS">
          <reporter-output>
          </reporter-output>
        </test-method> <!-- teardown -->
        <test-method is-config="true" signature="setup()[pri:0, instance:tests.Login@194fad1]" started-at="2026-05-18T22:35:09 IST" name="setup" finished-at="2026-05-18T22:35:12 IST" duration-ms="3076" status="PASS">
          <reporter-output>
          </reporter-output>
        </test-method> <!-- setup -->
        <test-method signature="VerifyEMailAddressandPasswordtextfieldsintheLoginpagehavetheplaceholdertext()[pri:8, instance:tests.Login@194fad1]" started-at="2026-05-18T22:35:12 IST" name="VerifyEMailAddressandPasswordtextfieldsintheLoginpagehavetheplaceholdertext" finished-at="2026-05-18T22:35:12 IST" duration-ms="40" status="PASS">
          <reporter-output>
          </reporter-output>
        </test-method> <!-- VerifyEMailAddressandPasswordtextfieldsintheLoginpagehavetheplaceholdertext -->
        <test-method is-config="true" signature="teardown()[pri:0, instance:tests.Login@194fad1]" started-at="2026-05-18T22:35:12 IST" name="teardown" finished-at="2026-05-18T22:35:12 IST" duration-ms="413" status="PASS">
          <reporter-output>
          </reporter-output>
        </test-method> <!-- teardown -->
        <test-method is-config="true" signature="setup()[pri:0, instance:tests.Login@194fad1]" started-at="2026-05-18T22:35:12 IST" name="setup" finished-at="2026-05-18T22:35:15 IST" duration-ms="2927" status="PASS">
          <reporter-output>
          </reporter-output>
        </test-method> <!-- setup -->
        <test-method signature="VerifyBrowsingBackAfterLogin()[pri:9, instance:tests.Login@194fad1]" started-at="2026-05-18T22:35:15 IST" name="VerifyBrowsingBackAfterLogin" finished-at="2026-05-18T22:35:19 IST" duration-ms="4036" status="FAIL">
          <exception class="java.lang.AssertionError">
            <message>
              <![CDATA[expected [true] but found [false]]]>
            </message>
            <full-stacktrace>
              <![CDATA[java.lang.AssertionError: expected [true] but found [false]
at org.testng.Assert.fail(Assert.java:111)
at org.testng.Assert.failNotEquals(Assert.java:1578)
at org.testng.Assert.assertTrue(Assert.java:57)
at org.testng.Assert.assertTrue(Assert.java:67)
at tests.Login.VerifyBrowsingBackAfterLogin(Login.java:118)
at java.base/jdk.internal.reflect.NativeMethodAccessorImpl.invoke0(Native Method)
at java.base/jdk.internal.reflect.NativeMethodAccessorImpl.invoke(NativeMethodAccessorImpl.java:77)
at java.base/jdk.internal.reflect.DelegatingMethodAccessorImpl.invoke(DelegatingMethodAccessorImpl.java:43)
at java.base/java.lang.reflect.Method.invoke(Method.java:568)
at org.testng.internal.invokers.MethodInvocationHelper.invokeMethod(MethodInvocationHelper.java:139)
at org.testng.internal.invokers.TestInvoker.invokeMethod(TestInvoker.java:664)
at org.testng.internal.invokers.TestInvoker.invokeTestMethod(TestInvoker.java:227)
at org.testng.internal.invokers.MethodRunner.runInSequence(MethodRunner.java:50)
at org.testng.internal.invokers.TestInvoker$MethodInvocationAgent.invoke(TestInvoker.java:957)
at org.testng.internal.invokers.TestInvoker.invokeTestMethods(TestInvoker.java:200)
at org.testng.internal.invokers.TestMethodWorker.invokeTestMethods(TestMethodWorker.java:148)
at org.testng.internal.invokers.TestMethodWorker.run(TestMethodWorker.java:128)
at java.base/java.util.ArrayList.forEach(ArrayList.java:1511)
at org.testng.TestRunner.privateRun(TestRunner.java:848)
at org.testng.TestRunner.run(TestRunner.java:621)
at org.testng.SuiteRunner.runTest(SuiteRunner.java:443)
at org.testng.SuiteRunner.runSequentially(SuiteRunner.java:437)
at org.testng.SuiteRunner.privateRun(SuiteRunner.java:397)
at org.testng.SuiteRunner.run(SuiteRunner.java:336)
at org.testng.SuiteRunnerWorker.runSuite(SuiteRunnerWorker.java:52)
at org.testng.SuiteRunnerWorker.run(SuiteRunnerWorker.java:95)
at org.testng.TestNG.runSuitesSequentially(TestNG.java:1280)
at org.testng.TestNG.runSuitesLocally(TestNG.java:1200)
at org.testng.TestNG.runSuites(TestNG.java:1114)
at org.testng.TestNG.run(TestNG.java:1082)
at org.testng.remote.AbstractRemoteTestNG.run(AbstractRemoteTestNG.java:115)
at org.testng.remote.RemoteTestNG.initAndRun(RemoteTestNG.java:251)
at org.testng.remote.RemoteTestNG.main(RemoteTestNG.java:77)
]]>
            </full-stacktrace>
          </exception> <!-- java.lang.AssertionError -->
          <reporter-output>
          </reporter-output>
        </test-method> <!-- VerifyBrowsingBackAfterLogin -->
        <test-method is-config="true" signature="teardown()[pri:0, instance:tests.Login@194fad1]" started-at="2026-05-18T22:35:19 IST" name="teardown" finished-at="2026-05-18T22:35:20 IST" duration-ms="384" status="PASS">
          <reporter-output>
          </reporter-output>
        </test-method> <!-- teardown -->
        <test-method is-config="true" signature="setup()[pri:0, instance:tests.Login@194fad1]" started-at="2026-05-18T22:35:20 IST" name="setup" finished-at="2026-05-18T22:35:23 IST" duration-ms="2987" status="PASS">
          <reporter-output>
          </reporter-output>
        </test-method> <!-- setup -->
        <test-method signature="VerifyBrowsingBackAfterLogout()[pri:10, instance:tests.Login@194fad1]" started-at="2026-05-18T22:35:23 IST" name="VerifyBrowsingBackAfterLogout" finished-at="2026-05-18T22:35:26 IST" duration-ms="3183" status="PASS">
          <reporter-output>
          </reporter-output>
        </test-method> <!-- VerifyBrowsingBackAfterLogout -->
        <test-method is-config="true" signature="teardown()[pri:0, instance:tests.Login@194fad1]" started-at="2026-05-18T22:35:26 IST" name="teardown" finished-at="2026-05-18T22:35:26 IST" duration-ms="384" status="PASS">
          <reporter-output>
          </reporter-output>
        </test-method> <!-- teardown -->
        <test-method is-config="true" signature="setup()[pri:0, instance:tests.Login@194fad1]" started-at="2026-05-18T22:35:26 IST" name="setup" finished-at="2026-05-18T22:35:29 IST" duration-ms="2818" status="PASS">
          <reporter-output>
          </reporter-output>
        </test-method> <!-- setup -->
        <test-method signature="verifyLoggingIntoApplicationUsingInactiveCredentials()[pri:11, instance:tests.Login@194fad1]" started-at="2026-05-18T22:35:29 IST" name="verifyLoggingIntoApplicationUsingInactiveCredentials" finished-at="2026-05-18T22:35:31 IST" duration-ms="1472" status="PASS">
          <reporter-output>
          </reporter-output>
        </test-method> <!-- verifyLoggingIntoApplicationUsingInactiveCredentials -->
        <test-method is-config="true" signature="teardown()[pri:0, instance:tests.Login@194fad1]" started-at="2026-05-18T22:35:31 IST" name="teardown" finished-at="2026-05-18T22:35:31 IST" duration-ms="378" status="PASS">
          <reporter-output>
          </reporter-output>
        </test-method> <!-- teardown -->
        <test-method is-config="true" signature="setup()[pri:0, instance:tests.Login@194fad1]" started-at="2026-05-18T22:35:31 IST" name="setup" finished-at="2026-05-18T22:35:34 IST" duration-ms="2808" status="PASS">
          <reporter-output>
          </reporter-output>
        </test-method> <!-- setup -->
        <test-method signature="VerifyNumberOfUnsuccessfullLoginAttempts()[pri:12, instance:tests.Login@194fad1]" started-at="2026-05-18T22:35:34 IST" name="VerifyNumberOfUnsuccessfullLoginAttempts" finished-at="2026-05-18T22:35:39 IST" duration-ms="5308" status="PASS">
          <reporter-output>
          </reporter-output>
        </test-method> <!-- VerifyNumberOfUnsuccessfullLoginAttempts -->
        <test-method is-config="true" signature="teardown()[pri:0, instance:tests.Login@194fad1]" started-at="2026-05-18T22:35:39 IST" name="teardown" finished-at="2026-05-18T22:35:39 IST" duration-ms="347" status="PASS">
          <reporter-output>
          </reporter-output>
        </test-method> <!-- teardown -->
        <test-method is-config="true" signature="setup()[pri:0, instance:tests.Login@194fad1]" started-at="2026-05-18T22:35:39 IST" name="setup" finished-at="2026-05-18T22:35:42 IST" duration-ms="2794" status="PASS">
          <reporter-output>
          </reporter-output>
        </test-method> <!-- setup -->
        <test-method signature="verifyLoginPasswordFieldforVisibility()[pri:13, instance:tests.Login@194fad1]" started-at="2026-05-18T22:35:42 IST" name="verifyLoginPasswordFieldforVisibility" finished-at="2026-05-18T22:35:42 IST" duration-ms="27" status="PASS">
          <reporter-output>
          </reporter-output>
        </test-method> <!-- verifyLoginPasswordFieldforVisibility -->
        <test-method is-config="true" signature="teardown()[pri:0, instance:tests.Login@194fad1]" started-at="2026-05-18T22:35:42 IST" name="teardown" finished-at="2026-05-18T22:35:43 IST" duration-ms="453" status="PASS">
          <reporter-output>
          </reporter-output>
        </test-method> <!-- teardown -->
        <test-method is-config="true" signature="setup()[pri:0, instance:tests.Login@194fad1]" started-at="2026-05-18T22:35:43 IST" name="setup" finished-at="2026-05-18T22:35:46 IST" duration-ms="2848" status="PASS">
          <reporter-output>
          </reporter-output>
        </test-method> <!-- setup -->
        <test-method signature="verifyCopyingofTextEnterIntoPasswordField()[pri:14, instance:tests.Login@194fad1]" started-at="2026-05-18T22:35:46 IST" name="verifyCopyingofTextEnterIntoPasswordField" finished-at="2026-05-18T22:35:47 IST" duration-ms="1745" status="PASS">
          <reporter-output>
          </reporter-output>
        </test-method> <!-- verifyCopyingofTextEnterIntoPasswordField -->
        <test-method is-config="true" signature="teardown()[pri:0, instance:tests.Login@194fad1]" started-at="2026-05-18T22:35:47 IST" name="teardown" finished-at="2026-05-18T22:35:48 IST" duration-ms="444" status="PASS">
          <reporter-output>
          </reporter-output>
        </test-method> <!-- teardown -->
        <test-method is-config="true" signature="setup()[pri:0, instance:tests.Login@194fad1]" started-at="2026-05-18T22:35:48 IST" name="setup" finished-at="2026-05-18T22:35:51 IST" duration-ms="2978" status="PASS">
          <reporter-output>
          </reporter-output>
        </test-method> <!-- setup -->
        <test-method signature="verifyPasswordIsnotVisibleInPageSource()[pri:15, instance:tests.Login@194fad1]" started-at="2026-05-18T22:35:51 IST" name="verifyPasswordIsnotVisibleInPageSource" finished-at="2026-05-18T22:35:51 IST" duration-ms="400" status="PASS">
          <reporter-output>
          </reporter-output>
        </test-method> <!-- verifyPasswordIsnotVisibleInPageSource -->
        <test-method is-config="true" signature="teardown()[pri:0, instance:tests.Login@194fad1]" started-at="2026-05-18T22:35:51 IST" name="teardown" finished-at="2026-05-18T22:35:52 IST" duration-ms="475" status="PASS">
          <reporter-output>
          </reporter-output>
        </test-method> <!-- teardown -->
        <test-method is-config="true" signature="setup()[pri:0, instance:tests.Login@194fad1]" started-at="2026-05-18T22:35:52 IST" name="setup" finished-at="2026-05-18T22:35:54 IST" duration-ms="2764" status="PASS">
          <reporter-output>
          </reporter-output>
        </test-method> <!-- setup -->
        <test-method signature="verifyLoginPageNavigations()[pri:17, instance:tests.Login@194fad1]" started-at="2026-05-18T22:35:54 IST" name="verifyLoginPageNavigations" finished-at="2026-05-18T22:36:12 IST" duration-ms="17733" status="FAIL">
          <exception class="org.openqa.selenium.TimeoutException">
            <message>
              <![CDATA[Expected condition failed: waiting for element to be clickable: Proxy element for: DefaultElementLocator 'By.linkText: login page' (tried for 10 second(s) with 500 milliseconds interval)]]>
            </message>
            <full-stacktrace>
              <![CDATA[org.openqa.selenium.TimeoutException: Expected condition failed: waiting for element to be clickable: Proxy element for: DefaultElementLocator 'By.linkText: login page' (tried for 10 second(s) with 500 milliseconds interval)
at org.openqa.selenium.support.ui.WebDriverWait.timeoutException(WebDriverWait.java:84)
at org.openqa.selenium.support.ui.FluentWait.until(FluentWait.java:229)
at utilities.ElementUtilities.WaitForElementToBeClickable(ElementUtilities.java:173)
at utilities.ElementUtilities.ClickOnElement(ElementUtilities.java:57)
at pages.root.RootPage.SelectAccountBreadCrumbWithoutLogin(RootPage.java:65)
at tests.Login.verifyLoginPageNavigations(Login.java:227)
at java.base/jdk.internal.reflect.NativeMethodAccessorImpl.invoke0(Native Method)
at java.base/jdk.internal.reflect.NativeMethodAccessorImpl.invoke(NativeMethodAccessorImpl.java:77)
at java.base/jdk.internal.reflect.DelegatingMethodAccessorImpl.invoke(DelegatingMethodAccessorImpl.java:43)
at java.base/java.lang.reflect.Method.invoke(Method.java:568)
at org.testng.internal.invokers.MethodInvocationHelper.invokeMethod(MethodInvocationHelper.java:139)
at org.testng.internal.invokers.TestInvoker.invokeMethod(TestInvoker.java:664)
at org.testng.internal.invokers.TestInvoker.invokeTestMethod(TestInvoker.java:227)
at org.testng.internal.invokers.MethodRunner.runInSequence(MethodRunner.java:50)
at org.testng.internal.invokers.TestInvoker$MethodInvocationAgent.invoke(TestInvoker.java:957)
at org.testng.internal.invokers.TestInvoker.invokeTestMethods(TestInvoker.java:200)
at org.testng.internal.invokers.TestMethodWorker.invokeTestMethods(TestMethodWorker.java:148)
at org.testng.internal.invokers.TestMethodWorker.run(TestMethodWorker.java:128)
at java.base/java.util.ArrayList.forEach(ArrayList.java:1511)
at org.testng.TestRunner.privateRun(TestRunner.java:848)
at org.testng.TestRunner.run(TestRunner.java:621)
at org.testng.SuiteRunner.runTest(SuiteRunner.java:443)
at org.testng.SuiteRunner.runSequentially(SuiteRunner.java:437)
at org.testng.SuiteRunner.privateRun(SuiteRunner.java:397)
at org.testng.SuiteRunner.run(SuiteRunner.java:336)
at org.testng.SuiteRunnerWorker.runSuite(SuiteRunnerWorker.java:52)
at org.testng.SuiteRunnerWorker.run(SuiteRunnerWorker.java:95)
at org.testng.TestNG.runSuitesSequentially(TestNG.java:1280)
at org.testng.TestNG.runSuitesLocally(TestNG.java:1200)
at org.testng.TestNG.runSuites(TestNG.java:1114)
at org.testng.TestNG.run(TestNG.java:1082)
at org.testng.remote.AbstractRemoteTestNG.run(AbstractRemoteTestNG.java:115)
at org.testng.remote.RemoteTestNG.initAndRun(RemoteTestNG.java:251)
at org.testng.remote.RemoteTestNG.main(RemoteTestNG.java:77)
Caused by: org.openqa.selenium.NoSuchElementException: no such element: Unable to locate element: {"method":"link text","selector":"login page"}
  (Session info: chrome=148.0.7778.168)
For documentation on this error, please visit: https://www.selenium.dev/documentation/webdriver/troubleshooting/errors#no-such-element-exception
Build info: version: '4.15.0', revision: '1d14b5521b'
System info: os.name: 'Windows 11', os.arch: 'amd64', os.version: '10.0', java.version: '17.0.5'
Driver info: org.openqa.selenium.chrome.ChromeDriver
Command: [292ea43a151bba1681d778ea02c20eee, findElement {using=link text, value=login page}]
Capabilities {acceptInsecureCerts: false, browserName: chrome, browserVersion: 148.0.7778.168, chrome: {chromedriverVersion: 148.0.7778.167 (65db666ac2c..., userDataDir: C:\Users\Tanveer\AppData\Lo...}, fedcm:accounts: true, goog:chromeOptions: {debuggerAddress: localhost:52295}, goog:processID: 16492, networkConnectionEnabled: false, pageLoadStrategy: normal, platformName: windows, proxy: Proxy(), se:cdp: ws://localhost:52295/devtoo..., se:cdpVersion: 148.0.7778.168, setWindowRect: true, strictFileInteractability: false, timeouts: {implicit: 0, pageLoad: 300000, script: 30000}, unhandledPromptBehavior: dismiss and notify, webauthn:extension:credBlob: true, webauthn:extension:largeBlob: true, webauthn:extension:minPinLength: true, webauthn:extension:prf: true, webauthn:virtualAuthenticators: true}
Session ID: 292ea43a151bba1681d778ea02c20eee
at java.base/jdk.internal.reflect.NativeConstructorAccessorImpl.newInstance0(Native Method)
at java.base/jdk.internal.reflect.NativeConstructorAccessorImpl.newInstance(NativeConstructorAccessorImpl.java:77)
at java.base/jdk.internal.reflect.DelegatingConstructorAccessorImpl.newInstance(DelegatingConstructorAccessorImpl.java:45)
at java.base/java.lang.reflect.Constructor.newInstanceWithCaller(Constructor.java:499)
at java.base/java.lang.reflect.Constructor.newInstance(Constructor.java:480)
at org.openqa.selenium.remote.codec.w3c.W3CHttpResponseCodec.createException(W3CHttpResponseCodec.java:200)
at org.openqa.selenium.remote.codec.w3c.W3CHttpResponseCodec.decode(W3CHttpResponseCodec.java:133)
at org.openqa.selenium.remote.codec.w3c.W3CHttpResponseCodec.decode(W3CHttpResponseCodec.java:52)
at org.openqa.selenium.remote.HttpCommandExecutor.execute(HttpCommandExecutor.java:191)
at org.openqa.selenium.remote.service.DriverCommandExecutor.invokeExecute(DriverCommandExecutor.java:200)
at org.openqa.selenium.remote.service.DriverCommandExecutor.execute(DriverCommandExecutor.java:175)
at org.openqa.selenium.remote.RemoteWebDriver.execute(RemoteWebDriver.java:607)
at org.openqa.selenium.remote.ElementLocation$ElementFinder$2.findElement(ElementLocation.java:165)
at org.openqa.selenium.remote.ElementLocation.findElement(ElementLocation.java:59)
at org.openqa.selenium.remote.RemoteWebDriver.findElement(RemoteWebDriver.java:364)
at org.openqa.selenium.remote.RemoteWebDriver.findElement(RemoteWebDriver.java:358)
at org.openqa.selenium.support.pagefactory.DefaultElementLocator.findElement(DefaultElementLocator.java:68)
at org.openqa.selenium.support.pagefactory.internal.LocatingElementHandler.invoke(LocatingElementHandler.java:38)
at jdk.proxy2/jdk.proxy2.$Proxy13.isDisplayed(Unknown Source)
at org.openqa.selenium.support.ui.ExpectedConditions.elementIfVisible(ExpectedConditions.java:304)
at org.openqa.selenium.support.ui.ExpectedConditions$10.apply(ExpectedConditions.java:290)
at org.openqa.selenium.support.ui.ExpectedConditions$10.apply(ExpectedConditions.java:287)
at org.openqa.selenium.support.ui.ExpectedConditions$23.apply(ExpectedConditions.java:656)
at org.openqa.selenium.support.ui.ExpectedConditions$23.apply(ExpectedConditions.java:652)
at org.openqa.selenium.support.ui.FluentWait.until(FluentWait.java:204)
... 32 more
]]>
            </full-stacktrace>
          </exception> <!-- org.openqa.selenium.TimeoutException -->
          <reporter-output>
          </reporter-output>
        </test-method> <!-- verifyLoginPageNavigations -->
        <test-method is-config="true" signature="teardown()[pri:0, instance:tests.Login@194fad1]" started-at="2026-05-18T22:36:12 IST" name="teardown" finished-at="2026-05-18T22:36:13 IST" duration-ms="418" status="PASS">
          <reporter-output>
          </reporter-output>
        </test-method> <!-- teardown -->
        <test-method is-config="true" signature="setup()[pri:0, instance:tests.Login@194fad1]" started-at="2026-05-18T22:36:13 IST" name="setup" finished-at="2026-05-18T22:36:15 IST" duration-ms="2877" status="PASS">
          <reporter-output>
          </reporter-output>
        </test-method> <!-- setup -->
        <test-method signature="verifyDiffrentwaysOfnavigatingTologinPage()[pri:18, instance:tests.Login@194fad1]" started-at="2026-05-18T22:36:15 IST" name="verifyDiffrentwaysOfnavigatingTologinPage" finished-at="2026-05-18T22:36:17 IST" duration-ms="1360" status="PASS">
          <reporter-output>
          </reporter-output>
        </test-method> <!-- verifyDiffrentwaysOfnavigatingTologinPage -->
        <test-method is-config="true" signature="teardown()[pri:0, instance:tests.Login@194fad1]" started-at="2026-05-18T22:36:17 IST" name="teardown" finished-at="2026-05-18T22:36:17 IST" duration-ms="366" status="PASS">
          <reporter-output>
          </reporter-output>
        </test-method> <!-- teardown -->
        <test-method is-config="true" signature="setup()[pri:0, instance:tests.Login@194fad1]" started-at="2026-05-18T22:36:17 IST" name="setup" finished-at="2026-05-18T22:36:20 IST" duration-ms="3006" status="PASS">
          <reporter-output>
          </reporter-output>
        </test-method> <!-- setup -->
        <test-method signature="VerifytheBreadcrumbPageHeadingPageURLPageTitleofRegisterLoginPage()[pri:19, instance:tests.Login@194fad1]" started-at="2026-05-18T22:36:20 IST" name="VerifytheBreadcrumbPageHeadingPageURLPageTitleofRegisterLoginPage" finished-at="2026-05-18T22:36:20 IST" duration-ms="180" status="PASS">
          <reporter-output>
          </reporter-output>
        </test-method> <!-- VerifytheBreadcrumbPageHeadingPageURLPageTitleofRegisterLoginPage -->
        <test-method is-config="true" signature="teardown()[pri:0, instance:tests.Login@194fad1]" started-at="2026-05-18T22:36:20 IST" name="teardown" finished-at="2026-05-18T22:36:21 IST" duration-ms="394" status="PASS">
          <reporter-output>
          </reporter-output>
        </test-method> <!-- teardown -->
        <test-method is-config="true" signature="setup()[pri:0, instance:tests.Login@194fad1]" started-at="2026-05-18T22:36:21 IST" name="setup" finished-at="2026-05-18T22:36:24 IST" duration-ms="3019" status="PASS">
          <reporter-output>
          </reporter-output>
        </test-method> <!-- setup -->
        <test-method signature="VerifyLogininallthesupportedenvironments()[pri:21, instance:tests.Login@194fad1]" started-at="2026-05-18T22:36:24 IST" name="VerifyLogininallthesupportedenvironments" finished-at="2026-05-18T22:36:26 IST" duration-ms="1942" status="PASS">
          <reporter-output>
          </reporter-output>
        </test-method> <!-- VerifyLogininallthesupportedenvironments -->
        <test-method is-config="true" signature="teardown()[pri:0, instance:tests.Login@194fad1]" started-at="2026-05-18T22:36:26 IST" name="teardown" finished-at="2026-05-18T22:36:26 IST" duration-ms="352" status="PASS">
          <reporter-output>
          </reporter-output>
        </test-method> <!-- teardown -->
      </class> <!-- tests.Login -->
      <class name="tests.Search">
        <test-method is-config="true" signature="Setup()[pri:0, instance:tests.Search@72c8e7b]" started-at="2026-05-18T22:37:20 IST" name="Setup" finished-at="2026-05-18T22:37:22 IST" duration-ms="1968" status="PASS">
          <reporter-output>
          </reporter-output>
        </test-method> <!-- Setup -->
        <test-method signature="VerifySearchingWithExistingProduct()[pri:1, instance:tests.Search@72c8e7b]" started-at="2026-05-18T22:37:22 IST" name="VerifySearchingWithExistingProduct" finished-at="2026-05-18T22:37:24 IST" duration-ms="1305" status="PASS">
          <reporter-output>
          </reporter-output>
        </test-method> <!-- VerifySearchingWithExistingProduct -->
        <test-method is-config="true" signature="teardown()[pri:0, instance:tests.Search@72c8e7b]" started-at="2026-05-18T22:37:24 IST" name="teardown" finished-at="2026-05-18T22:37:24 IST" duration-ms="420" status="PASS">
          <reporter-output>
          </reporter-output>
        </test-method> <!-- teardown -->
        <test-method is-config="true" signature="Setup()[pri:0, instance:tests.Search@72c8e7b]" started-at="2026-05-18T22:37:24 IST" name="Setup" finished-at="2026-05-18T22:37:27 IST" duration-ms="2414" status="PASS">
          <reporter-output>
          </reporter-output>
        </test-method> <!-- Setup -->
        <test-method signature="VerifySearchingWithNonExistingProduct()[pri:2, instance:tests.Search@72c8e7b]" started-at="2026-05-18T22:37:27 IST" name="VerifySearchingWithNonExistingProduct" finished-at="2026-05-18T22:37:27 IST" duration-ms="647" status="PASS">
          <reporter-output>
          </reporter-output>
        </test-method> <!-- VerifySearchingWithNonExistingProduct -->
        <test-method is-config="true" signature="teardown()[pri:0, instance:tests.Search@72c8e7b]" started-at="2026-05-18T22:37:27 IST" name="teardown" finished-at="2026-05-18T22:37:28 IST" duration-ms="362" status="PASS">
          <reporter-output>
          </reporter-output>
        </test-method> <!-- teardown -->
        <test-method is-config="true" signature="Setup()[pri:0, instance:tests.Search@72c8e7b]" started-at="2026-05-18T22:37:28 IST" name="Setup" finished-at="2026-05-18T22:37:30 IST" duration-ms="2501" status="PASS">
          <reporter-output>
          </reporter-output>
        </test-method> <!-- Setup -->
        <test-method signature="verifySearchingOfProductWithoutProvindgAnyProductName()[pri:3, instance:tests.Search@72c8e7b]" started-at="2026-05-18T22:37:30 IST" name="verifySearchingOfProductWithoutProvindgAnyProductName" finished-at="2026-05-18T22:37:30 IST" duration-ms="438" status="PASS">
          <reporter-output>
          </reporter-output>
        </test-method> <!-- verifySearchingOfProductWithoutProvindgAnyProductName -->
        <test-method is-config="true" signature="teardown()[pri:0, instance:tests.Search@72c8e7b]" started-at="2026-05-18T22:37:30 IST" name="teardown" finished-at="2026-05-18T22:37:31 IST" duration-ms="409" status="PASS">
          <reporter-output>
          </reporter-output>
        </test-method> <!-- teardown -->
        <test-method is-config="true" signature="Setup()[pri:0, instance:tests.Search@72c8e7b]" started-at="2026-05-18T22:37:31 IST" name="Setup" finished-at="2026-05-18T22:37:33 IST" duration-ms="2239" status="PASS">
          <reporter-output>
          </reporter-output>
        </test-method> <!-- Setup -->
        <test-method signature="verifyProductSearchAfterLogin()[pri:4, instance:tests.Search@72c8e7b]" started-at="2026-05-18T22:37:33 IST" name="verifyProductSearchAfterLogin" finished-at="2026-05-18T22:37:36 IST" duration-ms="2804" status="PASS">
          <reporter-output>
          </reporter-output>
        </test-method> <!-- verifyProductSearchAfterLogin -->
        <test-method is-config="true" signature="teardown()[pri:0, instance:tests.Search@72c8e7b]" started-at="2026-05-18T22:37:36 IST" name="teardown" finished-at="2026-05-18T22:37:36 IST" duration-ms="382" status="PASS">
          <reporter-output>
          </reporter-output>
        </test-method> <!-- teardown -->
        <test-method is-config="true" signature="Setup()[pri:0, instance:tests.Search@72c8e7b]" started-at="2026-05-18T22:37:36 IST" name="Setup" finished-at="2026-05-18T22:37:38 IST" duration-ms="1982" status="PASS">
          <reporter-output>
          </reporter-output>
        </test-method> <!-- Setup -->
        <test-method signature="verifyProductSearchResultingMultipleProducts()[pri:5, instance:tests.Search@72c8e7b]" started-at="2026-05-18T22:37:38 IST" name="verifyProductSearchResultingMultipleProducts" finished-at="2026-05-18T22:37:41 IST" duration-ms="2312" status="PASS">
          <reporter-output>
          </reporter-output>
        </test-method> <!-- verifyProductSearchResultingMultipleProducts -->
        <test-method is-config="true" signature="teardown()[pri:0, instance:tests.Search@72c8e7b]" started-at="2026-05-18T22:37:41 IST" name="teardown" finished-at="2026-05-18T22:37:41 IST" duration-ms="380" status="PASS">
          <reporter-output>
          </reporter-output>
        </test-method> <!-- teardown -->
        <test-method is-config="true" signature="Setup()[pri:0, instance:tests.Search@72c8e7b]" started-at="2026-05-18T22:37:41 IST" name="Setup" finished-at="2026-05-18T22:37:43 IST" duration-ms="2386" status="PASS">
          <reporter-output>
          </reporter-output>
        </test-method> <!-- Setup -->
        <test-method signature="verifySearchfunctionalityFieldPlaceHolder()[pri:6, instance:tests.Search@72c8e7b]" started-at="2026-05-18T22:37:43 IST" name="verifySearchfunctionalityFieldPlaceHolder" finished-at="2026-05-18T22:37:44 IST" duration-ms="379" status="PASS">
          <reporter-output>
          </reporter-output>
        </test-method> <!-- verifySearchfunctionalityFieldPlaceHolder -->
        <test-method is-config="true" signature="teardown()[pri:0, instance:tests.Search@72c8e7b]" started-at="2026-05-18T22:37:44 IST" name="teardown" finished-at="2026-05-18T22:37:44 IST" duration-ms="371" status="PASS">
          <reporter-output>
          </reporter-output>
        </test-method> <!-- teardown -->
        <test-method is-config="true" signature="Setup()[pri:0, instance:tests.Search@72c8e7b]" started-at="2026-05-18T22:37:44 IST" name="Setup" finished-at="2026-05-18T22:37:47 IST" duration-ms="2574" status="PASS">
          <reporter-output>
          </reporter-output>
        </test-method> <!-- Setup -->
        <test-method signature="verifySearchFunctionalityUsingSearchCrtiteriaField()[pri:7, instance:tests.Search@72c8e7b]" started-at="2026-05-18T22:37:47 IST" name="verifySearchFunctionalityUsingSearchCrtiteriaField" finished-at="2026-05-18T22:37:48 IST" duration-ms="970" status="PASS">
          <reporter-output>
          </reporter-output>
        </test-method> <!-- verifySearchFunctionalityUsingSearchCrtiteriaField -->
        <test-method is-config="true" signature="teardown()[pri:0, instance:tests.Search@72c8e7b]" started-at="2026-05-18T22:37:48 IST" name="teardown" finished-at="2026-05-18T22:37:48 IST" duration-ms="395" status="PASS">
          <reporter-output>
          </reporter-output>
        </test-method> <!-- teardown -->
        <test-method is-config="true" signature="Setup()[pri:0, instance:tests.Search@72c8e7b]" started-at="2026-05-18T22:37:48 IST" name="Setup" finished-at="2026-05-18T22:37:50 IST" duration-ms="2307" status="PASS">
          <reporter-output>
          </reporter-output>
        </test-method> <!-- Setup -->
        <test-method signature="verifySearchusingTextProductDesciption()[pri:8, instance:tests.Search@72c8e7b]" started-at="2026-05-18T22:37:50 IST" name="verifySearchusingTextProductDesciption" finished-at="2026-05-18T22:37:52 IST" duration-ms="1140" status="PASS">
          <reporter-output>
          </reporter-output>
        </test-method> <!-- verifySearchusingTextProductDesciption -->
        <test-method is-config="true" signature="teardown()[pri:0, instance:tests.Search@72c8e7b]" started-at="2026-05-18T22:37:52 IST" name="teardown" finished-at="2026-05-18T22:37:52 IST" duration-ms="406" status="PASS">
          <reporter-output>
          </reporter-output>
        </test-method> <!-- teardown -->
        <test-method is-config="true" signature="Setup()[pri:0, instance:tests.Search@72c8e7b]" started-at="2026-05-18T22:37:52 IST" name="Setup" finished-at="2026-05-18T22:37:54 IST" duration-ms="1910" status="PASS">
          <reporter-output>
          </reporter-output>
        </test-method> <!-- Setup -->
        <test-method signature="verifySearchBySelectingTheCategory()[pri:9, instance:tests.Search@72c8e7b]" started-at="2026-05-18T22:37:54 IST" name="verifySearchBySelectingTheCategory" finished-at="2026-05-18T22:37:56 IST" duration-ms="2538" status="PASS">
          <reporter-output>
          </reporter-output>
        </test-method> <!-- verifySearchBySelectingTheCategory -->
        <test-method is-config="true" signature="teardown()[pri:0, instance:tests.Search@72c8e7b]" started-at="2026-05-18T22:37:56 IST" name="teardown" finished-at="2026-05-18T22:37:57 IST" duration-ms="360" status="PASS">
          <reporter-output>
          </reporter-output>
        </test-method> <!-- teardown -->
        <test-method is-config="true" signature="Setup()[pri:0, instance:tests.Search@72c8e7b]" started-at="2026-05-18T22:37:57 IST" name="Setup" finished-at="2026-05-18T22:37:59 IST" duration-ms="2621" status="PASS">
          <reporter-output>
          </reporter-output>
        </test-method> <!-- Setup -->
        <test-method signature="verifySearchSelectingSearchToSubCategories()[pri:10, instance:tests.Search@72c8e7b]" started-at="2026-05-18T22:37:59 IST" name="verifySearchSelectingSearchToSubCategories" finished-at="2026-05-18T22:38:01 IST" duration-ms="2015" status="PASS">
          <reporter-output>
          </reporter-output>
        </test-method> <!-- verifySearchSelectingSearchToSubCategories -->
        <test-method is-config="true" signature="teardown()[pri:0, instance:tests.Search@72c8e7b]" started-at="2026-05-18T22:38:01 IST" name="teardown" finished-at="2026-05-18T22:38:02 IST" duration-ms="390" status="PASS">
          <reporter-output>
          </reporter-output>
        </test-method> <!-- teardown -->
        <test-method is-config="true" signature="Setup()[pri:0, instance:tests.Search@72c8e7b]" started-at="2026-05-18T22:38:02 IST" name="Setup" finished-at="2026-05-18T22:38:04 IST" duration-ms="1964" status="PASS">
          <reporter-output>
          </reporter-output>
        </test-method> <!-- Setup -->
        <test-method signature="verifyListAndGridViewsInSearchResultsHavingOnePag()[pri:11, instance:tests.Search@72c8e7b]" started-at="2026-05-18T22:38:04 IST" name="verifyListAndGridViewsInSearchResultsHavingOnePag" finished-at="2026-05-18T22:38:11 IST" duration-ms="6757" status="PASS">
          <reporter-output>
          </reporter-output>
        </test-method> <!-- verifyListAndGridViewsInSearchResultsHavingOnePag -->
        <test-method is-config="true" signature="teardown()[pri:0, instance:tests.Search@72c8e7b]" started-at="2026-05-18T22:38:11 IST" name="teardown" finished-at="2026-05-18T22:38:11 IST" duration-ms="492" status="PASS">
          <reporter-output>
          </reporter-output>
        </test-method> <!-- teardown -->
        <test-method is-config="true" signature="Setup()[pri:0, instance:tests.Search@72c8e7b]" started-at="2026-05-18T22:38:11 IST" name="Setup" finished-at="2026-05-18T22:38:13 IST" duration-ms="2472" status="PASS">
          <reporter-output>
          </reporter-output>
        </test-method> <!-- Setup -->
        <test-method signature="verifyListAndGridViewsWhenMultipleProductsDisplayed()[pri:12, instance:tests.Search@72c8e7b]" started-at="2026-05-18T22:38:13 IST" name="verifyListAndGridViewsWhenMultipleProductsDisplayed" finished-at="2026-05-18T22:38:14 IST" duration-ms="908" status="PASS">
          <reporter-output>
          </reporter-output>
        </test-method> <!-- verifyListAndGridViewsWhenMultipleProductsDisplayed -->
        <test-method is-config="true" signature="teardown()[pri:0, instance:tests.Search@72c8e7b]" started-at="2026-05-18T22:38:14 IST" name="teardown" finished-at="2026-05-18T22:38:15 IST" duration-ms="367" status="PASS">
          <reporter-output>
          </reporter-output>
        </test-method> <!-- teardown -->
        <test-method is-config="true" signature="Setup()[pri:0, instance:tests.Search@72c8e7b]" started-at="2026-05-18T22:38:15 IST" name="Setup" finished-at="2026-05-18T22:38:17 IST" duration-ms="1784" status="PASS">
          <reporter-output>
          </reporter-output>
        </test-method> <!-- Setup -->
        <test-method signature="verifyNavigatingToProductComparisonPageFromSearchResultsPage()[pri:13, instance:tests.Search@72c8e7b]" started-at="2026-05-18T22:38:17 IST" name="verifyNavigatingToProductComparisonPageFromSearchResultsPage" finished-at="2026-05-18T22:38:18 IST" duration-ms="1498" status="PASS">
          <reporter-output>
          </reporter-output>
        </test-method> <!-- verifyNavigatingToProductComparisonPageFromSearchResultsPage -->
        <test-method is-config="true" signature="teardown()[pri:0, instance:tests.Search@72c8e7b]" started-at="2026-05-18T22:38:18 IST" name="teardown" finished-at="2026-05-18T22:38:18 IST" duration-ms="456" status="PASS">
          <reporter-output>
          </reporter-output>
        </test-method> <!-- teardown -->
        <test-method is-config="true" signature="Setup()[pri:0, instance:tests.Search@72c8e7b]" started-at="2026-05-18T22:38:18 IST" name="Setup" finished-at="2026-05-18T22:38:20 IST" duration-ms="1788" status="PASS">
          <reporter-output>
          </reporter-output>
        </test-method> <!-- Setup -->
        <test-method signature="verifyAllSortingInSearchresultsPage()[pri:14, instance:tests.Search@72c8e7b]" started-at="2026-05-18T22:38:20 IST" name="verifyAllSortingInSearchresultsPage" finished-at="2026-05-18T22:38:28 IST" duration-ms="7503" status="PASS">
          <reporter-output>
          </reporter-output>
        </test-method> <!-- verifyAllSortingInSearchresultsPage -->
        <test-method is-config="true" signature="teardown()[pri:0, instance:tests.Search@72c8e7b]" started-at="2026-05-18T22:38:28 IST" name="teardown" finished-at="2026-05-18T22:38:28 IST" duration-ms="381" status="PASS">
          <reporter-output>
          </reporter-output>
        </test-method> <!-- teardown -->
        <test-method is-config="true" signature="Setup()[pri:0, instance:tests.Search@72c8e7b]" started-at="2026-05-18T22:38:28 IST" name="Setup" finished-at="2026-05-18T22:38:31 IST" duration-ms="2549" status="PASS">
          <reporter-output>
          </reporter-output>
        </test-method> <!-- Setup -->
        <test-method signature="how()[pri:15, instance:tests.Search@72c8e7b]" started-at="2026-05-18T22:38:31 IST" name="how" finished-at="2026-05-18T22:38:35 IST" duration-ms="4020" status="FAIL">
          <exception class="org.openqa.selenium.NoSuchElementException">
            <message>
              <![CDATA[Cannot locate option with text: productLimitone
For documentation on this error, please visit: https://www.selenium.dev/documentation/webdriver/troubleshooting/errors#no-such-element-exception
Build info: version: '4.15.0', revision: '1d14b5521b'
System info: os.name: 'Windows 11', os.arch: 'amd64', os.version: '10.0', java.version: '17.0.5'
Driver info: driver.version: unknown]]>
            </message>
            <full-stacktrace>
              <![CDATA[org.openqa.selenium.NoSuchElementException: Cannot locate option with text: productLimitone
For documentation on this error, please visit: https://www.selenium.dev/documentation/webdriver/troubleshooting/errors#no-such-element-exception
Build info: version: '4.15.0', revision: '1d14b5521b'
System info: os.name: 'Windows 11', os.arch: 'amd64', os.version: '10.0', java.version: '17.0.5'
Driver info: driver.version: unknown
at org.openqa.selenium.support.ui.Select.selectByVisibleText(Select.java:153)
at utilities.ElementUtilities.selectOptionDropdownFieldUsingVisibleText(ElementUtilities.java:204)
at pages.SearchPage.selectShowOptionInShowDropDownField(SearchPage.java:96)
at tests.Search.how(Search.java:332)
at java.base/jdk.internal.reflect.NativeMethodAccessorImpl.invoke0(Native Method)
at java.base/jdk.internal.reflect.NativeMethodAccessorImpl.invoke(NativeMethodAccessorImpl.java:77)
at java.base/jdk.internal.reflect.DelegatingMethodAccessorImpl.invoke(DelegatingMethodAccessorImpl.java:43)
at java.base/java.lang.reflect.Method.invoke(Method.java:568)
at org.testng.internal.invokers.MethodInvocationHelper.invokeMethod(MethodInvocationHelper.java:139)
at org.testng.internal.invokers.TestInvoker.invokeMethod(TestInvoker.java:664)
at org.testng.internal.invokers.TestInvoker.invokeTestMethod(TestInvoker.java:227)
at org.testng.internal.invokers.MethodRunner.runInSequence(MethodRunner.java:50)
at org.testng.internal.invokers.TestInvoker$MethodInvocationAgent.invoke(TestInvoker.java:957)
at org.testng.internal.invokers.TestInvoker.invokeTestMethods(TestInvoker.java:200)
at org.testng.internal.invokers.TestMethodWorker.invokeTestMethods(TestMethodWorker.java:148)
at org.testng.internal.invokers.TestMethodWorker.run(TestMethodWorker.java:128)
at java.base/java.util.ArrayList.forEach(ArrayList.java:1511)
at org.testng.TestRunner.privateRun(TestRunner.java:848)
at org.testng.TestRunner.run(TestRunner.java:621)
at org.testng.SuiteRunner.runTest(SuiteRunner.java:443)
at org.testng.SuiteRunner.runSequentially(SuiteRunner.java:437)
at org.testng.SuiteRunner.privateRun(SuiteRunner.java:397)
at org.testng.SuiteRunner.run(SuiteRunner.java:336)
at org.testng.SuiteRunnerWorker.runSuite(SuiteRunnerWorker.java:52)
at org.testng.SuiteRunnerWorker.run(SuiteRunnerWorker.java:95)
at org.testng.TestNG.runSuitesSequentially(TestNG.java:1280)
at org.testng.TestNG.runSuitesLocally(TestNG.java:1200)
at org.testng.TestNG.runSuites(TestNG.java:1114)
at org.testng.TestNG.run(TestNG.java:1082)
at org.testng.remote.AbstractRemoteTestNG.run(AbstractRemoteTestNG.java:115)
at org.testng.remote.RemoteTestNG.initAndRun(RemoteTestNG.java:251)
at org.testng.remote.RemoteTestNG.main(RemoteTestNG.java:77)
]]>
            </full-stacktrace>
          </exception> <!-- org.openqa.selenium.NoSuchElementException -->
          <reporter-output>
          </reporter-output>
        </test-method> <!-- how -->
        <test-method is-config="true" signature="teardown()[pri:0, instance:tests.Search@72c8e7b]" started-at="2026-05-18T22:38:35 IST" name="teardown" finished-at="2026-05-18T22:38:35 IST" duration-ms="404" status="PASS">
          <reporter-output>
          </reporter-output>
        </test-method> <!-- teardown -->
        <test-method is-config="true" signature="Setup()[pri:0, instance:tests.Search@72c8e7b]" started-at="2026-05-18T22:38:35 IST" name="Setup" finished-at="2026-05-18T22:38:37 IST" duration-ms="2253" status="PASS">
          <reporter-output>
          </reporter-output>
        </test-method> <!-- Setup -->
        <test-method signature="verifyDisplayingOfSearchFieldAndSearchButtononAllPagesOfTheApplication()[pri:16, instance:tests.Search@72c8e7b]" started-at="2026-05-18T22:38:37 IST" name="verifyDisplayingOfSearchFieldAndSearchButtononAllPagesOfTheApplication" finished-at="2026-05-18T22:39:21 IST" duration-ms="43152" status="PASS">
          <reporter-output>
          </reporter-output>
        </test-method> <!-- verifyDisplayingOfSearchFieldAndSearchButtononAllPagesOfTheApplication -->
        <test-method is-config="true" signature="teardown()[pri:0, instance:tests.Search@72c8e7b]" started-at="2026-05-18T22:39:21 IST" name="teardown" finished-at="2026-05-18T22:39:21 IST" duration-ms="442" status="PASS">
          <reporter-output>
          </reporter-output>
        </test-method> <!-- teardown -->
        <test-method is-config="true" signature="Setup()[pri:0, instance:tests.Search@72c8e7b]" started-at="2026-05-18T22:39:21 IST" name="Setup" finished-at="2026-05-18T22:39:23 IST" duration-ms="2507" status="PASS">
          <reporter-output>
          </reporter-output>
        </test-method> <!-- Setup -->
        <test-method signature="verifyNavigatingToPageFromSiteMapPage()[pri:17, instance:tests.Search@72c8e7b]" started-at="2026-05-18T22:39:23 IST" name="verifyNavigatingToPageFromSiteMapPage" finished-at="2026-05-18T22:39:24 IST" duration-ms="806" status="PASS">
          <reporter-output>
          </reporter-output>
        </test-method> <!-- verifyNavigatingToPageFromSiteMapPage -->
        <test-method is-config="true" signature="teardown()[pri:0, instance:tests.Search@72c8e7b]" started-at="2026-05-18T22:39:24 IST" name="teardown" finished-at="2026-05-18T22:39:25 IST" duration-ms="365" status="PASS">
          <reporter-output>
          </reporter-output>
        </test-method> <!-- teardown -->
        <test-method is-config="true" signature="Setup()[pri:0, instance:tests.Search@72c8e7b]" started-at="2026-05-18T22:39:25 IST" name="Setup" finished-at="2026-05-18T22:39:26 IST" duration-ms="1834" status="PASS">
          <reporter-output>
          </reporter-output>
        </test-method> <!-- Setup -->
        <test-method signature="verifyBreadCrumbOptionInSearchResultsPage()[pri:18, instance:tests.Search@72c8e7b]" started-at="2026-05-18T22:39:26 IST" name="verifyBreadCrumbOptionInSearchResultsPage" finished-at="2026-05-18T22:39:28 IST" duration-ms="1467" status="PASS">
          <reporter-output>
          </reporter-output>
        </test-method> <!-- verifyBreadCrumbOptionInSearchResultsPage -->
        <test-method is-config="true" signature="teardown()[pri:0, instance:tests.Search@72c8e7b]" started-at="2026-05-18T22:39:28 IST" name="teardown" finished-at="2026-05-18T22:39:28 IST" duration-ms="464" status="PASS">
          <reporter-output>
          </reporter-output>
        </test-method> <!-- teardown -->
        <test-method is-config="true" signature="Setup()[pri:0, instance:tests.Search@72c8e7b]" started-at="2026-05-18T22:39:28 IST" name="Setup" finished-at="2026-05-18T22:39:31 IST" duration-ms="2440" status="PASS">
          <reporter-output>
          </reporter-output>
        </test-method> <!-- Setup -->
        <test-method signature="verifyUsingAllOptionsOnSearchResultsPageUsingKeyboardKeys()[pri:19, instance:tests.Search@72c8e7b]" started-at="2026-05-18T22:39:31 IST" name="verifyUsingAllOptionsOnSearchResultsPageUsingKeyboardKeys" finished-at="2026-05-18T22:39:35 IST" duration-ms="4624" status="FAIL">
          <exception class="java.lang.AssertionError">
            <message>
              <![CDATA[expected [true] but found [false]]]>
            </message>
            <full-stacktrace>
              <![CDATA[java.lang.AssertionError: expected [true] but found [false]
at org.testng.Assert.fail(Assert.java:111)
at org.testng.Assert.failNotEquals(Assert.java:1578)
at org.testng.Assert.assertTrue(Assert.java:57)
at org.testng.Assert.assertTrue(Assert.java:67)
at tests.Search.verifyUsingAllOptionsOnSearchResultsPageUsingKeyboardKeys(Search.java:598)
at java.base/jdk.internal.reflect.NativeMethodAccessorImpl.invoke0(Native Method)
at java.base/jdk.internal.reflect.NativeMethodAccessorImpl.invoke(NativeMethodAccessorImpl.java:77)
at java.base/jdk.internal.reflect.DelegatingMethodAccessorImpl.invoke(DelegatingMethodAccessorImpl.java:43)
at java.base/java.lang.reflect.Method.invoke(Method.java:568)
at org.testng.internal.invokers.MethodInvocationHelper.invokeMethod(MethodInvocationHelper.java:139)
at org.testng.internal.invokers.TestInvoker.invokeMethod(TestInvoker.java:664)
at org.testng.internal.invokers.TestInvoker.invokeTestMethod(TestInvoker.java:227)
at org.testng.internal.invokers.MethodRunner.runInSequence(MethodRunner.java:50)
at org.testng.internal.invokers.TestInvoker$MethodInvocationAgent.invoke(TestInvoker.java:957)
at org.testng.internal.invokers.TestInvoker.invokeTestMethods(TestInvoker.java:200)
at org.testng.internal.invokers.TestMethodWorker.invokeTestMethods(TestMethodWorker.java:148)
at org.testng.internal.invokers.TestMethodWorker.run(TestMethodWorker.java:128)
at java.base/java.util.ArrayList.forEach(ArrayList.java:1511)
at org.testng.TestRunner.privateRun(TestRunner.java:848)
at org.testng.TestRunner.run(TestRunner.java:621)
at org.testng.SuiteRunner.runTest(SuiteRunner.java:443)
at org.testng.SuiteRunner.runSequentially(SuiteRunner.java:437)
at org.testng.SuiteRunner.privateRun(SuiteRunner.java:397)
at org.testng.SuiteRunner.run(SuiteRunner.java:336)
at org.testng.SuiteRunnerWorker.runSuite(SuiteRunnerWorker.java:52)
at org.testng.SuiteRunnerWorker.run(SuiteRunnerWorker.java:95)
at org.testng.TestNG.runSuitesSequentially(TestNG.java:1280)
at org.testng.TestNG.runSuitesLocally(TestNG.java:1200)
at org.testng.TestNG.runSuites(TestNG.java:1114)
at org.testng.TestNG.run(TestNG.java:1082)
at org.testng.remote.AbstractRemoteTestNG.run(AbstractRemoteTestNG.java:115)
at org.testng.remote.RemoteTestNG.initAndRun(RemoteTestNG.java:251)
at org.testng.remote.RemoteTestNG.main(RemoteTestNG.java:77)
]]>
            </full-stacktrace>
          </exception> <!-- java.lang.AssertionError -->
          <reporter-output>
          </reporter-output>
        </test-method> <!-- verifyUsingAllOptionsOnSearchResultsPageUsingKeyboardKeys -->
        <test-method is-config="true" signature="teardown()[pri:0, instance:tests.Search@72c8e7b]" started-at="2026-05-18T22:39:35 IST" name="teardown" finished-at="2026-05-18T22:39:36 IST" duration-ms="492" status="PASS">
          <reporter-output>
          </reporter-output>
        </test-method> <!-- teardown -->
      </class> <!-- tests.Search -->
      <class name="tests.Logout">
        <test-method is-config="true" signature="Setup()[pri:0, instance:tests.Logout@26abb146]" started-at="2026-05-18T22:36:26 IST" name="Setup" finished-at="2026-05-18T22:36:28 IST" duration-ms="2389" status="PASS">
          <reporter-output>
          </reporter-output>
        </test-method> <!-- Setup -->
        <test-method signature="VerifyLoggingoutUsingMyAccountLogoutOption()[pri:1, instance:tests.Logout@26abb146]" started-at="2026-05-18T22:36:28 IST" name="VerifyLoggingoutUsingMyAccountLogoutOption" finished-at="2026-05-18T22:36:32 IST" duration-ms="3208" status="PASS">
          <reporter-output>
          </reporter-output>
        </test-method> <!-- VerifyLoggingoutUsingMyAccountLogoutOption -->
        <test-method is-config="true" signature="teardown()[pri:0, instance:tests.Logout@26abb146]" started-at="2026-05-18T22:36:32 IST" name="teardown" finished-at="2026-05-18T22:36:32 IST" duration-ms="398" status="PASS">
          <reporter-output>
          </reporter-output>
        </test-method> <!-- teardown -->
        <test-method is-config="true" signature="Setup()[pri:0, instance:tests.Logout@26abb146]" started-at="2026-05-18T22:36:32 IST" name="Setup" finished-at="2026-05-18T22:36:35 IST" duration-ms="2414" status="PASS">
          <reporter-output>
          </reporter-output>
        </test-method> <!-- Setup -->
        <test-method signature="verifyLoggingOutUsingrightColumOptions()[pri:2, instance:tests.Logout@26abb146]" started-at="2026-05-18T22:36:35 IST" name="verifyLoggingOutUsingrightColumOptions" finished-at="2026-05-18T22:36:38 IST" duration-ms="3133" status="PASS">
          <reporter-output>
          </reporter-output>
        </test-method> <!-- verifyLoggingOutUsingrightColumOptions -->
        <test-method is-config="true" signature="teardown()[pri:0, instance:tests.Logout@26abb146]" started-at="2026-05-18T22:36:38 IST" name="teardown" finished-at="2026-05-18T22:36:38 IST" duration-ms="379" status="PASS">
          <reporter-output>
          </reporter-output>
        </test-method> <!-- teardown -->
        <test-method is-config="true" signature="Setup()[pri:0, instance:tests.Logout@26abb146]" started-at="2026-05-18T22:36:38 IST" name="Setup" finished-at="2026-05-18T22:36:40 IST" duration-ms="1956" status="PASS">
          <reporter-output>
          </reporter-output>
        </test-method> <!-- Setup -->
        <test-method signature="verifyLoggingoutAndBrowsingBack()[pri:3, instance:tests.Logout@26abb146]" started-at="2026-05-18T22:36:40 IST" name="verifyLoggingoutAndBrowsingBack" finished-at="2026-05-18T22:36:43 IST" duration-ms="3516" status="PASS">
          <reporter-output>
          </reporter-output>
        </test-method> <!-- verifyLoggingoutAndBrowsingBack -->
        <test-method is-config="true" signature="teardown()[pri:0, instance:tests.Logout@26abb146]" started-at="2026-05-18T22:36:43 IST" name="teardown" finished-at="2026-05-18T22:36:44 IST" duration-ms="391" status="PASS">
          <reporter-output>
          </reporter-output>
        </test-method> <!-- teardown -->
        <test-method is-config="true" signature="Setup()[pri:0, instance:tests.Logout@26abb146]" started-at="2026-05-18T22:36:44 IST" name="Setup" finished-at="2026-05-18T22:36:46 IST" duration-ms="2126" status="PASS">
          <reporter-output>
          </reporter-output>
        </test-method> <!-- Setup -->
        <test-method signature="NoLogoutOptionBeforeLoginInMyAccountdropMenu()[pri:4, instance:tests.Logout@26abb146]" started-at="2026-05-18T22:36:46 IST" name="NoLogoutOptionBeforeLoginInMyAccountdropMenu" finished-at="2026-05-18T22:36:50 IST" duration-ms="3918" status="PASS">
          <reporter-output>
          </reporter-output>
        </test-method> <!-- NoLogoutOptionBeforeLoginInMyAccountdropMenu -->
        <test-method is-config="true" signature="teardown()[pri:0, instance:tests.Logout@26abb146]" started-at="2026-05-18T22:36:50 IST" name="teardown" finished-at="2026-05-18T22:36:50 IST" duration-ms="407" status="PASS">
          <reporter-output>
          </reporter-output>
        </test-method> <!-- teardown -->
        <test-method is-config="true" signature="Setup()[pri:0, instance:tests.Logout@26abb146]" started-at="2026-05-18T22:36:50 IST" name="Setup" finished-at="2026-05-18T22:36:53 IST" duration-ms="2358" status="PASS">
          <reporter-output>
          </reporter-output>
        </test-method> <!-- Setup -->
        <test-method signature="verifynoLogoutOptionBeforeLoginInrightColumoptions()[pri:5, instance:tests.Logout@26abb146]" started-at="2026-05-18T22:36:53 IST" name="verifynoLogoutOptionBeforeLoginInrightColumoptions" finished-at="2026-05-18T22:36:56 IST" duration-ms="3667" status="PASS">
          <reporter-output>
          </reporter-output>
        </test-method> <!-- verifynoLogoutOptionBeforeLoginInrightColumoptions -->
        <test-method is-config="true" signature="teardown()[pri:0, instance:tests.Logout@26abb146]" started-at="2026-05-18T22:36:56 IST" name="teardown" finished-at="2026-05-18T22:36:57 IST" duration-ms="429" status="PASS">
          <reporter-output>
          </reporter-output>
        </test-method> <!-- teardown -->
        <test-method is-config="true" signature="Setup()[pri:0, instance:tests.Logout@26abb146]" started-at="2026-05-18T22:36:57 IST" name="Setup" finished-at="2026-05-18T22:36:59 IST" duration-ms="2438" status="PASS">
          <reporter-output>
          </reporter-output>
        </test-method> <!-- Setup -->
        <test-method signature="verifyLoginImmediatelyAfterLogout()[pri:6, instance:tests.Logout@26abb146]" started-at="2026-05-18T22:36:59 IST" name="verifyLoginImmediatelyAfterLogout" finished-at="2026-05-18T22:37:05 IST" duration-ms="5786" status="PASS">
          <reporter-output>
          </reporter-output>
        </test-method> <!-- verifyLoginImmediatelyAfterLogout -->
        <test-method is-config="true" signature="teardown()[pri:0, instance:tests.Logout@26abb146]" started-at="2026-05-18T22:37:05 IST" name="teardown" finished-at="2026-05-18T22:37:05 IST" duration-ms="398" status="PASS">
          <reporter-output>
          </reporter-output>
        </test-method> <!-- teardown -->
        <test-method is-config="true" signature="Setup()[pri:0, instance:tests.Logout@26abb146]" started-at="2026-05-18T22:37:05 IST" name="Setup" finished-at="2026-05-18T22:37:07 IST" duration-ms="1978" status="PASS">
          <reporter-output>
          </reporter-output>
        </test-method> <!-- Setup -->
        <test-method signature="verifyBreadCrumbTitleUrlHeadingOfAccountLogoutPage()[pri:7, instance:tests.Logout@26abb146]" started-at="2026-05-18T22:37:07 IST" name="verifyBreadCrumbTitleUrlHeadingOfAccountLogoutPage" finished-at="2026-05-18T22:37:11 IST" duration-ms="3191" status="FAIL">
          <exception class="java.lang.AssertionError">
            <message>
              <![CDATA[expected [index.php?route=account/logout] but found [https://tutorialsninja.com/demo/index.php?route=account/logout]]]>
            </message>
            <full-stacktrace>
              <![CDATA[java.lang.AssertionError: expected [index.php?route=account/logout] but found [https://tutorialsninja.com/demo/index.php?route=account/logout]
at org.testng.Assert.fail(Assert.java:111)
at org.testng.Assert.failNotEquals(Assert.java:1578)
at org.testng.Assert.assertEqualsImpl(Assert.java:150)
at org.testng.Assert.assertEquals(Assert.java:132)
at org.testng.Assert.assertEquals(Assert.java:656)
at org.testng.Assert.assertEquals(Assert.java:666)
at tests.Logout.verifyBreadCrumbTitleUrlHeadingOfAccountLogoutPage(Logout.java:118)
at java.base/jdk.internal.reflect.NativeMethodAccessorImpl.invoke0(Native Method)
at java.base/jdk.internal.reflect.NativeMethodAccessorImpl.invoke(NativeMethodAccessorImpl.java:77)
at java.base/jdk.internal.reflect.DelegatingMethodAccessorImpl.invoke(DelegatingMethodAccessorImpl.java:43)
at java.base/java.lang.reflect.Method.invoke(Method.java:568)
at org.testng.internal.invokers.MethodInvocationHelper.invokeMethod(MethodInvocationHelper.java:139)
at org.testng.internal.invokers.TestInvoker.invokeMethod(TestInvoker.java:664)
at org.testng.internal.invokers.TestInvoker.invokeTestMethod(TestInvoker.java:227)
at org.testng.internal.invokers.MethodRunner.runInSequence(MethodRunner.java:50)
at org.testng.internal.invokers.TestInvoker$MethodInvocationAgent.invoke(TestInvoker.java:957)
at org.testng.internal.invokers.TestInvoker.invokeTestMethods(TestInvoker.java:200)
at org.testng.internal.invokers.TestMethodWorker.invokeTestMethods(TestMethodWorker.java:148)
at org.testng.internal.invokers.TestMethodWorker.run(TestMethodWorker.java:128)
at java.base/java.util.ArrayList.forEach(ArrayList.java:1511)
at org.testng.TestRunner.privateRun(TestRunner.java:848)
at org.testng.TestRunner.run(TestRunner.java:621)
at org.testng.SuiteRunner.runTest(SuiteRunner.java:443)
at org.testng.SuiteRunner.runSequentially(SuiteRunner.java:437)
at org.testng.SuiteRunner.privateRun(SuiteRunner.java:397)
at org.testng.SuiteRunner.run(SuiteRunner.java:336)
at org.testng.SuiteRunnerWorker.runSuite(SuiteRunnerWorker.java:52)
at org.testng.SuiteRunnerWorker.run(SuiteRunnerWorker.java:95)
at org.testng.TestNG.runSuitesSequentially(TestNG.java:1280)
at org.testng.TestNG.runSuitesLocally(TestNG.java:1200)
at org.testng.TestNG.runSuites(TestNG.java:1114)
at org.testng.TestNG.run(TestNG.java:1082)
at org.testng.remote.AbstractRemoteTestNG.run(AbstractRemoteTestNG.java:115)
at org.testng.remote.RemoteTestNG.initAndRun(RemoteTestNG.java:251)
at org.testng.remote.RemoteTestNG.main(RemoteTestNG.java:77)
]]>
            </full-stacktrace>
          </exception> <!-- java.lang.AssertionError -->
          <reporter-output>
          </reporter-output>
        </test-method> <!-- verifyBreadCrumbTitleUrlHeadingOfAccountLogoutPage -->
        <test-method is-config="true" signature="teardown()[pri:0, instance:tests.Logout@26abb146]" started-at="2026-05-18T22:37:11 IST" name="teardown" finished-at="2026-05-18T22:37:11 IST" duration-ms="378" status="PASS">
          <reporter-output>
          </reporter-output>
        </test-method> <!-- teardown -->
        <test-method is-config="true" signature="Setup()[pri:0, instance:tests.Logout@26abb146]" started-at="2026-05-18T22:37:11 IST" name="Setup" finished-at="2026-05-18T22:37:13 IST" duration-ms="2390" status="PASS">
          <reporter-output>
          </reporter-output>
        </test-method> <!-- Setup -->
        <test-method signature="verfiyLogoutUI()[pri:8, instance:tests.Logout@26abb146]" started-at="2026-05-18T22:37:13 IST" name="verfiyLogoutUI" finished-at="2026-05-18T22:37:15 IST" duration-ms="1999" status="FAIL">
          <exception class="org.openqa.selenium.StaleElementReferenceException">
            <message>
              <![CDATA[stale element reference: stale element not found
  (Session info: chrome=148.0.7778.168)
For documentation on this error, please visit: https://www.selenium.dev/documentation/webdriver/troubleshooting/errors#stale-element-reference-exception
Build info: version: '4.15.0', revision: '1d14b5521b'
System info: os.name: 'Windows 11', os.arch: 'amd64', os.version: '10.0', java.version: '17.0.5'
Driver info: org.openqa.selenium.chrome.ChromeDriver
Command: [f4c3601abb6efb781b90e230a95e4c28, isElementDisplayed {id=f.82FFB98118469D47A01A2C9F78A738C3.d.AD69113C9083936D255A40A849A1C983.e.54}]
Capabilities {acceptInsecureCerts: false, browserName: chrome, browserVersion: 148.0.7778.168, chrome: {chromedriverVersion: 148.0.7778.167 (65db666ac2c..., userDataDir: C:\Users\Tanveer\AppData\Lo...}, fedcm:accounts: true, goog:chromeOptions: {debuggerAddress: localhost:57097}, goog:processID: 13872, networkConnectionEnabled: false, pageLoadStrategy: normal, platformName: windows, proxy: Proxy(), se:cdp: ws://localhost:57097/devtoo..., se:cdpVersion: 148.0.7778.168, setWindowRect: true, strictFileInteractability: false, timeouts: {implicit: 0, pageLoad: 300000, script: 30000}, unhandledPromptBehavior: dismiss and notify, webauthn:extension:credBlob: true, webauthn:extension:largeBlob: true, webauthn:extension:minPinLength: true, webauthn:extension:prf: true, webauthn:virtualAuthenticators: true}
Element: [[ChromeDriver: chrome on windows (f4c3601abb6efb781b90e230a95e4c28)] -> xpath: //span[text()='My Account']]
Session ID: f4c3601abb6efb781b90e230a95e4c28]]>
            </message>
            <full-stacktrace>
              <![CDATA[org.openqa.selenium.StaleElementReferenceException: stale element reference: stale element not found
  (Session info: chrome=148.0.7778.168)
For documentation on this error, please visit: https://www.selenium.dev/documentation/webdriver/troubleshooting/errors#stale-element-reference-exception
Build info: version: '4.15.0', revision: '1d14b5521b'
System info: os.name: 'Windows 11', os.arch: 'amd64', os.version: '10.0', java.version: '17.0.5'
Driver info: org.openqa.selenium.chrome.ChromeDriver
Command: [f4c3601abb6efb781b90e230a95e4c28, isElementDisplayed {id=f.82FFB98118469D47A01A2C9F78A738C3.d.AD69113C9083936D255A40A849A1C983.e.54}]
Capabilities {acceptInsecureCerts: false, browserName: chrome, browserVersion: 148.0.7778.168, chrome: {chromedriverVersion: 148.0.7778.167 (65db666ac2c..., userDataDir: C:\Users\Tanveer\AppData\Lo...}, fedcm:accounts: true, goog:chromeOptions: {debuggerAddress: localhost:57097}, goog:processID: 13872, networkConnectionEnabled: false, pageLoadStrategy: normal, platformName: windows, proxy: Proxy(), se:cdp: ws://localhost:57097/devtoo..., se:cdpVersion: 148.0.7778.168, setWindowRect: true, strictFileInteractability: false, timeouts: {implicit: 0, pageLoad: 300000, script: 30000}, unhandledPromptBehavior: dismiss and notify, webauthn:extension:credBlob: true, webauthn:extension:largeBlob: true, webauthn:extension:minPinLength: true, webauthn:extension:prf: true, webauthn:virtualAuthenticators: true}
Element: [[ChromeDriver: chrome on windows (f4c3601abb6efb781b90e230a95e4c28)] -> xpath: //span[text()='My Account']]
Session ID: f4c3601abb6efb781b90e230a95e4c28
at java.base/jdk.internal.reflect.NativeConstructorAccessorImpl.newInstance0(Native Method)
at java.base/jdk.internal.reflect.NativeConstructorAccessorImpl.newInstance(NativeConstructorAccessorImpl.java:77)
at java.base/jdk.internal.reflect.DelegatingConstructorAccessorImpl.newInstance(DelegatingConstructorAccessorImpl.java:45)
at java.base/java.lang.reflect.Constructor.newInstanceWithCaller(Constructor.java:499)
at java.base/java.lang.reflect.Constructor.newInstance(Constructor.java:480)
at org.openqa.selenium.remote.codec.w3c.W3CHttpResponseCodec.createException(W3CHttpResponseCodec.java:200)
at org.openqa.selenium.remote.codec.w3c.W3CHttpResponseCodec.decode(W3CHttpResponseCodec.java:133)
at org.openqa.selenium.remote.codec.w3c.W3CHttpResponseCodec.decode(W3CHttpResponseCodec.java:52)
at org.openqa.selenium.remote.HttpCommandExecutor.execute(HttpCommandExecutor.java:191)
at org.openqa.selenium.remote.service.DriverCommandExecutor.invokeExecute(DriverCommandExecutor.java:200)
at org.openqa.selenium.remote.service.DriverCommandExecutor.execute(DriverCommandExecutor.java:175)
at org.openqa.selenium.remote.RemoteWebDriver.execute(RemoteWebDriver.java:607)
at org.openqa.selenium.remote.RemoteWebElement.execute(RemoteWebElement.java:224)
at org.openqa.selenium.remote.RemoteWebElement.isDisplayed(RemoteWebElement.java:283)
at jdk.internal.reflect.GeneratedMethodAccessor1.invoke(Unknown Source)
at java.base/jdk.internal.reflect.DelegatingMethodAccessorImpl.invoke(DelegatingMethodAccessorImpl.java:43)
at java.base/java.lang.reflect.Method.invoke(Method.java:568)
at org.openqa.selenium.support.pagefactory.internal.LocatingElementHandler.invoke(LocatingElementHandler.java:51)
at jdk.proxy2/jdk.proxy2.$Proxy13.isDisplayed(Unknown Source)
at org.openqa.selenium.support.ui.ExpectedConditions.elementIfVisible(ExpectedConditions.java:304)
at org.openqa.selenium.support.ui.ExpectedConditions$10.apply(ExpectedConditions.java:290)
at org.openqa.selenium.support.ui.ExpectedConditions$10.apply(ExpectedConditions.java:287)
at org.openqa.selenium.support.ui.ExpectedConditions$23.apply(ExpectedConditions.java:656)
at org.openqa.selenium.support.ui.ExpectedConditions$23.apply(ExpectedConditions.java:652)
at org.openqa.selenium.support.ui.FluentWait.until(FluentWait.java:204)
at utilities.ElementUtilities.WaitForElementToBeClickable(ElementUtilities.java:173)
at utilities.ElementUtilities.ClickOnElement(ElementUtilities.java:57)
at pages.HeaderOptions.ClickOnMyAccountDropMenu(HeaderOptions.java:170)
at tests.Logout.verfiyLogoutUI(Logout.java:129)
at java.base/jdk.internal.reflect.NativeMethodAccessorImpl.invoke0(Native Method)
at java.base/jdk.internal.reflect.NativeMethodAccessorImpl.invoke(NativeMethodAccessorImpl.java:77)
at java.base/jdk.internal.reflect.DelegatingMethodAccessorImpl.invoke(DelegatingMethodAccessorImpl.java:43)
at java.base/java.lang.reflect.Method.invoke(Method.java:568)
at org.testng.internal.invokers.MethodInvocationHelper.invokeMethod(MethodInvocationHelper.java:139)
at org.testng.internal.invokers.TestInvoker.invokeMethod(TestInvoker.java:664)
at org.testng.internal.invokers.TestInvoker.invokeTestMethod(TestInvoker.java:227)
at org.testng.internal.invokers.MethodRunner.runInSequence(MethodRunner.java:50)
at org.testng.internal.invokers.TestInvoker$MethodInvocationAgent.invoke(TestInvoker.java:957)
at org.testng.internal.invokers.TestInvoker.invokeTestMethods(TestInvoker.java:200)
at org.testng.internal.invokers.TestMethodWorker.invokeTestMethods(TestMethodWorker.java:148)
at org.testng.internal.invokers.TestMethodWorker.run(TestMethodWorker.java:128)
at java.base/java.util.ArrayList.forEach(ArrayList.java:1511)
at org.testng.TestRunner.privateRun(TestRunner.java:848)
at org.testng.TestRunner.run(TestRunner.java:621)
at org.testng.SuiteRunner.runTest(SuiteRunner.java:443)
at org.testng.SuiteRunner.runSequentially(SuiteRunner.java:437)
at org.testng.SuiteRunner.privateRun(SuiteRunner.java:397)
at org.testng.SuiteRunner.run(SuiteRunner.java:336)
at org.testng.SuiteRunnerWorker.runSuite(SuiteRunnerWorker.java:52)
at org.testng.SuiteRunnerWorker.run(SuiteRunnerWorker.java:95)
at org.testng.TestNG.runSuitesSequentially(TestNG.java:1280)
at org.testng.TestNG.runSuitesLocally(TestNG.java:1200)
at org.testng.TestNG.runSuites(TestNG.java:1114)
at org.testng.TestNG.run(TestNG.java:1082)
at org.testng.remote.AbstractRemoteTestNG.run(AbstractRemoteTestNG.java:115)
at org.testng.remote.RemoteTestNG.initAndRun(RemoteTestNG.java:251)
at org.testng.remote.RemoteTestNG.main(RemoteTestNG.java:77)
]]>
            </full-stacktrace>
          </exception> <!-- org.openqa.selenium.StaleElementReferenceException -->
          <reporter-output>
          </reporter-output>
        </test-method> <!-- verfiyLogoutUI -->
        <test-method is-config="true" signature="teardown()[pri:0, instance:tests.Logout@26abb146]" started-at="2026-05-18T22:37:15 IST" name="teardown" finished-at="2026-05-18T22:37:16 IST" duration-ms="391" status="PASS">
          <reporter-output>
          </reporter-output>
        </test-method> <!-- teardown -->
        <test-method is-config="true" signature="Setup()[pri:0, instance:tests.Logout@26abb146]" started-at="2026-05-18T22:37:16 IST" name="Setup" finished-at="2026-05-18T22:37:18 IST" duration-ms="2250" status="PASS">
          <reporter-output>
          </reporter-output>
        </test-method> <!-- Setup -->
        <test-method signature="VerfiyLogoutInAllsupportedEnvironments()[pri:9, instance:tests.Logout@26abb146]" started-at="2026-05-18T22:37:18 IST" name="VerfiyLogoutInAllsupportedEnvironments" finished-at="2026-05-18T22:37:20 IST" duration-ms="2043" status="FAIL">
          <exception class="org.openqa.selenium.StaleElementReferenceException">
            <message>
              <![CDATA[stale element reference: stale element not found
  (Session info: chrome=148.0.7778.168)
For documentation on this error, please visit: https://www.selenium.dev/documentation/webdriver/troubleshooting/errors#stale-element-reference-exception
Build info: version: '4.15.0', revision: '1d14b5521b'
System info: os.name: 'Windows 11', os.arch: 'amd64', os.version: '10.0', java.version: '17.0.5'
Driver info: org.openqa.selenium.chrome.ChromeDriver
Command: [d11bcf84d665ccf0c2c7e3aba3dce2fa, isElementDisplayed {id=f.7990C65F9F2C9C6550941B105560E36B.d.EE33737B8F44C1D0C7A379A1DC70A237.e.77}]
[...]
at org.testng.remote.RemoteTestNG.initAndRun(RemoteTestNG.java:251)
at org.testng.remote.RemoteTestNG.main(RemoteTestNG.java:77)
]]>
            </full-stacktrace>
          </exception> <!-- java.lang.AssertionError -->
          <reporter-output>
          </reporter-output>
        </test-method> <!-- VerifywhetherthePasswordfieldsintheRegisterAccountpagearefollowingPasswordComplexityStandards -->
        <test-method is-config="true" signature="teardown()[pri:0, instance:tests.Register@6f10d5b6]" started-at="2026-05-18T22:33:17 IST" name="teardown" finished-at="2026-05-18T22:33:17 IST" duration-ms="407" status="PASS">
          <reporter-output>
          </reporter-output>
        </test-method> <!-- teardown -->
        <test-method is-config="true" signature="setup()[pri:0, instance:tests.Register@6f10d5b6]" started-at="2026-05-18T22:33:17 IST" name="setup" finished-at="2026-05-18T22:33:20 IST" duration-ms="3119" status="PASS">
          <reporter-output>
          </reporter-output>
        </test-method> <!-- setup -->
        <test-method signature="VerifywhetherthePasswordfieldsintheRegisterAccountpagearefollowingPasswordComplexityStandards(java.lang.String)[pri:17, instance:tests.Register@6f10d5b6]" started-at="2026-05-18T22:33:20 IST" name="VerifywhetherthePasswordfieldsintheRegisterAccountpagearefollowingPasswordComplexityStandards" data-provider="passwordSupplier" finished-at="2026-05-18T22:33:26 IST" duration-ms="5735" status="FAIL">
          <params>
            <param index="0">
              <value>
                <![CDATA[abcd123$#]]>
              </value>
            </param>
          </params>
          <exception class="java.lang.AssertionError">
            <message>
              <![CDATA[expected [true] but found [false]]]>
            </message>
            <full-stacktrace>
              <![CDATA[java.lang.AssertionError: expected [true] but found [false]
at org.testng.Assert.fail(Assert.java:111)
at org.testng.Assert.failNotEquals(Assert.java:1578)
at org.testng.Assert.assertTrue(Assert.java:57)
at org.testng.Assert.assertTrue(Assert.java:67)
at tests.Register.VerifywhetherthePasswordfieldsintheRegisterAccountpagearefollowingPasswordComplexityStandards(Register.java:639)
at java.base/jdk.internal.reflect.NativeMethodAccessorImpl.invoke0(Native Method)
at java.base/jdk.internal.reflect.NativeMethodAccessorImpl.invoke(NativeMethodAccessorImpl.java:77)
at java.base/jdk.internal.reflect.DelegatingMethodAccessorImpl.invoke(DelegatingMethodAccessorImpl.java:43)
at java.base/java.lang.reflect.Method.invoke(Method.java:568)
at org.testng.internal.invokers.MethodInvocationHelper.invokeMethod(MethodInvocationHelper.java:139)
at org.testng.internal.invokers.TestInvoker.invokeMethod(TestInvoker.java:664)
at org.testng.internal.invokers.TestInvoker.invokeTestMethod(TestInvoker.java:227)
at org.testng.internal.invokers.MethodRunner.runInSequence(MethodRunner.java:50)
at org.testng.internal.invokers.TestInvoker$MethodInvocationAgent.invoke(TestInvoker.java:957)
at org.testng.internal.invokers.TestInvoker.invokeTestMethods(TestInvoker.java:200)
at org.testng.internal.invokers.TestMethodWorker.invokeTestMethods(TestMethodWorker.java:148)
at org.testng.internal.invokers.TestMethodWorker.run(TestMethodWorker.java:128)
at java.base/java.util.ArrayList.forEach(ArrayList.java:1511)
at org.testng.TestRunner.privateRun(TestRunner.java:848)
at org.testng.TestRunner.run(TestRunner.java:621)
at org.testng.SuiteRunner.runTest(SuiteRunner.java:443)
at org.testng.SuiteRunner.runSequentially(SuiteRunner.java:437)
at org.testng.SuiteRunner.privateRun(SuiteRunner.java:397)
at org.testng.SuiteRunner.run(SuiteRunner.java:336)
at org.testng.SuiteRunnerWorker.runSuite(SuiteRunnerWorker.java:52)
at org.testng.SuiteRunnerWorker.run(SuiteRunnerWorker.java:95)
at org.testng.TestNG.runSuitesSequentially(TestNG.java:1280)
at org.testng.TestNG.runSuitesLocally(TestNG.java:1200)
at org.testng.TestNG.runSuites(TestNG.java:1114)
at org.testng.TestNG.run(TestNG.java:1082)
at org.testng.remote.AbstractRemoteTestNG.run(AbstractRemoteTestNG.java:115)
at org.testng.remote.RemoteTestNG.initAndRun(RemoteTestNG.java:251)
at org.testng.remote.RemoteTestNG.main(RemoteTestNG.java:77)
]]>
            </full-stacktrace>
          </exception> <!-- java.lang.AssertionError -->
          <reporter-output>
          </reporter-output>
        </test-method> <!-- VerifywhetherthePasswordfieldsintheRegisterAccountpagearefollowingPasswordComplexityStandards -->
        <test-method is-config="true" signature="teardown()[pri:0, instance:tests.Register@6f10d5b6]" started-at="2026-05-18T22:33:26 IST" name="teardown" finished-at="2026-05-18T22:33:26 IST" duration-ms="419" status="PASS">
          <reporter-output>
          </reporter-output>
        </test-method> <!-- teardown -->
        <test-method is-config="true" signature="setup()[pri:0, instance:tests.Register@6f10d5b6]" started-at="2026-05-18T22:33:26 IST" name="setup" finished-at="2026-05-18T22:33:29 IST" duration-ms="3046" status="PASS">
          <reporter-output>
          </reporter-output>
        </test-method> <!-- setup -->
        <test-method signature="VerifyRegisterAccountByLeadingAndTralingSpaces()[pri:19, instance:tests.Register@6f10d5b6]" started-at="2026-05-18T22:33:29 IST" name="VerifyRegisterAccountByLeadingAndTralingSpaces" finished-at="2026-05-18T22:33:33 IST" duration-ms="3624" status="FAIL">
          <exception class="java.lang.AssertionError">
            <message>
              <![CDATA[The following asserts failed:
expected [arun] but found [     arun ],
expected [Motoori] but found [     Motoori ],
expected [1234567890] but found [   1234567890     ]]]>
            </message>
            <full-stacktrace>
              <![CDATA[java.lang.AssertionError: The following asserts failed:
expected [arun] but found [     arun ],
expected [Motoori] but found [     Motoori ],
expected [1234567890] but found [   1234567890     ]
at org.testng.asserts.SoftAssert.assertAll(SoftAssert.java:46)
at org.testng.asserts.SoftAssert.assertAll(SoftAssert.java:30)
at tests.Register.VerifyRegisterAccountByLeadingAndTralingSpaces(Register.java:748)
at java.base/jdk.internal.reflect.NativeMethodAccessorImpl.invoke0(Native Method)
at java.base/jdk.internal.reflect.NativeMethodAccessorImpl.invoke(NativeMethodAccessorImpl.java:77)
at java.base/jdk.internal.reflect.DelegatingMethodAccessorImpl.invoke(DelegatingMethodAccessorImpl.java:43)
at java.base/java.lang.reflect.Method.invoke(Method.java:568)
at org.testng.internal.invokers.MethodInvocationHelper.invokeMethod(MethodInvocationHelper.java:139)
at org.testng.internal.invokers.TestInvoker.invokeMethod(TestInvoker.java:664)
at org.testng.internal.invokers.TestInvoker.invokeTestMethod(TestInvoker.java:227)
at org.testng.internal.invokers.MethodRunner.runInSequence(MethodRunner.java:50)
at org.testng.internal.invokers.TestInvoker$MethodInvocationAgent.invoke(TestInvoker.java:957)
at org.testng.internal.invokers.TestInvoker.invokeTestMethods(TestInvoker.java:200)
at org.testng.internal.invokers.TestMethodWorker.invokeTestMethods(TestMethodWorker.java:148)
at org.testng.internal.invokers.TestMethodWorker.run(TestMethodWorker.java:128)
at java.base/java.util.ArrayList.forEach(ArrayList.java:1511)
at org.testng.TestRunner.privateRun(TestRunner.java:848)
at org.testng.TestRunner.run(TestRunner.java:621)
at org.testng.SuiteRunner.runTest(SuiteRunner.java:443)
at org.testng.SuiteRunner.runSequentially(SuiteRunner.java:437)
at org.testng.SuiteRunner.privateRun(SuiteRunner.java:397)
at org.testng.SuiteRunner.run(SuiteRunner.java:336)
at org.testng.SuiteRunnerWorker.runSuite(SuiteRunnerWorker.java:52)
at org.testng.SuiteRunnerWorker.run(SuiteRunnerWorker.java:95)
at org.testng.TestNG.runSuitesSequentially(TestNG.java:1280)
at org.testng.TestNG.runSuitesLocally(TestNG.java:1200)
at org.testng.TestNG.runSuites(TestNG.java:1114)
at org.testng.TestNG.run(TestNG.java:1082)
at org.testng.remote.AbstractRemoteTestNG.run(AbstractRemoteTestNG.java:115)
at org.testng.remote.RemoteTestNG.initAndRun(RemoteTestNG.java:251)
at org.testng.remote.RemoteTestNG.main(RemoteTestNG.java:77)
]]>
            </full-stacktrace>
          </exception> <!-- java.lang.AssertionError -->
          <reporter-output>
          </reporter-output>
        </test-method> <!-- VerifyRegisterAccountByLeadingAndTralingSpaces -->
        <test-method is-config="true" signature="teardown()[pri:0, instance:tests.Register@6f10d5b6]" started-at="2026-05-18T22:33:33 IST" name="teardown" finished-at="2026-05-18T22:33:34 IST" duration-ms="380" status="PASS">
          <reporter-output>
          </reporter-output>
        </test-method> <!-- teardown -->
        <test-method is-config="true" signature="setup()[pri:0, instance:tests.Register@6f10d5b6]" started-at="2026-05-18T22:33:34 IST" name="setup" finished-at="2026-05-18T22:33:37 IST" duration-ms="3145" status="PASS">
          <reporter-output>
          </reporter-output>
        </test-method> <!-- setup -->
        <test-method signature="VerifywhetherthePrivacyPolicycheckboxoptionisnotselectedbydefault()[pri:20, instance:tests.Register@6f10d5b6]" started-at="2026-05-18T22:33:37 IST" name="VerifywhetherthePrivacyPolicycheckboxoptionisnotselectedbydefault" finished-at="2026-05-18T22:33:37 IST" duration-ms="53" status="PASS">
          <reporter-output>
          </reporter-output>
        </test-method> <!-- VerifywhetherthePrivacyPolicycheckboxoptionisnotselectedbydefault -->
        <test-method is-config="true" signature="teardown()[pri:0, instance:tests.Register@6f10d5b6]" started-at="2026-05-18T22:33:37 IST" name="teardown" finished-at="2026-05-18T22:33:37 IST" duration-ms="431" status="PASS">
          <reporter-output>
          </reporter-output>
        </test-method> <!-- teardown -->
        <test-method is-config="true" signature="setup()[pri:0, instance:tests.Register@6f10d5b6]" started-at="2026-05-18T22:33:37 IST" name="setup" finished-at="2026-05-18T22:33:40 IST" duration-ms="3217" status="PASS">
          <reporter-output>
          </reporter-output>
        </test-method> <!-- setup -->
        <test-method signature="VerifyRegisteringtheAccountwithoutselectingthePrivacyPolicycheckboxoption()[pri:21, instance:tests.Register@6f10d5b6]" started-at="2026-05-18T22:33:40 IST" name="VerifyRegisteringtheAccountwithoutselectingthePrivacyPolicycheckboxoption" finished-at="2026-05-18T22:33:43 IST" duration-ms="2229" status="PASS">
          <reporter-output>
          </reporter-output>
        </test-method> <!-- VerifyRegisteringtheAccountwithoutselectingthePrivacyPolicycheckboxoption -->
        <test-method is-config="true" signature="teardown()[pri:0, instance:tests.Register@6f10d5b6]" started-at="2026-05-18T22:33:43 IST" name="teardown" finished-at="2026-05-18T22:33:43 IST" duration-ms="356" status="PASS">
          <reporter-output>
          </reporter-output>
        </test-method> <!-- teardown -->
        <test-method is-config="true" signature="setup()[pri:0, instance:tests.Register@6f10d5b6]" started-at="2026-05-18T22:33:43 IST" name="setup" finished-at="2026-05-18T22:33:46 IST" duration-ms="3174" status="PASS">
          <reporter-output>
          </reporter-output>
        </test-method> <!-- setup -->
        <test-method signature="verifypasswordandpasswordconfirmtoggleishiddenstate()[pri:22, instance:tests.Register@6f10d5b6]" started-at="2026-05-18T22:33:46 IST" name="verifypasswordandpasswordconfirmtoggleishiddenstate" finished-at="2026-05-18T22:33:46 IST" duration-ms="57" status="PASS">
          <reporter-output>
          </reporter-output>
        </test-method> <!-- verifypasswordandpasswordconfirmtoggleishiddenstate -->
        <test-method is-config="true" signature="teardown()[pri:0, instance:tests.Register@6f10d5b6]" started-at="2026-05-18T22:33:46 IST" name="teardown" finished-at="2026-05-18T22:33:47 IST" duration-ms="430" status="PASS">
          <reporter-output>
          </reporter-output>
        </test-method> <!-- teardown -->
        <test-method is-config="true" signature="setup()[pri:0, instance:tests.Register@6f10d5b6]" started-at="2026-05-18T22:33:47 IST" name="setup" finished-at="2026-05-18T22:33:50 IST" duration-ms="3571" status="PASS">
          <reporter-output>
          </reporter-output>
        </test-method> <!-- setup -->
        <test-method signature="verifynavigatingtotheotherpagesusingoptionslinks()[pri:23, instance:tests.Register@6f10d5b6]" started-at="2026-05-18T22:33:50 IST" name="verifynavigatingtotheotherpagesusingoptionslinks" finished-at="2026-05-18T22:34:10 IST" duration-ms="19476" status="PASS">
          <reporter-output>
          </reporter-output>
        </test-method> <!-- verifynavigatingtotheotherpagesusingoptionslinks -->
        <test-method is-config="true" signature="teardown()[pri:0, instance:tests.Register@6f10d5b6]" started-at="2026-05-18T22:34:10 IST" name="teardown" finished-at="2026-05-18T22:34:10 IST" duration-ms="384" status="PASS">
          <reporter-output>
          </reporter-output>
        </test-method> <!-- teardown -->
        <test-method is-config="true" signature="setup()[pri:0, instance:tests.Register@6f10d5b6]" started-at="2026-05-18T22:34:10 IST" name="setup" finished-at="2026-05-18T22:34:13 IST" duration-ms="3202" status="PASS">
          <reporter-output>
          </reporter-output>
        </test-method> <!-- setup -->
        <test-method signature="verifywhenuserwillnotpasswordconfirm()[pri:24, instance:tests.Register@6f10d5b6]" started-at="2026-05-18T22:34:13 IST" name="verifywhenuserwillnotpasswordconfirm" finished-at="2026-05-18T22:34:16 IST" duration-ms="2278" status="PASS">
          <reporter-output>
          </reporter-output>
        </test-method> <!-- verifywhenuserwillnotpasswordconfirm -->
        <test-method is-config="true" signature="teardown()[pri:0, instance:tests.Register@6f10d5b6]" started-at="2026-05-18T22:34:16 IST" name="teardown" finished-at="2026-05-18T22:34:16 IST" duration-ms="352" status="PASS">
          <reporter-output>
          </reporter-output>
        </test-method> <!-- teardown -->
        <test-method is-config="true" signature="setup()[pri:0, instance:tests.Register@6f10d5b6]" started-at="2026-05-18T22:34:16 IST" name="setup" finished-at="2026-05-18T22:34:19 IST" duration-ms="2934" status="PASS">
          <reporter-output>
          </reporter-output>
        </test-method> <!-- setup -->
        <test-method signature="VerifytheBreadcrumbPageHeadingPageURLPageTitleofRegisterAccountPage()[pri:25, instance:tests.Register@6f10d5b6]" started-at="2026-05-18T22:34:19 IST" name="VerifytheBreadcrumbPageHeadingPageURLPageTitleofRegisterAccountPage" finished-at="2026-05-18T22:34:19 IST" duration-ms="117" status="PASS">
          <reporter-output>
          </reporter-output>
        </test-method> <!-- VerifytheBreadcrumbPageHeadingPageURLPageTitleofRegisterAccountPage -->
        <test-method is-config="true" signature="teardown()[pri:0, instance:tests.Register@6f10d5b6]" started-at="2026-05-18T22:34:19 IST" name="teardown" finished-at="2026-05-18T22:34:20 IST" duration-ms="727" status="PASS">
          <reporter-output>
          </reporter-output>
        </test-method> <!-- teardown -->
        <test-method is-config="true" signature="setup()[pri:0, instance:tests.Register@6f10d5b6]" started-at="2026-05-18T22:34:20 IST" name="setup" finished-at="2026-05-18T22:34:23 IST" duration-ms="2920" status="PASS">
          <reporter-output>
          </reporter-output>
        </test-method> <!-- setup -->
        <test-method signature="verifyUIofRegisterAccountPage()[pri:26, instance:tests.Register@6f10d5b6]" started-at="2026-05-18T22:34:23 IST" name="verifyUIofRegisterAccountPage" finished-at="2026-05-18T22:34:23 IST" duration-ms="166" status="FAIL">
          <exception class="java.lang.NullPointerException">
            <full-stacktrace>
              <![CDATA[java.lang.NullPointerException
at java.base/java.io.File.<init>(File.java:278)
at utilities.CommonUtilities.scrennshots(CommonUtilities.java:69)
at tests.Register.verifyUIofRegisterAccountPage(Register.java:1013)
at java.base/jdk.internal.reflect.NativeMethodAccessorImpl.invoke0(Native Method)
at java.base/jdk.internal.reflect.NativeMethodAccessorImpl.invoke(NativeMethodAccessorImpl.java:77)
at java.base/jdk.internal.reflect.DelegatingMethodAccessorImpl.invoke(DelegatingMethodAccessorImpl.java:43)
at java.base/java.lang.reflect.Method.invoke(Method.java:568)
at org.testng.internal.invokers.MethodInvocationHelper.invokeMethod(MethodInvocationHelper.java:139)
at org.testng.internal.invokers.TestInvoker.invokeMethod(TestInvoker.java:664)
at org.testng.internal.invokers.TestInvoker.invokeTestMethod(TestInvoker.java:227)
at org.testng.internal.invokers.MethodRunner.runInSequence(MethodRunner.java:50)
at org.testng.internal.invokers.TestInvoker$MethodInvocationAgent.invoke(TestInvoker.java:957)
at org.testng.internal.invokers.TestInvoker.invokeTestMethods(TestInvoker.java:200)
at org.testng.internal.invokers.TestMethodWorker.invokeTestMethods(TestMethodWorker.java:148)
at org.testng.internal.invokers.TestMethodWorker.run(TestMethodWorker.java:128)
at java.base/java.util.ArrayList.forEach(ArrayList.java:1511)
at org.testng.TestRunner.privateRun(TestRunner.java:848)
at org.testng.TestRunner.run(TestRunner.java:621)
at org.testng.SuiteRunner.runTest(SuiteRunner.java:443)
at org.testng.SuiteRunner.runSequentially(SuiteRunner.java:437)
at org.testng.SuiteRunner.privateRun(SuiteRunner.java:397)
at org.testng.SuiteRunner.run(SuiteRunner.java:336)
at org.testng.SuiteRunnerWorker.runSuite(SuiteRunnerWorker.java:52)
at org.testng.SuiteRunnerWorker.run(SuiteRunnerWorker.java:95)
at org.testng.TestNG.runSuitesSequentially(TestNG.java:1280)
at org.testng.TestNG.runSuitesLocally(TestNG.java:1200)
at org.testng.TestNG.runSuites(TestNG.java:1114)
at org.testng.TestNG.run(TestNG.java:1082)
at org.testng.remote.AbstractRemoteTestNG.run(AbstractRemoteTestNG.java:115)
at org.testng.remote.RemoteTestNG.initAndRun(RemoteTestNG.java:251)
at org.testng.remote.RemoteTestNG.main(RemoteTestNG.java:77)
]]>
            </full-stacktrace>
          </exception> <!-- java.lang.NullPointerException -->
          <reporter-output>
          </reporter-output>
        </test-method> <!-- verifyUIofRegisterAccountPage -->
        <test-method is-config="true" signature="teardown()[pri:0, instance:tests.Register@6f10d5b6]" started-at="2026-05-18T22:34:23 IST" name="teardown" finished-at="2026-05-18T22:34:23 IST" duration-ms="430" status="PASS">
          <reporter-output>
          </reporter-output>
        </test-method> <!-- teardown -->
        <test-method is-config="true" signature="setup()[pri:0, instance:tests.Register@6f10d5b6]" started-at="2026-05-18T22:34:23 IST" name="setup" finished-at="2026-05-18T22:34:26 IST" duration-ms="3099" status="PASS">
          <reporter-output>
          </reporter-output>
        </test-method> <!-- setup -->
        <test-method signature="VerifyRegisterAccountfunctionalityinallthesupportedenvironments()[pri:27, instance:tests.Register@6f10d5b6]" started-at="2026-05-18T22:34:26 IST" name="VerifyRegisterAccountfunctionalityinallthesupportedenvironments" finished-at="2026-05-18T22:34:29 IST" duration-ms="2724" status="PASS">
          <reporter-output>
          </reporter-output>
        </test-method> <!-- VerifyRegisterAccountfunctionalityinallthesupportedenvironments -->
        <test-method is-config="true" signature="teardown()[pri:0, instance:tests.Register@6f10d5b6]" started-at="2026-05-18T22:34:29 IST" name="teardown" finished-at="2026-05-18T22:34:29 IST" duration-ms="383" status="PASS">
          <reporter-output>
          </reporter-output>
        </test-method> <!-- teardown -->
      </class> <!-- tests.Register -->
    </test> <!-- Test -->
  </suite> <!-- Suite -->
</testng-results>
